Current configuration:
[NAME]		[DEFLT]	[VALUE]
-allphones	no	no
-example	no	no
-help		no	no
-itreedir		./trees/diadiem.unpruned
-minocc		0.0	0.000000e+00
-moddeffn		./model_architecture/diadiem.alltriphones.mdef
-nseno			200
-otreedir		./trees/diadiem.200
-psetfn			./model_architecture/diadiem.tree_questions

INFO: main.c(76): Reading: ./model_architecture/diadiem.alltriphones.mdef
INFO: model_def_io.c(573): Model definition info:
INFO: model_def_io.c(574): 415 total models defined (23 base, 392 tri)
INFO: model_def_io.c(575): 1660 total states
INFO: model_def_io.c(576): 1245 total tied states
INFO: model_def_io.c(577): 69 total tied CI states
INFO: model_def_io.c(578): 23 total tied transition matrices
INFO: model_def_io.c(579): 4 max state/model
INFO: model_def_io.c(580): 4 min state/model
INFO: main.c(82): Reading: ./model_architecture/diadiem.tree_questions
INFO: main.c(185): a-0	10 [0 < 0.000000e+00]
INFO: main.c(185): a-1	10 [0 < 0.000000e+00]
INFO: main.c(185): a-2	10 [0 < 0.000000e+00]
INFO: main.c(185): c-0	2 [0 < 0.000000e+00]
INFO: main.c(185): c-1	2 [0 < 0.000000e+00]
INFO: main.c(185): c-2	2 [0 < 0.000000e+00]
INFO: main.c(185): d-0	2 [0 < 0.000000e+00]
INFO: main.c(185): d-1	2 [0 < 0.000000e+00]
INFO: main.c(185): d-2	2 [0 < 0.000000e+00]
INFO: main.c(185): e-0	5 [0 < 0.000000e+00]
INFO: main.c(185): e-1	5 [0 < 0.000000e+00]
INFO: main.c(185): e-2	5 [0 < 0.000000e+00]
INFO: main.c(185): f-0	1 [0 < 0.000000e+00]
INFO: main.c(185): f-1	1 [0 < 0.000000e+00]
INFO: main.c(185): f-2	1 [0 < 0.000000e+00]
INFO: main.c(185): g-0	1 [0 < 0.000000e+00]
INFO: main.c(185): g-1	1 [0 < 0.000000e+00]
INFO: main.c(185): g-2	1 [0 < 0.000000e+00]
INFO: main.c(185): h-0	4 [0 < 0.000000e+00]
INFO: main.c(185): h-1	4 [0 < 0.000000e+00]
INFO: main.c(185): h-2	4 [0 < 0.000000e+00]
INFO: main.c(185): i-0	1 [0 < 0.000000e+00]
INFO: main.c(185): i-1	1 [0 < 0.000000e+00]
INFO: main.c(185): i-2	1 [0 < 0.000000e+00]
INFO: main.c(185): j-0	3 [0 < 0.000000e+00]
INFO: main.c(185): j-1	3 [0 < 0.000000e+00]
INFO: main.c(185): j-2	3 [0 < 0.000000e+00]
INFO: main.c(185): k-0	3 [0 < 0.000000e+00]
INFO: main.c(185): k-1	3 [0 < 0.000000e+00]
INFO: main.c(185): k-2	3 [0 < 0.000000e+00]
INFO: main.c(185): l-0	1 [0 < 0.000000e+00]
INFO: main.c(185): l-1	1 [0 < 0.000000e+00]
INFO: main.c(185): l-2	1 [0 < 0.000000e+00]
INFO: main.c(185): m-0	3 [0 < 0.000000e+00]
INFO: main.c(185): m-1	3 [0 < 0.000000e+00]
INFO: main.c(185): m-2	3 [0 < 0.000000e+00]
INFO: main.c(185): n-0	3 [0 < 0.000000e+00]
INFO: main.c(185): n-1	3 [0 < 0.000000e+00]
INFO: main.c(185): n-2	3 [0 < 0.000000e+00]
INFO: main.c(185): o-0	4 [0 < 0.000000e+00]
INFO: main.c(185): o-1	4 [0 < 0.000000e+00]
INFO: main.c(185): o-2	4 [0 < 0.000000e+00]
INFO: main.c(185): p-0	1 [0 < 0.000000e+00]
INFO: main.c(185): p-1	1 [0 < 0.000000e+00]
INFO: main.c(185): p-2	1 [0 < 0.000000e+00]
INFO: main.c(185): r-0	4 [0 < 0.000000e+00]
INFO: main.c(185): r-1	4 [0 < 0.000000e+00]
INFO: main.c(185): r-2	4 [0 < 0.000000e+00]
INFO: main.c(185): s-0	4 [0 < 0.000000e+00]
INFO: main.c(185): s-1	4 [0 < 0.000000e+00]
INFO: main.c(185): s-2	4 [0 < 0.000000e+00]
INFO: main.c(185): t-0	3 [0 < 0.000000e+00]
INFO: main.c(185): t-1	3 [0 < 0.000000e+00]
INFO: main.c(185): t-2	3 [0 < 0.000000e+00]
INFO: main.c(185): u-0	1 [0 < 0.000000e+00]
INFO: main.c(185): u-1	1 [0 < 0.000000e+00]
INFO: main.c(185): u-2	1 [0 < 0.000000e+00]
INFO: main.c(185): w-0	1 [0 < 0.000000e+00]
INFO: main.c(185): w-1	1 [0 < 0.000000e+00]
INFO: main.c(185): w-2	1 [0 < 0.000000e+00]
INFO: main.c(185): x-0	1 [0 < 0.000000e+00]
INFO: main.c(185): x-1	1 [0 < 0.000000e+00]
INFO: main.c(185): x-2	1 [0 < 0.000000e+00]
INFO: main.c(185): y-0	1 [0 < 0.000000e+00]
INFO: main.c(185): y-1	1 [0 < 0.000000e+00]
INFO: main.c(185): y-2	1 [0 < 0.000000e+00]
INFO: main.c(270): Prior to pruning n_seno= 177
WARN: "main.c", line 275: n_seno_wanted= 200, but only 177 defined by trees
INFO: main.c(278): n_twig= 55
INFO: main.c(386): a-0	19
INFO: main.c(386): a-1	19
INFO: main.c(386): a-2	19
INFO: main.c(386): c-0	3
INFO: main.c(386): c-1	3
INFO: main.c(386): c-2	3
INFO: main.c(386): d-0	3
INFO: main.c(386): d-1	3
INFO: main.c(386): d-2	3
INFO: main.c(386): e-0	9
INFO: main.c(386): e-1	9
INFO: main.c(386): e-2	9
INFO: main.c(386): f-0	1
INFO: main.c(386): f-1	1
INFO: main.c(386): f-2	1
INFO: main.c(386): g-0	1
INFO: main.c(386): g-1	1
INFO: main.c(386): g-2	1
INFO: main.c(386): h-0	7
INFO: main.c(386): h-1	7
INFO: main.c(386): h-2	7
INFO: main.c(386): i-0	1
INFO: main.c(386): i-1	1
INFO: main.c(386): i-2	1
INFO: main.c(386): j-0	5
INFO: main.c(386): j-1	5
INFO: main.c(386): j-2	5
INFO: main.c(386): k-0	5
INFO: main.c(386): k-1	5
INFO: main.c(386): k-2	5
INFO: main.c(386): l-0	1
INFO: main.c(386): l-1	1
INFO: main.c(386): l-2	1
INFO: main.c(386): m-0	5
INFO: main.c(386): m-1	5
INFO: main.c(386): m-2	5
INFO: main.c(386): n-0	5
INFO: main.c(386): n-1	5
INFO: main.c(386): n-2	5
INFO: main.c(386): o-0	7
INFO: main.c(386): o-1	7
INFO: main.c(386): o-2	7
INFO: main.c(386): p-0	1
INFO: main.c(386): p-1	1
INFO: main.c(386): p-2	1
INFO: main.c(386): r-0	7
INFO: main.c(386): r-1	7
INFO: main.c(386): r-2	7
INFO: main.c(386): s-0	7
INFO: main.c(386): s-1	7
INFO: main.c(386): s-2	7
INFO: main.c(386): t-0	5
INFO: main.c(386): t-1	5
INFO: main.c(386): t-2	5
INFO: main.c(386): u-0	1
INFO: main.c(386): u-1	1
INFO: main.c(386): u-2	1
INFO: main.c(386): w-0	1
INFO: main.c(386): w-1	1
INFO: main.c(386): w-2	1
INFO: main.c(386): x-0	1
INFO: main.c(386): x-1	1
INFO: main.c(386): x-2	1
INFO: main.c(386): y-0	1
INFO: main.c(386): y-1	1
INFO: main.c(386): y-2	1
Thu Jan  4 15:58:37 2018
