Current configuration:
[NAME]		[DEFLT]	[VALUE]
-allphones	no	no
-cntthresh	0.00001	1.000000e-05
-csplitmax	100	2000
-csplitmin	1	1
-csplitthr	8e-4	0.000000e+00
-example	no	no
-fullvar	no	no
-help		no	no
-meanfn			./model_parameters/tmp.cd_cont_untied/means
-mixwfn			./model_parameters/tmp.cd_cont_untied/mixture_weights
-moddeffn		./model_architecture/tmp.untied.mdef
-mwfloor	1e-4	1.000000e-08
-phone			e
-psetfn			./model_architecture/tmp.tree_questions
-ssplitmax	5	7
-ssplitmin	1	1
-ssplitthr	8e-4	0.000000e+00
-state			0
-stwt			1.0,0.05,0.0,
-treefn			./trees/tmp.unpruned/e-0.dtree
-ts2cbfn	.semi.	.cont.
-varfloor	0.00001	1.000000e-05
-varfn			./model_parameters/tmp.cd_cont_untied/variances

INFO: main.c(223): Reading: ./model_architecture/tmp.untied.mdef
INFO: model_def_io.c(573): Model definition info:
INFO: model_def_io.c(574): 82 total models defined (23 base, 59 tri)
INFO: model_def_io.c(575): 328 total states
INFO: model_def_io.c(576): 246 total tied states
INFO: model_def_io.c(577): 69 total tied CI states
INFO: model_def_io.c(578): 23 total tied transition matrices
INFO: model_def_io.c(579): 4 max state/model
INFO: model_def_io.c(580): 4 min state/model
INFO: main.c(242): Building trees for [e e SIL e] through [e t e i]
INFO: main.c(269): Covering states |[111 125]| == 15
INFO: main.c(275): Reading: ./model_parameters/tmp.cd_cont_untied/mixture_weights
INFO: s3mixw_io.c(173): Read ./model_parameters/tmp.cd_cont_untied/mixture_weights [15x1x1 array]
INFO: main.c(311): 5 of 5 models have observation count greater than 0.000010
INFO: main.c(95): nrm stwt: 0.952 0.048 0.000 
INFO: s3gau_io.c(169): Read ./model_parameters/tmp.cd_cont_untied/means [246x1x1 array]
INFO: s3gau_io.c(169): Read ./model_parameters/tmp.cd_cont_untied/variances [246x1x1 array]
INFO: main.c(549): Reading: ./model_architecture/tmp.tree_questions
INFO: main.c(588): 180 total simple questions (172 phone; 8 word bndry)
INFO: main.c(590): 42 Left Only questions, and 42 Right Only questions
INFO: dtree.c(1439): stop. leaf nodes are specific
INFO: dtree.c(1478): Final simple tree
|( QUESTION0 -1 -2.318e+06 1.208e+04 9.857e+03
|    ( WDBNDRY_E 0 -8.557e+05 6.320e+02 3.672e+03
|        ( - -4.722e+05 1 0)
|        ( - -3.829e+05 1 0))
|    ( WDBNDRY_E 0 -1.451e+06 2.923e+03 6.185e+03
|        ( - -3.782e+05 1 0)
|        ( QUESTION11 -1 -1.069e+06 5.566e+03 4.707e+03
|            ( - -4.432e+05 1 0)
|            ( - -6.207e+05 1 0))))
s>    ( QUESTION0 -1 -2.318e+06 1.208e+04 9.857e+03
s>        ( WDBNDRY_E 0 -8.557e+05 6.320e+02 3.672e+03
s>            ( - -4.722e+05 1 0)
s>            ( - -3.829e+05 1 0))
s>        ( WDBNDRY_E 0 -1.451e+06 2.923e+03 6.185e+03
s>            ( - -3.782e+05 1 0)
s>            ( QUESTION11 -1 -1.069e+06 5.566e+03 4.707e+03
s>                ( - -4.432e+05 1 0)
s>                ( - -6.207e+05 1 0))))INFO: dtree.c(1315): Comp split 0
INFO: dtree.c(1439): stop. leaf nodes are specific
INFO: dtree.c(1478): Final simple tree
|( WDBNDRY_E 0 -1.451e+06 2.923e+03 6.185e+03
|    ( - -3.782e+05 1 0)
|    ( QUESTION11 -1 -1.069e+06 5.566e+03 4.707e+03
|        ( - -4.432e+05 1 0)
|        ( - -6.207e+05 1 0)))
s>    ( WDBNDRY_E 0 -1.451e+06 2.923e+03 6.185e+03
s>        ( - -3.782e+05 1 0)
s>        ( QUESTION11 -1 -1.069e+06 5.566e+03 4.707e+03
s>            ( - -4.432e+05 1 0)
s>            ( - -6.207e+05 1 0)))INFO: dtree.c(1439): stop. leaf nodes are specific
INFO: dtree.c(1478): Final simple tree
|( WDBNDRY_E 0 -8.557e+05 6.320e+02 3.672e+03
|    ( - -4.722e+05 1 0)
|    ( - -3.829e+05 1 0))
s>    ( WDBNDRY_E 0 -8.557e+05 6.320e+02 3.672e+03
s>        ( - -4.722e+05 1 0)
s>        ( - -3.829e+05 1 0))INFO: dtree.c(1315): Comp split 1
INFO: dtree.c(1439): stop. leaf nodes are specific
INFO: dtree.c(1478): Final simple tree
|( WDBNDRY_E 0 -8.222e+05 8.516e+02 3.364e+03
|    ( - -3.782e+05 1 0)
|    ( - -4.432e+05 1 0))
s>    ( WDBNDRY_E 0 -8.222e+05 8.516e+02 3.364e+03
s>        ( - -3.782e+05 1 0)
s>        ( - -4.432e+05 1 0))INFO: dtree.c(1315): Comp split 2
INFO: dtree.c(1315): Comp split 3
INFO: dtree.c(1315): Comp split 4
INFO: dtree.c(1318): stop. leaf nodes are specific
Fri Jan  5 10:29:56 2018
