Current configuration:
[NAME]		[DEFLT]	[VALUE]
-dcountfn		/home/rain/PycharmProjects/underthesea/automatic_speech_recognition/experiment/diadiem/model_parameters/diadiem.cd_cont_200/mixture_weights
-example	no	no
-fullvar	no	no
-help		no	no
-inmeanfn		/home/rain/PycharmProjects/underthesea/automatic_speech_recognition/experiment/diadiem/model_parameters/diadiem.cd_cont_200/means
-inmixwfn		/home/rain/PycharmProjects/underthesea/automatic_speech_recognition/experiment/diadiem/model_parameters/diadiem.cd_cont_200/mixture_weights
-invarfn		/home/rain/PycharmProjects/underthesea/automatic_speech_recognition/experiment/diadiem/model_parameters/diadiem.cd_cont_200/variances
-ninc		1	4
-outmeanfn		/home/rain/PycharmProjects/underthesea/automatic_speech_recognition/experiment/diadiem/model_parameters/diadiem.cd_cont_initial/means
-outmixwfn		/home/rain/PycharmProjects/underthesea/automatic_speech_recognition/experiment/diadiem/model_parameters/diadiem.cd_cont_initial/mixture_weights
-outvarfn		/home/rain/PycharmProjects/underthesea/automatic_speech_recognition/experiment/diadiem/model_parameters/diadiem.cd_cont_initial/variances

INFO: main.c(86): Reading mixing weight file /home/rain/PycharmProjects/underthesea/automatic_speech_recognition/experiment/diadiem/model_parameters/diadiem.cd_cont_200/mixture_weights.
INFO: s3mixw_io.c(117): Read /home/rain/PycharmProjects/underthesea/automatic_speech_recognition/experiment/diadiem/model_parameters/diadiem.cd_cont_200/mixture_weights [246x1x4 array]
INFO: s3gau_io.c(169): Read /home/rain/PycharmProjects/underthesea/automatic_speech_recognition/experiment/diadiem/model_parameters/diadiem.cd_cont_200/means [246x1x4 array]
INFO: s3gau_io.c(169): Read /home/rain/PycharmProjects/underthesea/automatic_speech_recognition/experiment/diadiem/model_parameters/diadiem.cd_cont_200/variances [246x1x4 array]
INFO: s3gau_io.c(553): Read /home/rain/PycharmProjects/underthesea/automatic_speech_recognition/experiment/diadiem/model_parameters/diadiem.cd_cont_200/mixture_weights [246x1x4 array]
INFO: main.c(151): output n_density == 8
0:1(1.15e+04)3(9.28e+03)2(8.25e+03)0(6.89e+03)
1:1(1.05e+04)3(8.98e+03)2(7.79e+03)0(6.26e+03)
2:1(1.17e+04)2(1.14e+04)3(1.01e+04)0(6.71e+03)
3:2(5.91e+03)0(3.95e+03)1(3.88e+03)3(3.79e+03)
4:1(5.84e+03)3(4.27e+03)2(3.12e+03)0(2.44e+03)
5:2(7.68e+03)1(5.67e+03)0(4.65e+03)3(3.82e+03)
6:0(9.08e+02)2(8.75e+02)1(7.67e+02)3(7.41e+02)
7:1(1.06e+03)3(1.04e+03)2(8.03e+02)0(4.77e+02)
8:0(1.50e+03)2(1.49e+03)3(1.31e+03)1(1.08e+03)
9:2(2.74e+03)1(2.42e+03)0(1.76e+03)3(1.52e+03)
10:1(2.17e+03)2(2.12e+03)3(2.11e+03)0(1.78e+03)
11:3(1.83e+03)1(1.75e+03)2(1.58e+03)0(1.57e+03)
12:1(3.27e+03)3(2.66e+03)2(2.13e+03)0(1.26e+03)
13:2(4.51e+03)1(4.26e+03)0(3.34e+03)3(3.26e+03)
14:2(7.89e+03)1(7.21e+03)0(5.87e+03)3(5.09e+03)
15:1(4.19e+02)2(4.03e+02)3(3.30e+02)0(2.30e+02)
16:2(3.57e+02)1(3.36e+02)3(3.36e+02)0(3.25e+02)
17:2(4.71e+02)1(4.18e+02)0(3.42e+02)3(2.45e+02)
18:1(1.18e+04)2(9.25e+03)3(6.54e+03)0(5.27e+03)
19:2(4.63e+03)1(4.42e+03)3(3.09e+03)0(3.07e+03)
20:3(5.19e+03)1(5.10e+03)2(3.46e+03)0(3.38e+03)
21:2(3.44e+03)0(3.40e+03)1(3.23e+03)3(1.17e+03)
22:3(1.98e+03)0(1.89e+03)2(1.87e+03)1(1.51e+03)
23:1(1.92e+03)0(1.38e+03)3(1.25e+03)2(9.87e+02)
24:3(9.90e+02)1(8.93e+02)2(6.66e+02)0(6.09e+02)
25:3(9.63e+02)1(9.46e+02)2(7.19e+02)0(6.52e+02)
26:1(1.08e+03)3(1.07e+03)2(7.62e+02)0(6.84e+02)
27:2(1.85e+03)1(1.84e+03)3(8.66e+02)0(8.11e+02)
28:1(1.14e+03)2(8.27e+02)3(6.28e+02)0(6.06e+02)
29:0(2.87e+03)2(2.84e+03)3(6.32e+02)1(6.26e+02)
30:1(4.26e+03)2(3.68e+03)3(2.26e+03)0(1.73e+03)
31:3(2.07e+03)1(1.39e+03)0(1.29e+03)2(1.18e+03)
32:2(3.74e+03)0(2.42e+03)3(7.85e+02)1(5.67e+02)
33:1(3.24e+02)2(2.39e+02)3(2.07e+02)0(1.86e+02)
34:1(3.35e+02)2(2.96e+02)3(2.86e+02)0(2.12e+02)
35:2(2.96e+02)1(2.74e+02)0(2.48e+02)3(2.14e+02)
36:3(1.66e+03)0(1.52e+03)2(1.10e+03)1(9.04e+02)
37:3(1.77e+03)0(1.15e+03)2(1.12e+03)1(7.40e+02)
38:0(1.46e+03)3(8.70e+02)1(8.61e+02)2(4.50e+02)
39:2(4.69e+03)0(3.61e+03)1(2.99e+03)3(2.17e+03)
40:3(6.02e+03)1(5.91e+03)2(4.28e+03)0(4.11e+03)
41:2(7.20e+03)1(5.60e+03)0(5.15e+03)3(3.75e+03)
42:2(3.20e+03)0(1.90e+03)3(1.09e+03)1(1.00e+03)
43:1(3.61e+03)2(3.38e+03)3(1.98e+03)0(1.34e+03)
44:0(3.29e+03)3(2.63e+03)1(2.44e+03)2(1.35e+03)
45:3(5.96e+02)2(5.84e+02)0(5.71e+02)1(5.25e+02)
46:1(7.55e+02)2(6.78e+02)0(6.63e+02)3(6.40e+02)
47:3(5.62e+02)0(5.10e+02)2(5.00e+02)1(4.46e+02)
48:2(2.66e+03)0(1.86e+03)1(1.85e+03)3(1.36e+03)
49:1(2.17e+03)2(1.66e+03)3(1.11e+03)0(8.75e+02)
50:1(2.24e+03)0(1.92e+03)2(1.73e+03)3(1.42e+03)
51:3(2.49e+03)1(1.76e+03)2(1.56e+03)0(1.35e+03)
52:1(3.54e+03)2(2.71e+03)3(2.23e+03)0(1.62e+03)
53:2(2.11e+03)1(1.07e+03)3(1.07e+03)0(9.87e+02)
54:1(1.94e+03)2(1.89e+03)0(7.11e+02)3(5.72e+02)
55:2(1.88e+03)1(1.72e+03)3(6.22e+02)0(3.39e+02)
56:1(2.59e+03)2(1.88e+03)3(1.40e+03)0(6.63e+02)
57:0(9.72e+02)2(7.46e+02)1(7.14e+02)3(4.95e+02)
58:2(1.25e+03)0(9.64e+02)1(5.55e+02)3(5.31e+02)
59:2(1.92e+03)0(1.73e+03)1(9.72e+02)3(8.27e+02)
60:2(4.60e+02)1(4.40e+02)0(3.77e+02)3(3.76e+02)
61:0(8.71e+02)1(8.09e+02)2(7.31e+02)3(7.25e+02)
62:0(5.11e+02)2(3.82e+02)3(3.65e+02)1(3.54e+02)
63:1(1.90e+03)3(1.80e+03)0(1.45e+03)2(1.35e+03)
64:2(1.75e+03)1(1.39e+03)3(1.16e+03)0(9.88e+02)
65:1(1.64e+03)3(1.55e+03)2(1.11e+03)0(9.97e+02)
66:3(8.30e+02)1(7.49e+02)2(7.16e+02)0(6.39e+02)
67:0(7.81e+02)2(7.51e+02)1(6.34e+02)3(5.40e+02)
68:2(3.15e+02)1(3.12e+02)3(2.20e+02)0(2.09e+02)
69:0(3.91e+02)2(2.97e+02)3(1.86e+02)1(1.56e+02)
70:3(2.58e+02)1(1.68e+02)2(1.35e+02)0(7.35e+01)
71:0(5.17e+02)2(4.68e+02)1(4.39e+02)3(3.78e+02)
72:1(5.62e+02)2(4.75e+02)0(4.03e+02)3(3.51e+02)
73:1(2.45e+02)2(2.33e+02)3(2.20e+02)0(1.60e+02)
74:2(3.77e+02)0(2.52e+02)3(1.76e+02)1(1.75e+02)
75:1(1.10e+03)3(8.81e+02)2(8.12e+02)0(6.96e+02)
76:1(6.75e+02)2(5.36e+02)3(3.78e+02)0(3.65e+02)
77:2(1.39e+03)1(1.25e+03)3(7.08e+02)0(5.99e+02)
78:2(3.39e+02)1(2.54e+02)0(2.52e+02)3(1.86e+02)
79:2(4.73e+02)1(4.10e+02)3(4.05e+02)0(2.65e+02)
80:0(6.26e+02)3(4.89e+02)2(4.57e+02)1(3.54e+02)
81:2(3.34e+02)1(3.10e+02)0(2.39e+02)3(2.28e+02)
82:1(5.58e+02)0(5.40e+02)3(4.01e+02)2(3.91e+02)
83:2(3.00e+02)0(2.30e+02)1(1.32e+02)3(1.10e+02)
84:1(2.52e+02)2(2.41e+02)3(1.37e+02)0(7.04e+01)
85:2(3.39e+02)1(3.03e+02)0(2.94e+02)3(2.64e+02)
86:3(3.07e+02)1(2.83e+02)2(2.17e+02)0(1.86e+02)
87:3(3.45e+02)1(2.03e+02)2(1.85e+02)0(1.12e+02)
88:2(1.44e+03)1(1.27e+03)0(1.06e+03)3(9.07e+02)
89:2(3.57e+02)1(3.39e+02)0(2.50e+02)3(2.45e+02)
90:3(6.38e+02)1(6.32e+02)2(4.46e+02)0(3.77e+02)
91:0(6.32e+02)2(5.47e+02)1(5.11e+02)3(5.05e+02)
92:0(8.15e+02)1(7.47e+02)2(7.35e+02)3(6.49e+02)
93:3(2.98e+02)1(2.69e+02)0(2.00e+02)2(1.94e+02)
94:0(4.01e+02)2(2.78e+02)1(2.72e+02)3(1.72e+02)
95:1(8.52e+02)2(7.53e+02)3(6.66e+02)0(6.55e+02)
96:1(9.72e+02)3(8.88e+02)2(6.97e+02)0(6.03e+02)
97:2(3.16e+02)1(3.12e+02)3(1.50e+02)0(1.14e+02)
98:3(1.33e+03)1(1.27e+03)2(8.80e+02)0(8.42e+02)
99:2(5.70e+02)3(3.74e+02)1(2.88e+02)0(1.86e+02)
100:1(5.21e+02)2(4.70e+02)3(4.61e+02)0(4.22e+02)
101:1(6.03e+02)2(3.01e+02)3(2.87e+02)0(1.93e+02)
102:2(5.80e+02)1(4.95e+02)0(4.78e+02)3(4.36e+02)
103:0(8.60e+02)2(6.45e+02)1(6.18e+02)3(5.39e+02)
104:1(9.87e+02)2(7.07e+02)0(5.37e+02)3(4.94e+02)
105:2(1.27e+03)1(7.59e+02)0(6.77e+02)3(6.08e+02)
106:1(2.35e+03)2(1.23e+03)3(1.05e+03)0(5.00e+02)
107:2(1.18e+03)1(1.15e+03)0(8.05e+02)3(6.87e+02)
108:2(1.42e+03)3(1.13e+03)0(9.63e+02)1(8.44e+02)
109:1(1.06e+03)3(8.45e+02)0(7.84e+02)2(7.35e+02)
110:2(1.35e+03)1(7.50e+02)0(6.44e+02)3(5.65e+02)
111:1(5.58e+02)3(4.45e+02)0(4.33e+02)2(3.95e+02)
112:2(4.81e+02)0(4.08e+02)1(3.85e+02)3(3.25e+02)
113:2(4.36e+02)0(4.16e+02)1(3.79e+02)3(2.61e+02)
114:1(6.07e+02)2(5.19e+02)3(4.14e+02)0(3.03e+02)
115:1(9.46e+02)2(6.71e+02)3(5.04e+02)0(4.34e+02)
116:2(6.68e+02)1(5.83e+02)0(4.98e+02)3(4.66e+02)
117:1(9.06e+02)3(7.80e+02)0(5.70e+02)2(5.65e+02)
118:2(1.85e+03)0(1.42e+03)1(1.31e+03)3(1.20e+03)
119:1(6.39e+02)3(4.45e+02)2(3.53e+02)0(2.66e+02)
120:2(8.48e+02)1(7.75e+02)0(6.23e+02)3(6.02e+02)
121:2(8.91e+02)1(8.06e+02)0(6.56e+02)3(6.12e+02)
122:3(1.66e+03)1(1.65e+03)0(1.18e+03)2(1.09e+03)
123:2(9.50e+02)1(7.73e+02)0(6.13e+02)3(5.13e+02)
124:2(1.52e+03)1(1.37e+03)0(1.08e+03)3(9.52e+02)
125:2(2.97e+03)1(2.46e+03)0(2.36e+03)3(1.93e+03)
126:1(4.19e+02)2(4.03e+02)3(3.30e+02)0(2.30e+02)
127:2(3.57e+02)1(3.36e+02)3(3.36e+02)0(3.25e+02)
128:2(4.71e+02)1(4.18e+02)0(3.42e+02)3(2.45e+02)
129:1(1.18e+04)2(9.25e+03)3(6.54e+03)0(5.27e+03)
130:2(4.63e+03)1(4.42e+03)3(3.09e+03)0(3.07e+03)
131:3(5.19e+03)1(5.10e+03)2(3.46e+03)0(3.38e+03)
132:3(4.64e+02)1(4.41e+02)2(3.98e+02)0(3.94e+02)
133:3(6.89e+02)1(6.66e+02)0(5.76e+02)2(5.64e+02)
134:2(3.80e+02)1(2.91e+02)0(2.16e+02)3(1.76e+02)
135:3(1.77e+03)2(1.71e+03)0(1.31e+03)1(1.21e+03)
136:0(4.07e+02)1(3.85e+02)2(3.78e+02)3(3.27e+02)
137:2(2.89e+02)1(1.75e+02)0(1.68e+02)3(1.04e+02)
138:2(4.90e+02)1(3.00e+02)3(2.35e+02)0(2.06e+02)
139:2(1.11e+03)3(9.50e+02)0(8.94e+02)1(8.26e+02)
140:2(2.52e+02)0(1.53e+02)3(1.25e+02)1(1.12e+02)
141:1(5.25e+02)3(2.58e+02)2(2.57e+02)0(2.12e+02)
142:0(2.66e+02)2(2.63e+02)1(2.51e+02)3(2.12e+02)
143:3(8.48e+02)1(6.36e+02)2(5.88e+02)0(5.80e+02)
144:3(9.90e+02)1(8.93e+02)2(6.66e+02)0(6.09e+02)
145:3(9.63e+02)1(9.46e+02)2(7.19e+02)0(6.52e+02)
146:1(1.08e+03)3(1.07e+03)2(7.62e+02)0(6.84e+02)
147:2(8.89e+02)1(6.97e+02)0(6.94e+02)3(5.66e+02)
148:1(3.61e+02)2(2.51e+02)3(1.52e+02)0(8.76e+01)
149:1(5.19e+02)2(4.93e+02)3(3.75e+02)0(2.77e+02)
150:2(3.92e+02)0(2.81e+02)1(2.72e+02)3(1.89e+02)
151:0(2.73e+02)2(2.34e+02)1(2.02e+02)3(1.20e+02)
152:0(3.63e+02)2(3.39e+02)3(2.69e+02)1(2.65e+02)
153:2(7.38e+02)1(5.99e+02)0(5.65e+02)3(3.77e+02)
154:2(9.65e+02)1(8.49e+02)3(6.81e+02)0(6.52e+02)
155:2(4.23e+02)1(3.96e+02)0(3.76e+02)3(3.48e+02)
156:2(2.65e+03)1(2.29e+03)3(1.87e+03)0(1.45e+03)
157:2(5.48e+02)1(5.02e+02)0(4.65e+02)3(4.15e+02)
158:1(4.60e+02)0(4.46e+02)2(4.21e+02)3(4.10e+02)
159:1(1.00e+03)2(9.76e+02)0(6.58e+02)3(4.62e+02)
160:1(4.76e+02)2(4.25e+02)3(3.49e+02)0(2.54e+02)
161:1(4.33e+02)2(4.02e+02)0(2.65e+02)3(2.26e+02)
162:1(1.10e+03)0(9.98e+02)2(9.33e+02)3(7.51e+02)
163:2(7.46e+02)0(6.32e+02)1(5.36e+02)3(4.72e+02)
164:1(4.32e+02)2(3.73e+02)3(3.20e+02)0(2.15e+02)
165:1(3.24e+02)2(2.39e+02)3(2.07e+02)0(1.86e+02)
166:1(3.35e+02)2(2.96e+02)3(2.86e+02)0(2.12e+02)
167:2(2.96e+02)1(2.74e+02)0(2.48e+02)3(2.14e+02)
168:2(3.00e+02)1(2.25e+02)3(2.06e+02)0(1.71e+02)
169:1(5.43e+02)3(4.52e+02)2(3.86e+02)0(2.79e+02)
170:2(9.15e+02)0(6.55e+02)3(5.63e+02)1(4.90e+02)
171:1(2.34e+02)3(1.82e+02)2(1.59e+02)0(1.33e+02)
172:1(5.77e+02)3(4.83e+02)2(4.58e+02)0(3.86e+02)
173:2(6.71e+02)1(5.93e+02)3(4.83e+02)0(4.08e+02)
174:2(5.65e+02)1(4.71e+02)0(3.61e+02)3(3.33e+02)
175:3(2.38e+02)1(2.19e+02)2(1.80e+02)0(1.72e+02)
176:2(3.82e+02)0(2.77e+02)1(2.61e+02)3(1.86e+02)
177:2(1.69e+03)0(1.49e+03)1(1.38e+03)3(8.67e+02)
178:2(1.52e+03)1(1.48e+03)0(1.04e+03)3(9.99e+02)
179:3(9.07e+02)1(8.19e+02)2(6.73e+02)0(5.96e+02)
180:2(2.85e+03)1(2.71e+03)0(2.02e+03)3(2.00e+03)
181:3(2.11e+03)1(2.02e+03)2(1.44e+03)0(1.42e+03)
182:3(1.14e+03)1(1.09e+03)2(8.14e+02)0(7.20e+02)
183:2(3.31e+03)1(3.09e+03)0(2.30e+03)3(1.97e+03)
184:2(2.10e+03)1(2.06e+03)0(1.47e+03)3(1.43e+03)
185:1(1.22e+03)3(1.14e+03)2(8.55e+02)0(7.46e+02)
186:2(7.40e+02)0(6.19e+02)1(5.53e+02)3(2.91e+02)
187:1(3.91e+02)2(3.42e+02)0(1.77e+02)3(1.55e+02)
188:3(7.15e+02)2(5.37e+02)1(5.20e+02)0(4.90e+02)
189:2(5.21e+02)1(4.78e+02)3(3.58e+02)0(2.98e+02)
190:3(9.77e+02)1(9.15e+02)2(7.62e+02)0(7.09e+02)
191:1(8.89e+02)3(6.57e+02)2(6.53e+02)0(3.84e+02)
192:1(4.21e+02)3(3.09e+02)2(3.06e+02)0(1.45e+02)
193:1(9.54e+02)2(8.98e+02)0(6.84e+02)3(6.49e+02)
194:1(9.52e+02)2(9.51e+02)0(6.05e+02)3(5.54e+02)
195:1(1.56e+03)2(9.04e+02)3(5.26e+02)0(4.47e+02)
196:2(3.31e+02)1(2.99e+02)3(2.91e+02)0(1.90e+02)
197:1(6.28e+02)2(5.79e+02)0(4.67e+02)3(4.26e+02)
198:3(5.96e+02)2(5.84e+02)0(5.71e+02)1(5.25e+02)
199:1(7.55e+02)2(6.78e+02)0(6.63e+02)3(6.40e+02)
200:3(5.62e+02)0(5.10e+02)2(5.00e+02)1(4.46e+02)
201:2(6.41e+02)0(5.05e+02)3(4.68e+02)1(4.53e+02)
202:0(3.48e+02)2(2.41e+02)1(2.29e+02)3(2.24e+02)
203:3(7.28e+02)2(7.09e+02)0(5.92e+02)1(5.79e+02)
204:1(5.45e+02)2(5.07e+02)3(4.97e+02)0(4.71e+02)
205:1(4.66e+02)2(4.37e+02)3(2.77e+02)0(2.35e+02)
206:2(3.30e+02)0(2.70e+02)3(2.01e+02)1(1.53e+02)
207:2(4.14e+02)0(3.93e+02)3(3.85e+02)1(3.62e+02)
208:2(5.44e+02)0(4.87e+02)1(4.64e+02)3(3.85e+02)
209:1(4.48e+02)2(3.39e+02)0(1.93e+02)3(1.17e+02)
210:0(2.88e+02)2(2.40e+02)3(1.97e+02)1(1.79e+02)
211:1(8.42e+02)2(6.02e+02)3(5.05e+02)0(4.84e+02)
212:3(8.68e+02)0(7.56e+02)2(6.73e+02)1(5.74e+02)
213:2(1.05e+03)0(9.84e+02)1(8.86e+02)3(7.39e+02)
214:2(2.87e+02)0(2.26e+02)3(1.82e+02)1(1.79e+02)
215:1(4.76e+02)2(3.85e+02)0(1.84e+02)3(1.32e+02)
216:1(5.33e+02)2(4.65e+02)3(2.46e+02)0(2.07e+02)
217:2(1.38e+03)1(1.30e+03)0(9.17e+02)3(8.81e+02)
218:1(6.59e+02)2(6.17e+02)3(4.13e+02)0(3.73e+02)
219:3(5.56e+02)1(4.76e+02)2(4.31e+02)0(2.68e+02)
220:2(5.06e+02)1(4.98e+02)0(4.19e+02)3(3.99e+02)
221:1(9.66e+02)2(6.30e+02)3(4.39e+02)0(3.44e+02)
222:2(2.77e+02)1(2.12e+02)0(1.83e+02)3(1.74e+02)
223:2(3.53e+02)0(3.43e+02)1(2.78e+02)3(1.30e+02)
224:2(2.84e+02)0(2.72e+02)1(2.10e+02)3(1.47e+02)
225:2(4.06e+02)1(2.56e+02)0(2.53e+02)3(1.92e+02)
226:1(8.93e+02)2(7.97e+02)3(7.47e+02)0(6.84e+02)
227:1(2.73e+02)2(2.20e+02)0(1.97e+02)3(1.94e+02)
228:2(4.64e+02)1(3.36e+02)3(2.74e+02)0(1.88e+02)
229:2(6.98e+02)0(6.64e+02)3(5.16e+02)1(4.63e+02)
230:1(3.44e+02)2(2.41e+02)3(2.39e+02)0(1.38e+02)
231:1(7.72e+02)2(5.97e+02)0(3.83e+02)3(3.45e+02)
232:0(8.23e+02)1(7.22e+02)2(6.81e+02)3(5.76e+02)
233:1(5.87e+02)3(4.25e+02)2(3.32e+02)0(2.84e+02)
234:0(9.72e+02)2(7.46e+02)1(7.14e+02)3(4.95e+02)
235:2(1.25e+03)0(9.64e+02)1(5.55e+02)3(5.31e+02)
236:2(1.92e+03)0(1.73e+03)1(9.72e+02)3(8.27e+02)
237:2(4.60e+02)1(4.40e+02)0(3.77e+02)3(3.76e+02)
238:0(8.71e+02)1(8.09e+02)2(7.31e+02)3(7.25e+02)
239:0(5.11e+02)2(3.82e+02)3(3.65e+02)1(3.54e+02)
240:1(1.90e+03)3(1.80e+03)0(1.45e+03)2(1.35e+03)
241:2(1.75e+03)1(1.39e+03)3(1.16e+03)0(9.88e+02)
242:1(1.64e+03)3(1.55e+03)2(1.11e+03)0(9.97e+02)
243:3(8.30e+02)1(7.49e+02)2(7.16e+02)0(6.39e+02)
244:0(7.81e+02)2(7.51e+02)1(6.34e+02)3(5.40e+02)
245:2(3.15e+02)1(3.12e+02)3(2.20e+02)0(2.09e+02)INFO: s3mixw_io.c(233): Wrote /home/rain/PycharmProjects/underthesea/automatic_speech_recognition/experiment/diadiem/model_parameters/diadiem.cd_cont_initial/mixture_weights [246x1x8 array]
INFO: s3gau_io.c(228): Wrote /home/rain/PycharmProjects/underthesea/automatic_speech_recognition/experiment/diadiem/model_parameters/diadiem.cd_cont_initial/means [246x1x8 array]
INFO: s3gau_io.c(228): Wrote /home/rain/PycharmProjects/underthesea/automatic_speech_recognition/experiment/diadiem/model_parameters/diadiem.cd_cont_initial/variances [246x1x8 array]

Thu Jan  4 11:10:06 2018
