Current configuration:
[NAME]		[DEFLT]	[VALUE]
-dcountfn		./model_parameters/diadiem.cd_cont_200/mixture_weights
-example	no	no
-fullvar	no	no
-help		no	no
-inmeanfn		./model_parameters/diadiem.cd_cont_200/means
-inmixwfn		./model_parameters/diadiem.cd_cont_200/mixture_weights
-invarfn		./model_parameters/diadiem.cd_cont_200/variances
-ninc		1	1
-outmeanfn		./model_parameters/diadiem.cd_cont_initial/means
-outmixwfn		./model_parameters/diadiem.cd_cont_initial/mixture_weights
-outvarfn		./model_parameters/diadiem.cd_cont_initial/variances

INFO: main.c(86): Reading mixing weight file ./model_parameters/diadiem.cd_cont_200/mixture_weights.
INFO: s3mixw_io.c(117): Read ./model_parameters/diadiem.cd_cont_200/mixture_weights [246x1x1 array]
INFO: s3gau_io.c(169): Read ./model_parameters/diadiem.cd_cont_200/means [246x1x1 array]
INFO: s3gau_io.c(169): Read ./model_parameters/diadiem.cd_cont_200/variances [246x1x1 array]
INFO: s3gau_io.c(553): Read ./model_parameters/diadiem.cd_cont_200/mixture_weights [246x1x1 array]
INFO: main.c(151): output n_density == 2
0:0(3.76e+04)
1:0(4.30e+04)
2:0(3.30e+04)
3:0(1.72e+04)
4:0(1.02e+04)
5:0(2.08e+04)
6:0(3.43e+03)
7:0(3.40e+03)
8:0(7.23e+03)
9:0(8.84e+03)
10:0(6.83e+03)
11:0(6.12e+03)
12:0(9.47e+03)
13:0(1.58e+04)
14:0(2.68e+04)
15:0(1.47e+03)
16:0(1.48e+03)
17:0(1.64e+03)
18:0(3.11e+04)
19:0(1.52e+04)
20:0(1.72e+04)
21:0(1.11e+04)
22:0(6.43e+03)
23:0(5.57e+03)
24:0(3.62e+03)
25:0(4.05e+03)
26:0(4.15e+03)
27:0(4.17e+03)
28:0(2.42e+03)
29:0(4.61e+03)
30:0(1.17e+04)
31:0(5.44e+03)
32:0(6.92e+03)
33:0(1.11e+03)
34:0(1.47e+03)
35:0(8.53e+02)
36:0(4.37e+03)
37:0(4.99e+03)
38:0(3.09e+03)
39:0(1.42e+04)
40:0(2.46e+04)
41:0(2.26e+04)
42:0(5.95e+03)
43:0(1.12e+04)
44:0(7.29e+03)
45:0(2.61e+03)
46:0(2.76e+03)
47:0(1.88e+03)
48:0(8.93e+03)
49:0(5.98e+03)
50:0(6.29e+03)
51:0(6.77e+03)
52:0(9.65e+03)
53:0(3.81e+03)
54:0(4.99e+03)
55:0(4.64e+03)
56:0(5.73e+03)
57:0(2.92e+03)
58:0(3.83e+03)
59:0(6.50e+03)
60:0(1.77e+03)
61:0(4.02e+03)
62:0(1.32e+03)
63:0(7.60e+03)
64:0(5.02e+03)
65:0(8.50e+03)
66:0(3.68e+03)
67:0(2.84e+03)
68:0(1.47e+03)
69:0(9.24e+02)
70:0(7.13e+02)
71:0(1.98e+03)
72:0(1.54e+03)
73:0(7.69e+02)
74:0(8.20e+02)
75:0(2.99e+03)
76:0(2.06e+03)
77:0(4.46e+03)
78:0(9.09e+02)
79:0(1.30e+03)
80:0(1.35e+03)
81:0(1.45e+03)
82:0(1.06e+03)
83:0(6.34e+02)
84:0(6.20e+02)
85:0(1.07e+03)
86:0(6.98e+02)
87:0(5.61e+02)
88:0(1.40e+03)
89:0(9.52e+02)
90:0(2.21e+03)
91:0(2.29e+03)
92:0(3.39e+03)
93:0(8.01e+02)
94:0(8.10e+02)
95:0(2.40e+03)
96:0(2.81e+03)
97:0(8.45e+02)
98:0(4.31e+03)
99:0(1.35e+03)
100:0(2.09e+03)
101:0(1.86e+03)
102:0(1.53e+03)
103:0(3.96e+03)
104:0(3.27e+03)
105:0(2.96e+03)
106:0(5.88e+03)
107:0(2.10e+03)
108:0(4.73e+03)
109:0(2.96e+03)
110:0(3.16e+03)
111:0(2.63e+03)
112:0(1.89e+03)
113:0(1.50e+03)
114:0(1.43e+03)
115:0(2.02e+03)
116:0(2.30e+03)
117:0(2.37e+03)
118:0(5.60e+03)
119:0(1.89e+03)
120:0(3.64e+03)
121:0(3.22e+03)
122:0(5.19e+03)
123:0(3.29e+03)
124:0(5.12e+03)
125:0(1.00e+04)
126:0(1.47e+03)
127:0(1.48e+03)
128:0(1.64e+03)
129:0(3.11e+04)
130:0(1.52e+04)
131:0(1.72e+04)
132:0(1.37e+03)
133:0(2.05e+03)
134:0(8.96e+02)
135:0(6.75e+03)
136:0(1.08e+03)
137:0(7.02e+02)
138:0(9.85e+02)
139:0(3.67e+03)
140:0(7.01e+02)
141:0(1.25e+03)
142:0(8.89e+02)
143:0(2.73e+03)
144:0(3.62e+03)
145:0(4.05e+03)
146:0(4.15e+03)
147:0(1.52e+03)
148:0(6.87e+02)
149:0(1.97e+03)
150:0(6.80e+02)
151:0(6.20e+02)
152:0(1.12e+03)
153:0(1.80e+03)
154:0(1.31e+03)
155:0(1.49e+03)
156:0(8.67e+03)
157:0(1.80e+03)
158:0(1.22e+03)
159:0(3.18e+03)
160:0(1.41e+03)
161:0(8.50e+02)
162:0(3.65e+03)
163:0(2.31e+03)
164:0(9.49e+02)
165:0(1.11e+03)
166:0(1.47e+03)
167:0(8.53e+02)
168:0(7.71e+02)
169:0(1.23e+03)
170:0(2.38e+03)
171:0(6.00e+02)
172:0(1.33e+03)
173:0(3.06e+03)
174:0(1.43e+03)
175:0(5.93e+02)
176:0(1.06e+03)
177:0(6.13e+03)
178:0(5.38e+03)
179:0(2.66e+03)
180:0(1.22e+04)
181:0(8.30e+03)
182:0(4.10e+03)
183:0(9.66e+03)
184:0(7.10e+03)
185:0(5.80e+03)
186:0(2.28e+03)
187:0(7.14e+02)
188:0(1.47e+03)
189:0(1.49e+03)
190:0(3.29e+03)
191:0(2.44e+03)
192:0(1.07e+03)
193:0(4.43e+03)
194:0(1.91e+03)
195:0(2.62e+03)
196:0(9.77e+02)
197:0(1.78e+03)
198:0(2.61e+03)
199:0(2.76e+03)
200:0(1.88e+03)
201:0(2.37e+03)
202:0(9.75e+02)
203:0(3.10e+03)
204:0(2.49e+03)
205:0(1.36e+03)
206:0(7.85e+02)
207:0(1.35e+03)
208:0(2.48e+03)
209:0(9.51e+02)
210:0(7.89e+02)
211:0(2.43e+03)
212:0(2.12e+03)
213:0(3.94e+03)
214:0(8.54e+02)
215:0(9.71e+02)
216:0(1.00e+03)
217:0(4.33e+03)
218:0(1.50e+03)
219:0(1.90e+03)
220:0(1.91e+03)
221:0(1.58e+03)
222:0(6.82e+02)
223:0(8.37e+02)
224:0(7.11e+02)
225:0(1.05e+03)
226:0(3.12e+03)
227:0(8.28e+02)
228:0(1.35e+03)
229:0(2.59e+03)
230:0(7.05e+02)
231:0(1.97e+03)
232:0(2.59e+03)
233:0(1.17e+03)
234:0(2.92e+03)
235:0(3.83e+03)
236:0(6.50e+03)
237:0(1.77e+03)
238:0(4.02e+03)
239:0(1.32e+03)
240:0(7.60e+03)
241:0(5.02e+03)
242:0(8.50e+03)
243:0(3.68e+03)
244:0(2.84e+03)
245:0(1.47e+03)INFO: s3mixw_io.c(233): Wrote ./model_parameters/diadiem.cd_cont_initial/mixture_weights [246x1x2 array]
INFO: s3gau_io.c(228): Wrote ./model_parameters/diadiem.cd_cont_initial/means [246x1x2 array]
INFO: s3gau_io.c(228): Wrote ./model_parameters/diadiem.cd_cont_initial/variances [246x1x2 array]

Thu Jan  4 15:58:48 2018
