Current configuration:
[NAME]		[DEFLT]	[VALUE]
-dest_meanfn		/home/rain/PycharmProjects/underthesea/automatic_speech_recognition/huanluyen2/huanluyen_diadiem/model_parameters/huanluyen_diadiem.cd_cont_initial/means
-dest_mixwfn		/home/rain/PycharmProjects/underthesea/automatic_speech_recognition/huanluyen2/huanluyen_diadiem/model_parameters/huanluyen_diadiem.cd_cont_initial/mixture_weights
-dest_moddeffn		/home/rain/PycharmProjects/underthesea/automatic_speech_recognition/huanluyen2/huanluyen_diadiem/model_architecture/huanluyen_diadiem.200.mdef
-dest_tmatfn		/home/rain/PycharmProjects/underthesea/automatic_speech_recognition/huanluyen2/huanluyen_diadiem/model_parameters/huanluyen_diadiem.cd_cont_initial/transition_matrices
-dest_ts2cbfn		.cont.
-dest_varfn		/home/rain/PycharmProjects/underthesea/automatic_speech_recognition/huanluyen2/huanluyen_diadiem/model_parameters/huanluyen_diadiem.cd_cont_initial/variances
-example	no	no
-fullvar	no	no
-help		no	no
-src_meanfn		/home/rain/PycharmProjects/underthesea/automatic_speech_recognition/huanluyen2/huanluyen_diadiem/model_parameters/huanluyen_diadiem.ci_cont/means
-src_mixwfn		/home/rain/PycharmProjects/underthesea/automatic_speech_recognition/huanluyen2/huanluyen_diadiem/model_parameters/huanluyen_diadiem.ci_cont/mixture_weights
-src_moddeffn		/home/rain/PycharmProjects/underthesea/automatic_speech_recognition/huanluyen2/huanluyen_diadiem/model_architecture/huanluyen_diadiem.ci.mdef
-src_tmatfn		/home/rain/PycharmProjects/underthesea/automatic_speech_recognition/huanluyen2/huanluyen_diadiem/model_parameters/huanluyen_diadiem.ci_cont/transition_matrices
-src_ts2cbfn		.cont.
-src_varfn		/home/rain/PycharmProjects/underthesea/automatic_speech_recognition/huanluyen2/huanluyen_diadiem/model_parameters/huanluyen_diadiem.ci_cont/variances

INFO: main.c(261): Reading src /home/rain/PycharmProjects/underthesea/automatic_speech_recognition/huanluyen2/huanluyen_diadiem/model_architecture/huanluyen_diadiem.ci.mdef
INFO: model_def_io.c(573): Model definition info:
INFO: model_def_io.c(574): 28 total models defined (28 base, 0 tri)
INFO: model_def_io.c(575): 112 total states
INFO: model_def_io.c(576): 84 total tied states
INFO: model_def_io.c(577): 84 total tied CI states
INFO: model_def_io.c(578): 28 total tied transition matrices
INFO: model_def_io.c(579): 4 max state/model
INFO: model_def_io.c(580): 4 min state/model
INFO: main.c(278): Generating continous ts2cb mapping
INFO: main.c(299): Reading src /home/rain/PycharmProjects/underthesea/automatic_speech_recognition/huanluyen2/huanluyen_diadiem/model_parameters/huanluyen_diadiem.ci_cont/mixture_weights
INFO: s3mixw_io.c(117): Read /home/rain/PycharmProjects/underthesea/automatic_speech_recognition/huanluyen2/huanluyen_diadiem/model_parameters/huanluyen_diadiem.ci_cont/mixture_weights [84x1x1 array]
INFO: main.c(309): Reading src /home/rain/PycharmProjects/underthesea/automatic_speech_recognition/huanluyen2/huanluyen_diadiem/model_parameters/huanluyen_diadiem.ci_cont/transition_matrices
INFO: s3tmat_io.c(118): Read /home/rain/PycharmProjects/underthesea/automatic_speech_recognition/huanluyen2/huanluyen_diadiem/model_parameters/huanluyen_diadiem.ci_cont/transition_matrices [28x3x4 array]
INFO: main.c(318): Reading src /home/rain/PycharmProjects/underthesea/automatic_speech_recognition/huanluyen2/huanluyen_diadiem/model_parameters/huanluyen_diadiem.ci_cont/means
INFO: s3gau_io.c(169): Read /home/rain/PycharmProjects/underthesea/automatic_speech_recognition/huanluyen2/huanluyen_diadiem/model_parameters/huanluyen_diadiem.ci_cont/means [84x1x1 array]
INFO: main.c(342): Reading src /home/rain/PycharmProjects/underthesea/automatic_speech_recognition/huanluyen2/huanluyen_diadiem/model_parameters/huanluyen_diadiem.ci_cont/variances
INFO: s3gau_io.c(169): Read /home/rain/PycharmProjects/underthesea/automatic_speech_recognition/huanluyen2/huanluyen_diadiem/model_parameters/huanluyen_diadiem.ci_cont/variances [84x1x1 array]
INFO: main.c(391): Reading dest /home/rain/PycharmProjects/underthesea/automatic_speech_recognition/huanluyen2/huanluyen_diadiem/model_architecture/huanluyen_diadiem.200.mdef
INFO: model_def_io.c(573): Model definition info:
INFO: model_def_io.c(574): 486 total models defined (28 base, 458 tri)
INFO: model_def_io.c(575): 1944 total states
INFO: model_def_io.c(576): 210 total tied states
INFO: model_def_io.c(577): 84 total tied CI states
INFO: model_def_io.c(578): 28 total tied transition matrices
INFO: model_def_io.c(579): 4 max state/model
INFO: model_def_io.c(580): 4 min state/model
INFO: main.c(407): Generating continous ts2cb mapping
INFO: main.c(431): Calculating initial model parameters
INFO: main.c(439): Alloc 28x3x4 dest tmat
INFO: main.c(450): Alloc 210x1x1 dest mixw
INFO: main.c(463): Alloc 210x1x1 dest mean and var
         A <- A         : [tm     0 +=     0]
[mx     0(0) +=     0] [mg     0(0) <-     0] [mx     1(1) +=     1] [mg     1(1) <-     1] [mx     2(2) +=     2] [mg     2(2) <-     2] 
        AJ <- AJ        : [tm     1 +=     1]
[mx     3(0) +=     3] [mg     3(0) <-     3] [mx     4(1) +=     4] [mg     4(1) <-     4] [mx     5(2) +=     5] [mg     5(2) <-     5] 
        AS <- AS        : [tm     2 +=     2]
[mx     6(0) +=     6] [mg     6(0) <-     6] [mx     7(1) +=     7] [mg     7(1) <-     7] [mx     8(2) +=     8] [mg     8(2) <-     8] 
         C <- C         : [tm     3 +=     3]
[mx     9(0) +=     9] [mg     9(0) <-     9] [mx    10(1) +=    10] [mg    10(1) <-    10] [mx    11(2) +=    11] [mg    11(2) <-    11] 
        CH <- CH        : [tm     4 +=     4]
[mx    12(0) +=    12] [mg    12(0) <-    12] [mx    13(1) +=    13] [mg    13(1) <-    13] [mx    14(2) +=    14] [mg    14(2) <-    14] 
        DD <- DD        : [tm     5 +=     5]
[mx    15(0) +=    15] [mg    15(0) <-    15] [mx    16(1) +=    16] [mg    16(1) <-    16] [mx    17(2) +=    17] [mg    17(2) <-    17] 
         E <- E         : [tm     6 +=     6]
[mx    18(0) +=    18] [mg    18(0) <-    18] [mx    19(1) +=    19] [mg    19(1) <-    19] [mx    20(2) +=    20] [mg    20(2) <-    20] 
        EE <- EE        : [tm     7 +=     7]
[mx    21(0) +=    21] [mg    21(0) <-    21] [mx    22(1) +=    22] [mg    22(1) <-    22] [mx    23(2) +=    23] [mg    23(2) <-    23] 
         F <- F         : [tm     8 +=     8]
[mx    24(0) +=    24] [mg    24(0) <-    24] [mx    25(1) +=    25] [mg    25(1) <-    25] [mx    26(2) +=    26] [mg    26(2) <-    26] 
         I <- I         : [tm     9 +=     9]
[mx    27(0) +=    27] [mg    27(0) <-    27] [mx    28(1) +=    28] [mg    28(1) <-    28] [mx    29(2) +=    29] [mg    29(2) <-    29] 
         K <- K         : [tm    10 +=    10]
[mx    30(0) +=    30] [mg    30(0) <-    30] [mx    31(1) +=    31] [mg    31(1) <-    31] [mx    32(2) +=    32] [mg    32(2) <-    32] 
        KH <- KH        : [tm    11 +=    11]
[mx    33(0) +=    33] [mg    33(0) <-    33] [mx    34(1) +=    34] [mg    34(1) <-    34] [mx    35(2) +=    35] [mg    35(2) <-    35] 
         L <- L         : [tm    12 +=    12]
[mx    36(0) +=    36] [mg    36(0) <-    36] [mx    37(1) +=    37] [mg    37(1) <-    37] [mx    38(2) +=    38] [mg    38(2) <-    38] 
         M <- M         : [tm    13 +=    13]
[mx    39(0) +=    39] [mg    39(0) <-    39] [mx    40(1) +=    40] [mg    40(1) <-    40] [mx    41(2) +=    41] [mg    41(2) <-    41] 
         N <- N         : [tm    14 +=    14]
[mx    42(0) +=    42] [mg    42(0) <-    42] [mx    43(1) +=    43] [mg    43(1) <-    43] [mx    44(2) +=    44] [mg    44(2) <-    44] 
        NG <- NG        : [tm    15 +=    15]
[mx    45(0) +=    45] [mg    45(0) <-    45] [mx    46(1) +=    46] [mg    46(1) <-    46] [mx    47(2) +=    47] [mg    47(2) <-    47] 
         O <- O         : [tm    16 +=    16]
[mx    48(0) +=    48] [mg    48(0) <-    48] [mx    49(1) +=    49] [mg    49(1) <-    49] [mx    50(2) +=    50] [mg    50(2) <-    50] 
        OO <- OO        : [tm    17 +=    17]
[mx    51(0) +=    51] [mg    51(0) <-    51] [mx    52(1) +=    52] [mg    52(1) <-    52] [mx    53(2) +=    53] [mg    53(2) <-    53] 
       OWR <- OWR       : [tm    18 +=    18]
[mx    54(0) +=    54] [mg    54(0) <-    54] [mx    55(1) +=    55] [mg    55(1) <-    55] [mx    56(2) +=    56] [mg    56(2) <-    56] 
        PH <- PH        : [tm    19 +=    19]
[mx    57(0) +=    57] [mg    57(0) <-    57] [mx    58(1) +=    58] [mg    58(1) <-    58] [mx    59(2) +=    59] [mg    59(2) <-    59] 
         R <- R         : [tm    20 +=    20]
[mx    60(0) +=    60] [mg    60(0) <-    60] [mx    61(1) +=    61] [mg    61(1) <-    61] [mx    62(2) +=    62] [mg    62(2) <-    62] 
         S <- S         : [tm    21 +=    21]
[mx    63(0) +=    63] [mg    63(0) <-    63] [mx    64(1) +=    64] [mg    64(1) <-    64] [mx    65(2) +=    65] [mg    65(2) <-    65] 
       SIL <- SIL       : [tm    22 +=    22]
[mx    66(0) +=    66] [mg    66(0) <-    66] [mx    67(1) +=    67] [mg    67(1) <-    67] [mx    68(2) +=    68] [mg    68(2) <-    68] 
         T <- T         : [tm    23 +=    23]
[mx    69(0) +=    69] [mg    69(0) <-    69] [mx    70(1) +=    70] [mg    70(1) <-    70] [mx    71(2) +=    71] [mg    71(2) <-    71] 
        TR <- TR        : [tm    24 +=    24]
[mx    72(0) +=    72] [mg    72(0) <-    72] [mx    73(1) +=    73] [mg    73(1) <-    73] [mx    74(2) +=    74] [mg    74(2) <-    74] 
        US <- US        : [tm    25 +=    25]
[mx    75(0) +=    75] [mg    75(0) <-    75] [mx    76(1) +=    76] [mg    76(1) <-    76] [mx    77(2) +=    77] [mg    77(2) <-    77] 
         X <- X         : [tm    26 +=    26]
[mx    78(0) +=    78] [mg    78(0) <-    78] [mx    79(1) +=    79] [mg    79(1) <-    79] [mx    80(2) +=    80] [mg    80(2) <-    80] 
         Y <- Y         : [tm    27 +=    27]
[mx    81(0) +=    81] [mg    81(0) <-    81] [mx    82(1) +=    82] [mg    82(1) <-    82] [mx    83(2) +=    83] [mg    83(2) <-    83] 
   A A Y b <- A         : [mx    85(0) +=     0] [mg    85(0) <-     0] [mx    90(1) +=     1] [mg    90(1) <-     1] [mx    95(2) +=     2] [mg    95(2) <-     2] 
   A C F i <- A         : [mx    86(0) +=     0] [mg    86(0) <-     0] [mx    91(1) +=     1] [mg    91(1) <-     1] [mx    94(2) +=     2] [mg    94(2) <-     2] 
  A CH Y b <- A         : 
   A E Y b <- A         : 
  A EE Y b <- A         : 
   A F Y b <- A         : 
   A I Y b <- A         : 
   A K A e <- A         : [mx    87(0) +=     0] [mg    87(0) <-     0] [mx    92(1) +=     1] [mg    92(1) <-     1] [mx    97(2) +=     2] [mg    97(2) <-     2] 
   A K C e <- A         : 
  A K DD e <- A         : 
   A K K e <- A         : 
  A K KH e <- A         : 
   A K L e <- A         : 
   A K M e <- A         : 
  A K PH e <- A         : 
   A K R e <- A         : 
   A K S e <- A         : 
 A K SIL e <- A         : [mx    88(0) +=     0] [mg    88(0) <-     0] [mx    93(1) +=     1] [mg    93(1) <-     1] [mx    98(2) +=     2] [mg    98(2) <-     2] 
   A K T e <- A         : 
  A K TR e <- A         : 
   A K X e <- A         : 
   A M Y b <- A         : 
   A N Y b <- A         : 
  A NG Y b <- A         : 
   A O Y b <- A         : 
 A OWR Y b <- A         : 
   A R O i <- A         : [mx    84(0) +=     0] [mg    84(0) <-     0] [mx    89(1) +=     1] [mg    89(1) <-     1] [mx    96(2) +=     2] [mg    96(2) <-     2] 
 A SIL Y b <- A         : 
   A T Y b <- A         : 
   A X A e <- A         : 
   A X C e <- A         : 
  A X DD e <- A         : 
   A X K e <- A         : 
  A X KH e <- A         : 
   A X L e <- A         : 
   A X M e <- A         : 
  A X PH e <- A         : 
   A X R e <- A         : 
   A X S e <- A         : 
 A X SIL e <- A         : 
   A X T e <- A         : 
  A X TR e <- A         : 
   A X X e <- A         : 
   A Y Y b <- A         : 
  AJ L I i <- AJ        : [mx   100(0) +=     3] [mg   100(0) <-     3] [mx   103(1) +=     4] [mg   103(1) <-     4] [mx   107(2) +=     5] [mg   107(2) <-     5] 
  AJ S N i <- AJ        : [mx    99(0) +=     3] [mg    99(0) <-     3] [mx   102(1) +=     4] [mg   102(1) <-     4] [mx   106(2) +=     5] [mg   106(2) <-     5] 
 AJ TR M i <- AJ        : [mx   101(0) +=     3] [mg   101(0) <-     3] [mx   104(1) +=     4] [mg   104(1) <-     4] [mx   105(2) +=     5] [mg   105(2) <-     5] 
AS KH CH i <- AS        : [mx   109(0) +=     6] [mg   109(0) <-     6] [mx   111(1) +=     7] [mg   111(1) <-     7] [mx   113(2) +=     8] [mg   113(2) <-     8] 
  AS M T i <- AS        : [mx   108(0) +=     6] [mg   108(0) <-     6] [mx   110(1) +=     7] [mg   110(1) <-     7] [mx   112(2) +=     8] [mg   112(2) <-     8] 
   C A A b <- C         : [mx   114(0) +=     9] [mg   114(0) <-     9] [mx   115(1) +=    10] [mg   115(1) <-    10] [mx   116(2) +=    11] [mg   116(2) <-    11] 
  C CH A b <- C         : 
   C E A b <- C         : 
  C EE A b <- C         : 
   C F A b <- C         : 
   C I A b <- C         : 
   C M A b <- C         : 
   C N A b <- C         : 
  C NG A b <- C         : 
   C O A b <- C         : 
 C OWR A b <- C         : 
 C SIL A b <- C         : 
   C T A b <- C         : 
   C Y A b <- C         : 
 CH AS A e <- CH        : [mx   117(0) +=    12] [mg   117(0) <-    12] [mx   118(1) +=    13] [mg   118(1) <-    13] [mx   119(2) +=    14] [mg   119(2) <-    14] 
 CH AS C e <- CH        : 
CH AS DD e <- CH        : 
 CH AS K e <- CH        : 
CH AS KH e <- CH        : 
 CH AS L e <- CH        : 
 CH AS M e <- CH        : 
CH AS PH e <- CH        : 
 CH AS R e <- CH        : 
 CH AS S e <- CH        : 
CH AS SIL e <- CH        : 
 CH AS T e <- CH        : 
CH AS TR e <- CH        : 
 CH AS X e <- CH        : 
 DD A US b <- DD        : [mx   120(0) +=    15] [mg   120(0) <-    15] [mx   121(1) +=    16] [mg   121(1) <-    16] [mx   122(2) +=    17] [mg   122(2) <-    17] 
DD CH US b <- DD        : 
 DD E US b <- DD        : 
DD EE US b <- DD        : 
 DD F US b <- DD        : 
 DD I US b <- DD        : 
 DD M US b <- DD        : 
 DD N US b <- DD        : 
DD NG US b <- DD        : 
 DD O US b <- DD        : 
DD OWR US b <- DD        : 
DD SIL US b <- DD        : 
 DD T US b <- DD        : 
 DD Y US b <- DD        : 
   E K A e <- E         : [mx   123(0) +=    18] [mg   123(0) <-    18] [mx   124(1) +=    19] [mg   124(1) <-    19] [mx   125(2) +=    20] [mg   125(2) <-    20] 
   E K C e <- E         : 
  E K DD e <- E         : 
   E K K e <- E         : 
  E K KH e <- E         : 
   E K L e <- E         : 
   E K M e <- E         : 
  E K PH e <- E         : 
   E K R e <- E         : 
   E K S e <- E         : 
 E K SIL e <- E         : 
   E K T e <- E         : 
  E K TR e <- E         : 
   E K X e <- E         : 
 EE PH A e <- EE        : [mx   127(0) +=    21] [mg   127(0) <-    21] [mx   129(1) +=    22] [mg   129(1) <-    22] [mx   131(2) +=    23] [mg   131(2) <-    23] 
 EE PH C e <- EE        : 
EE PH DD e <- EE        : 
 EE PH K e <- EE        : 
EE PH KH e <- EE        : 
 EE PH L e <- EE        : 
 EE PH M e <- EE        : 
EE PH PH e <- EE        : 
 EE PH R e <- EE        : 
 EE PH S e <- EE        : 
EE PH SIL e <- EE        : 
 EE PH T e <- EE        : 
EE PH TR e <- EE        : 
 EE PH X e <- EE        : 
  EE T M i <- EE        : [mx   126(0) +=    21] [mg   126(0) <-    21] [mx   128(1) +=    22] [mg   128(1) <-    22] [mx   130(2) +=    23] [mg   130(2) <-    23] 
   F A A e <- F         : [mx   132(0) +=    24] [mg   132(0) <-    24] [mx   133(1) +=    25] [mg   133(1) <-    25] [mx   134(2) +=    26] [mg   134(2) <-    26] 
   F A C e <- F         : 
  F A DD e <- F         : 
   F A K e <- F         : 
  F A KH e <- F         : 
   F A L e <- F         : 
   F A M e <- F         : 
  F A PH e <- F         : 
   F A R e <- F         : 
   F A S e <- F         : 
 F A SIL e <- F         : 
   F A T e <- F         : 
  F A TR e <- F         : 
   F A X e <- F         : 
  I AJ A e <- I         : [mx   135(0) +=    27] [mg   135(0) <-    27] [mx   136(1) +=    28] [mg   136(1) <-    28] [mx   137(2) +=    29] [mg   137(2) <-    29] 
  I AJ C e <- I         : 
 I AJ DD e <- I         : 
  I AJ K e <- I         : 
 I AJ KH e <- I         : 
  I AJ L e <- I         : 
  I AJ M e <- I         : 
 I AJ PH e <- I         : 
  I AJ R e <- I         : 
  I AJ S e <- I         : 
I AJ SIL e <- I         : 
  I AJ T e <- I         : 
 I AJ TR e <- I         : 
  I AJ X e <- I         : 
   K A A b <- K         : [mx   138(0) +=    30] [mg   138(0) <-    30] [mx   140(1) +=    31] [mg   140(1) <-    31] [mx   142(2) +=    32] [mg   142(2) <-    32] 
   K A E b <- K         : 
  K CH A b <- K         : 
  K CH E b <- K         : 
   K E A b <- K         : 
   K E E b <- K         : 
  K EE A b <- K         : 
  K EE E b <- K         : 
   K F A b <- K         : 
   K F E b <- K         : 
   K I A b <- K         : 
   K I E b <- K         : 
   K M A b <- K         : 
   K M E b <- K         : 
   K N A b <- K         : 
   K N E b <- K         : 
  K NG A b <- K         : 
  K NG E b <- K         : 
   K O A b <- K         : 
   K O E b <- K         : 
 K OWR A b <- K         : 
 K OWR E b <- K         : 
 K SIL A b <- K         : [mx   139(0) +=    30] [mg   139(0) <-    30] [mx   141(1) +=    31] [mg   141(1) <-    31] [mx   143(2) +=    32] [mg   143(2) <-    32] 
 K SIL E b <- K         : 
   K T A b <- K         : 
   K T E b <- K         : 
   K Y A b <- K         : 
   K Y E b <- K         : 
 KH A AS b <- KH        : [mx   144(0) +=    33] [mg   144(0) <-    33] [mx   146(1) +=    34] [mg   146(1) <-    34] [mx   148(2) +=    35] [mg   148(2) <-    35] 
 KH A OO b <- KH        : [mx   145(0) +=    33] [mg   145(0) <-    33] [mx   147(1) +=    34] [mg   147(1) <-    34] [mx   149(2) +=    35] [mg   149(2) <-    35] 
KH CH AS b <- KH        : 
KH CH OO b <- KH        : 
 KH E AS b <- KH        : 
 KH E OO b <- KH        : 
KH EE AS b <- KH        : 
KH EE OO b <- KH        : 
 KH F AS b <- KH        : 
 KH F OO b <- KH        : 
 KH I AS b <- KH        : 
 KH I OO b <- KH        : 
 KH M AS b <- KH        : 
 KH M OO b <- KH        : 
 KH N AS b <- KH        : 
 KH N OO b <- KH        : 
KH NG AS b <- KH        : 
KH NG OO b <- KH        : 
 KH O AS b <- KH        : 
 KH O OO b <- KH        : 
KH OWR AS b <- KH        : 
KH OWR OO b <- KH        : 
KH SIL AS b <- KH        : 
KH SIL OO b <- KH        : 
 KH T AS b <- KH        : 
 KH T OO b <- KH        : 
 KH Y AS b <- KH        : 
 KH Y OO b <- KH        : 
  L A AJ b <- L         : [mx   150(0) +=    36] [mg   150(0) <-    36] [mx   151(1) +=    37] [mg   151(1) <-    37] [mx   152(2) +=    38] [mg   152(2) <-    38] 
 L CH AJ b <- L         : 
  L E AJ b <- L         : 
 L EE AJ b <- L         : 
  L F AJ b <- L         : 
  L I AJ b <- L         : 
  L M AJ b <- L         : 
  L N AJ b <- L         : 
 L NG AJ b <- L         : 
  L O AJ b <- L         : 
L OWR AJ b <- L         : 
L SIL AJ b <- L         : 
  L T AJ b <- L         : 
  L Y AJ b <- L         : 
  M A AS b <- M         : [mx   154(0) +=    39] [mg   154(0) <-    39] [mx   157(1) +=    40] [mg   157(1) <-    40] [mx   160(2) +=    41] [mg   160(2) <-    41] 
  M AJ A e <- M         : [mx   153(0) +=    39] [mg   153(0) <-    39] [mx   156(1) +=    40] [mg   156(1) <-    40] [mx   161(2) +=    41] [mg   161(2) <-    41] 
  M AJ C e <- M         : 
 M AJ DD e <- M         : [mx   159(2) +=    41] [mg   159(2) <-    41] 
  M AJ K e <- M         : 
 M AJ KH e <- M         : 
  M AJ L e <- M         : 
  M AJ M e <- M         : 
 M AJ PH e <- M         : 
  M AJ R e <- M         : 
  M AJ S e <- M         : 
M AJ SIL e <- M         : [mx   155(0) +=    39] [mg   155(0) <-    39] [mx   158(1) +=    40] [mg   158(1) <-    40] 
  M AJ T e <- M         : 
 M AJ TR e <- M         : 
  M AJ X e <- M         : 
 M CH AS b <- M         : 
  M E AS b <- M         : 
  M EE A e <- M         : 
 M EE AS b <- M         : 
  M EE C e <- M         : 
 M EE DD e <- M         : 
  M EE K e <- M         : 
 M EE KH e <- M         : 
  M EE L e <- M         : 
  M EE M e <- M         : 
 M EE PH e <- M         : 
  M EE R e <- M         : 
  M EE S e <- M         : 
M EE SIL e <- M         : 
  M EE T e <- M         : 
 M EE TR e <- M         : 
  M EE X e <- M         : 
  M F AS b <- M         : 
  M I AS b <- M         : 
  M M AS b <- M         : 
  M N AS b <- M         : 
 M NG AS b <- M         : 
  M O AS b <- M         : 
M OWR AS b <- M         : 
M SIL AS b <- M         : 
  M T AS b <- M         : 
  M Y AS b <- M         : 
  N AJ A e <- N         : [mx   162(0) +=    42] [mg   162(0) <-    42] [mx   163(1) +=    43] [mg   163(1) <-    43] [mx   164(2) +=    44] [mg   164(2) <-    44] 
  N AJ C e <- N         : 
 N AJ DD e <- N         : 
  N AJ K e <- N         : 
 N AJ KH e <- N         : 
  N AJ L e <- N         : 
  N AJ M e <- N         : 
 N AJ PH e <- N         : 
  N AJ R e <- N         : 
  N AJ S e <- N         : 
N AJ SIL e <- N         : 
  N AJ T e <- N         : 
 N AJ TR e <- N         : 
  N AJ X e <- N         : 
 NG OO A e <- NG        : [mx   165(0) +=    45] [mg   165(0) <-    45] [mx   167(1) +=    46] [mg   167(1) <-    46] [mx   169(2) +=    47] [mg   169(2) <-    47] 
 NG OO C e <- NG        : 
NG OO DD e <- NG        : 
 NG OO K e <- NG        : 
NG OO KH e <- NG        : 
 NG OO L e <- NG        : 
 NG OO M e <- NG        : 
NG OO PH e <- NG        : 
 NG OO R e <- NG        : 
 NG OO S e <- NG        : 
NG OO SIL e <- NG        : 
 NG OO T e <- NG        : 
NG OO TR e <- NG        : 
 NG OO X e <- NG        : 
 NG US A e <- NG        : [mx   166(0) +=    45] [mg   166(0) <-    45] [mx   168(1) +=    46] [mg   168(1) <-    46] [mx   170(2) +=    47] [mg   170(2) <-    47] 
 NG US C e <- NG        : 
NG US DD e <- NG        : 
 NG US K e <- NG        : 
NG US KH e <- NG        : 
 NG US L e <- NG        : 
 NG US M e <- NG        : 
NG US PH e <- NG        : 
 NG US R e <- NG        : 
 NG US S e <- NG        : 
NG US SIL e <- NG        : 
 NG US T e <- NG        : 
NG US TR e <- NG        : 
 NG US X e <- NG        : 
   O A A e <- O         : [mx   171(0) +=    48] [mg   171(0) <-    48] [mx   172(1) +=    49] [mg   172(1) <-    49] [mx   173(2) +=    50] [mg   173(2) <-    50] 
   O A C e <- O         : 
  O A DD e <- O         : 
   O A K e <- O         : 
  O A KH e <- O         : 
   O A L e <- O         : 
   O A M e <- O         : 
  O A PH e <- O         : 
   O A R e <- O         : 
   O A S e <- O         : 
 O A SIL e <- O         : 
   O A T e <- O         : 
  O A TR e <- O         : 
   O A X e <- O         : 
OO KH NG i <- OO        : [mx   174(0) +=    51] [mg   174(0) <-    51] [mx   175(1) +=    52] [mg   175(1) <-    52] [mx   176(2) +=    53] [mg   176(2) <-    53] 
OWR TR A e <- OWR       : [mx   177(0) +=    54] [mg   177(0) <-    54] [mx   178(1) +=    55] [mg   178(1) <-    55] [mx   179(2) +=    56] [mg   179(2) <-    56] 
OWR TR C e <- OWR       : 
OWR TR DD e <- OWR       : 
OWR TR K e <- OWR       : 
OWR TR KH e <- OWR       : 
OWR TR L e <- OWR       : 
OWR TR M e <- OWR       : 
OWR TR PH e <- OWR       : 
OWR TR R e <- OWR       : 
OWR TR S e <- OWR       : 
OWR TR SIL e <- OWR       : 
OWR TR T e <- OWR       : 
OWR TR TR e <- OWR       : 
OWR TR X e <- OWR       : 
 PH A EE b <- PH        : [mx   180(0) +=    57] [mg   180(0) <-    57] [mx   181(1) +=    58] [mg   181(1) <-    58] [mx   182(2) +=    59] [mg   182(2) <-    59] 
PH CH EE b <- PH        : 
 PH E EE b <- PH        : 
PH EE EE b <- PH        : 
 PH F EE b <- PH        : 
 PH I EE b <- PH        : 
 PH M EE b <- PH        : 
 PH N EE b <- PH        : 
PH NG EE b <- PH        : 
 PH O EE b <- PH        : 
PH OWR EE b <- PH        : 
PH SIL EE b <- PH        : 
 PH T EE b <- PH        : 
 PH Y EE b <- PH        : 
   R A A b <- R         : [mx   183(0) +=    60] [mg   183(0) <-    60] [mx   184(1) +=    61] [mg   184(1) <-    61] [mx   185(2) +=    62] [mg   185(2) <-    62] 
  R CH A b <- R         : 
   R E A b <- R         : 
  R EE A b <- R         : 
   R F A b <- R         : 
   R I A b <- R         : 
   R M A b <- R         : 
   R N A b <- R         : 
  R NG A b <- R         : 
   R O A b <- R         : 
 R OWR A b <- R         : 
 R SIL A b <- R         : 
   R T A b <- R         : 
   R Y A b <- R         : 
  S A AJ b <- S         : [mx   186(0) +=    63] [mg   186(0) <-    63] [mx   187(1) +=    64] [mg   187(1) <-    64] [mx   188(2) +=    65] [mg   188(2) <-    65] 
 S CH AJ b <- S         : 
  S E AJ b <- S         : 
 S EE AJ b <- S         : 
  S F AJ b <- S         : 
  S I AJ b <- S         : 
  S M AJ b <- S         : 
  S N AJ b <- S         : 
 S NG AJ b <- S         : 
  S O AJ b <- S         : 
S OWR AJ b <- S         : 
S SIL AJ b <- S         : 
  S T AJ b <- S         : 
  S Y AJ b <- S         : 
  T A EE b <- T         : [mx   190(0) +=    69] [mg   190(0) <-    69] [mx   192(1) +=    70] [mg   192(1) <-    70] [mx   194(2) +=    71] [mg   194(2) <-    71] 
  T AS A e <- T         : [mx   189(0) +=    69] [mg   189(0) <-    69] [mx   191(1) +=    70] [mg   191(1) <-    70] [mx   193(2) +=    71] [mg   193(2) <-    71] 
  T AS C e <- T         : 
 T AS DD e <- T         : 
  T AS K e <- T         : 
 T AS KH e <- T         : 
  T AS L e <- T         : 
  T AS M e <- T         : 
 T AS PH e <- T         : 
  T AS R e <- T         : 
  T AS S e <- T         : 
T AS SIL e <- T         : 
  T AS T e <- T         : 
 T AS TR e <- T         : 
  T AS X e <- T         : 
 T CH EE b <- T         : 
  T E EE b <- T         : 
 T EE EE b <- T         : 
  T F EE b <- T         : 
  T I EE b <- T         : 
  T M EE b <- T         : 
  T N EE b <- T         : 
 T NG EE b <- T         : 
  T O EE b <- T         : 
T OWR EE b <- T         : 
T SIL EE b <- T         : 
  T T EE b <- T         : 
  T Y EE b <- T         : 
 TR A AJ b <- TR        : [mx   196(0) +=    72] [mg   196(0) <-    72] [mx   198(1) +=    73] [mg   198(1) <-    73] [mx   200(2) +=    74] [mg   200(2) <-    74] 
TR A OWR b <- TR        : [mx   195(0) +=    72] [mg   195(0) <-    72] [mx   197(1) +=    73] [mg   197(1) <-    73] [mx   199(2) +=    74] [mg   199(2) <-    74] 
TR CH AJ b <- TR        : 
TR CH OWR b <- TR        : 
 TR E AJ b <- TR        : 
TR E OWR b <- TR        : 
TR EE AJ b <- TR        : 
TR EE OWR b <- TR        : 
 TR F AJ b <- TR        : 
TR F OWR b <- TR        : 
 TR I AJ b <- TR        : 
TR I OWR b <- TR        : 
 TR M AJ b <- TR        : 
TR M OWR b <- TR        : 
 TR N AJ b <- TR        : 
TR N OWR b <- TR        : 
TR NG AJ b <- TR        : 
TR NG OWR b <- TR        : 
 TR O AJ b <- TR        : 
TR O OWR b <- TR        : 
TR OWR AJ b <- TR        : 
TR OWR OWR b <- TR        : 
TR SIL AJ b <- TR        : 
TR SIL OWR b <- TR        : 
 TR T AJ b <- TR        : 
TR T OWR b <- TR        : 
 TR Y AJ b <- TR        : 
TR Y OWR b <- TR        : 
US DD NG i <- US        : [mx   201(0) +=    75] [mg   201(0) <-    75] [mx   202(1) +=    76] [mg   202(1) <-    76] [mx   203(2) +=    77] [mg   203(2) <-    77] 
   X A A b <- X         : [mx   204(0) +=    78] [mg   204(0) <-    78] [mx   205(1) +=    79] [mg   205(1) <-    79] [mx   206(2) +=    80] [mg   206(2) <-    80] 
  X CH A b <- X         : 
   X E A b <- X         : 
  X EE A b <- X         : 
   X F A b <- X         : 
   X I A b <- X         : 
   X M A b <- X         : 
   X N A b <- X         : 
  X NG A b <- X         : 
   X O A b <- X         : 
 X OWR A b <- X         : 
 X SIL A b <- X         : 
   X T A b <- X         : 
   X Y A b <- X         : 
   Y A A e <- Y         : [mx   207(0) +=    81] [mg   207(0) <-    81] [mx   208(1) +=    82] [mg   208(1) <-    82] [mx   209(2) +=    83] [mg   209(2) <-    83] 
   Y A C e <- Y         : 
  Y A DD e <- Y         : 
   Y A K e <- Y         : 
  Y A KH e <- Y         : 
   Y A L e <- Y         : 
   Y A M e <- Y         : 
  Y A PH e <- Y         : 
   Y A R e <- Y         : 
   Y A S e <- Y         : 
 Y A SIL e <- Y         : 
   Y A T e <- Y         : 
  Y A TR e <- Y         : 
   Y A X e <- Y         : INFO: main.c(529): Writing dest /home/rain/PycharmProjects/underthesea/automatic_speech_recognition/huanluyen2/huanluyen_diadiem/model_parameters/huanluyen_diadiem.cd_cont_initial/transition_matrices
INFO: s3tmat_io.c(176): Wrote /home/rain/PycharmProjects/underthesea/automatic_speech_recognition/huanluyen2/huanluyen_diadiem/model_parameters/huanluyen_diadiem.cd_cont_initial/transition_matrices [28x3x4 array]
INFO: main.c(540): Writing dest /home/rain/PycharmProjects/underthesea/automatic_speech_recognition/huanluyen2/huanluyen_diadiem/model_parameters/huanluyen_diadiem.cd_cont_initial/mixture_weights
INFO: s3mixw_io.c(233): Wrote /home/rain/PycharmProjects/underthesea/automatic_speech_recognition/huanluyen2/huanluyen_diadiem/model_parameters/huanluyen_diadiem.cd_cont_initial/mixture_weights [210x1x1 array]
INFO: main.c(549): Writing dest /home/rain/PycharmProjects/underthesea/automatic_speech_recognition/huanluyen2/huanluyen_diadiem/model_parameters/huanluyen_diadiem.cd_cont_initial/means
INFO: s3gau_io.c(228): Wrote /home/rain/PycharmProjects/underthesea/automatic_speech_recognition/huanluyen2/huanluyen_diadiem/model_parameters/huanluyen_diadiem.cd_cont_initial/means [210x1x1 array]
INFO: main.c(561): Writing dest /home/rain/PycharmProjects/underthesea/automatic_speech_recognition/huanluyen2/huanluyen_diadiem/model_parameters/huanluyen_diadiem.cd_cont_initial/variances
INFO: s3gau_io.c(228): Wrote /home/rain/PycharmProjects/underthesea/automatic_speech_recognition/huanluyen2/huanluyen_diadiem/model_parameters/huanluyen_diadiem.cd_cont_initial/variances [210x1x1 array]

Thu Dec 28 17:47:59 2017
