Current configuration:
[NAME]		[DEFLT]	[VALUE]
-dcountfn		/home/rain/PycharmProjects/underthesea/automatic_speech_recognition/huanluyen2/huanluyen_diadiem/model_parameters/huanluyen_diadiem.cd_cont_200/mixture_weights
-example	no	no
-fullvar	no	no
-help		no	no
-inmeanfn		/home/rain/PycharmProjects/underthesea/automatic_speech_recognition/huanluyen2/huanluyen_diadiem/model_parameters/huanluyen_diadiem.cd_cont_200/means
-inmixwfn		/home/rain/PycharmProjects/underthesea/automatic_speech_recognition/huanluyen2/huanluyen_diadiem/model_parameters/huanluyen_diadiem.cd_cont_200/mixture_weights
-invarfn		/home/rain/PycharmProjects/underthesea/automatic_speech_recognition/huanluyen2/huanluyen_diadiem/model_parameters/huanluyen_diadiem.cd_cont_200/variances
-ninc		1	2
-outmeanfn		/home/rain/PycharmProjects/underthesea/automatic_speech_recognition/huanluyen2/huanluyen_diadiem/model_parameters/huanluyen_diadiem.cd_cont_initial/means
-outmixwfn		/home/rain/PycharmProjects/underthesea/automatic_speech_recognition/huanluyen2/huanluyen_diadiem/model_parameters/huanluyen_diadiem.cd_cont_initial/mixture_weights
-outvarfn		/home/rain/PycharmProjects/underthesea/automatic_speech_recognition/huanluyen2/huanluyen_diadiem/model_parameters/huanluyen_diadiem.cd_cont_initial/variances

INFO: main.c(86): Reading mixing weight file /home/rain/PycharmProjects/underthesea/automatic_speech_recognition/huanluyen2/huanluyen_diadiem/model_parameters/huanluyen_diadiem.cd_cont_200/mixture_weights.
INFO: s3mixw_io.c(117): Read /home/rain/PycharmProjects/underthesea/automatic_speech_recognition/huanluyen2/huanluyen_diadiem/model_parameters/huanluyen_diadiem.cd_cont_200/mixture_weights [210x1x2 array]
INFO: s3gau_io.c(169): Read /home/rain/PycharmProjects/underthesea/automatic_speech_recognition/huanluyen2/huanluyen_diadiem/model_parameters/huanluyen_diadiem.cd_cont_200/means [210x1x2 array]
INFO: s3gau_io.c(169): Read /home/rain/PycharmProjects/underthesea/automatic_speech_recognition/huanluyen2/huanluyen_diadiem/model_parameters/huanluyen_diadiem.cd_cont_200/variances [210x1x2 array]
INFO: s3gau_io.c(553): Read /home/rain/PycharmProjects/underthesea/automatic_speech_recognition/huanluyen2/huanluyen_diadiem/model_parameters/huanluyen_diadiem.cd_cont_200/mixture_weights [210x1x2 array]
INFO: main.c(151): output n_density == 4
0:0(4.69e+03)1(4.54e+03)
1:1(5.88e+03)0(4.02e+03)
2:0(7.84e+03)1(4.25e+03)
3:1(2.33e+03)0(1.56e+03)
4:1(2.29e+03)0(2.06e+03)
5:1(3.37e+03)0(1.62e+03)
6:1(4.27e+03)0(2.01e+03)
7:0(1.20e+03)1(1.07e+03)
8:1(1.07e+03)0(6.58e+02)
9:1(1.11e+03)0(1.11e+03)
10:1(2.31e+03)0(1.75e+03)
11:1(3.26e+03)0(1.72e+03)
12:0(7.28e+02)1(4.11e+02)
13:0(9.12e+02)1(7.64e+02)
14:0(1.49e+03)1(1.31e+03)
15:0(3.72e+03)1(3.63e+03)
16:1(3.00e+03)0(1.21e+03)
17:0(4.82e+03)1(2.08e+03)
18:0(2.21e+03)1(1.96e+03)
19:0(3.60e+03)1(3.20e+03)
20:0(2.62e+03)1(2.25e+03)
21:1(2.49e+03)0(2.03e+03)
22:0(5.12e+03)1(4.84e+03)
23:0(6.99e+03)1(6.76e+03)
24:1(1.13e+03)0(1.09e+03)
25:1(1.79e+03)0(1.39e+03)
26:1(1.50e+03)0(1.10e+03)
27:1(2.60e+03)0(2.55e+03)
28:1(3.41e+03)0(3.26e+03)
29:1(2.95e+03)0(2.83e+03)
30:0(1.38e+03)1(1.27e+03)
31:0(2.07e+03)1(1.32e+03)
32:0(2.74e+03)1(1.48e+03)
33:1(6.73e+03)0(4.58e+03)
34:0(7.15e+03)1(2.01e+03)
35:0(4.76e+03)1(1.92e+03)
36:0(1.04e+03)1(8.15e+02)
37:0(7.69e+02)1(5.81e+02)
38:1(7.22e+02)0(5.48e+02)
39:1(4.79e+03)0(2.47e+03)
40:0(5.23e+03)1(5.19e+03)
41:1(7.63e+03)0(3.42e+03)
42:0(2.47e+03)1(2.34e+03)
43:0(2.85e+03)1(2.81e+03)
44:1(2.45e+03)0(2.40e+03)
45:1(2.01e+04)0(1.64e+04)
46:1(1.39e+04)0(1.38e+04)
47:0(1.49e+04)1(1.48e+04)
48:1(2.23e+03)0(1.45e+03)
49:1(1.25e+03)0(1.08e+03)
50:1(1.08e+03)0(8.34e+02)
51:1(1.81e+03)0(1.80e+03)
52:1(4.25e+03)0(3.06e+03)
53:0(2.89e+03)1(2.49e+03)
54:1(2.00e+03)0(1.20e+03)
55:0(1.15e+03)1(1.01e+03)
56:0(2.11e+03)1(1.90e+03)
57:1(1.04e+03)0(8.29e+02)
58:1(8.45e+02)0(6.24e+02)
59:0(7.29e+02)1(4.94e+02)
60:0(1.09e+03)1(9.39e+02)
61:0(1.36e+03)1(1.28e+03)
62:1(1.72e+03)0(1.55e+03)
63:0(1.00e+03)1(8.36e+02)
64:0(6.38e+02)1(5.96e+02)
65:1(9.77e+02)0(6.25e+02)
66:1(2.21e+04)0(2.07e+04)
67:1(3.96e+04)0(3.25e+04)
68:0(1.46e+04)1(1.21e+04)
69:0(1.00e+03)1(9.41e+02)
70:1(1.17e+03)0(8.11e+02)
71:1(3.06e+03)0(1.62e+03)
72:0(1.49e+03)1(1.48e+03)
73:0(1.52e+03)1(1.39e+03)
74:0(4.55e+03)1(3.13e+03)
75:0(3.30e+03)1(2.96e+03)
76:1(3.48e+03)0(3.03e+03)
77:1(6.51e+03)0(6.37e+03)
78:0(2.22e+03)1(2.03e+03)
79:0(2.60e+03)1(2.36e+03)
80:0(2.86e+03)1(2.83e+03)
81:1(1.53e+03)0(1.16e+03)
82:1(2.58e+03)0(1.70e+03)
83:1(9.26e+02)0(5.15e+02)
84:1(1.04e+03)0(7.27e+02)
85:1(9.02e+02)0(4.31e+02)
86:0(1.08e+03)1(5.64e+02)
87:1(9.02e+02)0(8.09e+02)
88:1(1.52e+03)0(1.26e+03)
89:1(7.72e+02)0(5.24e+02)
90:1(7.33e+02)0(5.08e+02)
91:1(6.60e+02)0(5.41e+02)
92:1(1.11e+03)0(7.12e+02)
93:0(2.36e+03)1(1.97e+03)
94:1(7.52e+02)0(5.18e+02)
95:0(1.05e+03)1(8.81e+02)
96:1(1.07e+03)0(7.62e+02)
97:1(1.47e+03)0(1.33e+03)
98:1(2.17e+03)0(2.07e+03)
99:0(7.25e+02)1(4.17e+02)
100:1(7.41e+02)0(5.80e+02)
101:0(8.14e+02)1(6.17e+02)
102:0(6.69e+02)1(6.39e+02)
103:0(6.51e+02)1(6.48e+02)
104:0(9.04e+02)1(8.35e+02)
105:1(1.01e+03)0(8.47e+02)
106:0(1.04e+03)1(4.40e+02)
107:1(8.94e+02)0(7.59e+02)
108:1(7.89e+02)0(6.56e+02)
109:1(3.34e+03)0(1.50e+03)
110:1(5.49e+02)0(2.83e+02)
111:0(8.96e+02)1(5.40e+02)
112:1(4.72e+02)0(2.89e+02)
113:1(6.07e+02)0(3.66e+02)
114:1(1.11e+03)0(1.11e+03)
115:1(2.31e+03)0(1.75e+03)
116:1(3.26e+03)0(1.72e+03)
117:0(7.28e+02)1(4.11e+02)
118:0(9.12e+02)1(7.64e+02)
119:0(1.49e+03)1(1.31e+03)
120:0(3.72e+03)1(3.63e+03)
121:1(3.00e+03)0(1.21e+03)
122:0(4.82e+03)1(2.08e+03)
123:0(2.21e+03)1(1.96e+03)
124:0(3.60e+03)1(3.20e+03)
125:0(2.62e+03)1(2.25e+03)
126:1(1.51e+03)0(1.37e+03)
127:0(9.62e+02)1(6.80e+02)
128:0(1.83e+03)1(1.72e+03)
129:0(3.39e+03)1(3.01e+03)
130:0(2.50e+03)1(2.30e+03)
131:1(4.52e+03)0(4.42e+03)
132:1(1.13e+03)0(1.09e+03)
133:1(1.79e+03)0(1.39e+03)
134:1(1.50e+03)0(1.10e+03)
135:1(2.60e+03)0(2.55e+03)
136:1(3.41e+03)0(3.26e+03)
137:1(2.95e+03)0(2.83e+03)
138:1(6.79e+02)0(5.95e+02)
139:1(8.44e+02)0(5.31e+02)
140:0(6.41e+02)1(5.91e+02)
141:0(1.13e+03)1(1.02e+03)
142:0(8.52e+02)1(6.05e+02)
143:0(1.77e+03)1(9.87e+02)
144:1(1.22e+03)0(4.48e+02)
145:1(5.66e+03)0(3.98e+03)
146:0(1.11e+03)1(6.59e+02)
147:0(3.71e+03)1(3.69e+03)
148:1(1.19e+03)0(7.12e+02)
149:1(2.60e+03)0(2.18e+03)
150:0(1.04e+03)1(8.15e+02)
151:0(7.69e+02)1(5.81e+02)
152:1(7.22e+02)0(5.48e+02)
153:1(1.06e+03)0(1.01e+03)
154:0(1.66e+03)1(1.25e+03)
155:1(1.20e+03)0(1.08e+03)
156:0(2.05e+03)1(1.72e+03)
157:0(2.54e+03)1(1.83e+03)
158:1(1.45e+03)0(8.31e+02)
159:1(1.71e+03)0(1.71e+03)
160:0(3.03e+03)1(1.57e+03)
161:1(1.71e+03)0(1.33e+03)
162:0(2.47e+03)1(2.34e+03)
163:0(2.85e+03)1(2.81e+03)
164:1(2.45e+03)0(2.40e+03)
165:0(9.18e+03)1(6.18e+03)
166:1(1.25e+04)0(8.59e+03)
167:0(7.96e+03)1(7.89e+03)
168:1(5.99e+03)0(5.80e+03)
169:1(7.58e+03)0(7.47e+03)
170:0(7.28e+03)1(7.28e+03)
171:1(2.23e+03)0(1.45e+03)
172:1(1.25e+03)0(1.08e+03)
173:1(1.08e+03)0(8.34e+02)
174:1(1.81e+03)0(1.80e+03)
175:1(4.25e+03)0(3.06e+03)
176:0(2.89e+03)1(2.49e+03)
177:1(2.00e+03)0(1.20e+03)
178:0(1.15e+03)1(1.01e+03)
179:0(2.11e+03)1(1.90e+03)
180:1(1.04e+03)0(8.29e+02)
181:1(8.45e+02)0(6.24e+02)
182:0(7.29e+02)1(4.94e+02)
183:0(1.09e+03)1(9.39e+02)
184:0(1.36e+03)1(1.28e+03)
185:1(1.72e+03)0(1.55e+03)
186:0(1.00e+03)1(8.36e+02)
187:0(6.38e+02)1(5.96e+02)
188:1(9.77e+02)0(6.25e+02)
189:1(5.68e+02)0(3.10e+02)
190:1(6.14e+02)0(4.51e+02)
191:1(7.49e+02)0(4.09e+02)
192:1(4.56e+02)0(3.63e+02)
193:1(1.76e+03)0(1.29e+03)
194:1(1.07e+03)0(5.58e+02)
195:0(8.15e+02)1(8.12e+02)
196:0(6.90e+02)1(6.46e+02)
197:0(9.06e+02)1(6.45e+02)
198:0(7.39e+02)1(6.15e+02)
199:1(2.84e+03)0(2.14e+03)
200:0(1.41e+03)1(1.28e+03)
201:0(3.30e+03)1(2.96e+03)
202:1(3.48e+03)0(3.03e+03)
203:1(6.51e+03)0(6.37e+03)
204:0(2.22e+03)1(2.03e+03)
205:0(2.60e+03)1(2.36e+03)
206:0(2.86e+03)1(2.83e+03)
207:1(1.53e+03)0(1.16e+03)
208:1(2.58e+03)0(1.70e+03)
209:1(9.26e+02)0(5.15e+02)INFO: s3mixw_io.c(233): Wrote /home/rain/PycharmProjects/underthesea/automatic_speech_recognition/huanluyen2/huanluyen_diadiem/model_parameters/huanluyen_diadiem.cd_cont_initial/mixture_weights [210x1x4 array]
INFO: s3gau_io.c(228): Wrote /home/rain/PycharmProjects/underthesea/automatic_speech_recognition/huanluyen2/huanluyen_diadiem/model_parameters/huanluyen_diadiem.cd_cont_initial/means [210x1x4 array]
INFO: s3gau_io.c(228): Wrote /home/rain/PycharmProjects/underthesea/automatic_speech_recognition/huanluyen2/huanluyen_diadiem/model_parameters/huanluyen_diadiem.cd_cont_initial/variances [210x1x4 array]

Thu Dec 28 16:10:50 2017
