Current configuration:
[NAME]		[DEFLT]	[VALUE]
-allphones	no	no
-cntthresh	0.00001	1.000000e-05
-csplitmax	100	2000
-csplitmin	1	1
-csplitthr	8e-4	0.000000e+00
-example	no	no
-fullvar	no	no
-help		no	no
-meanfn			./model_parameters/huanluyen_diadiem.cd_cont_untied/means
-mixwfn			./model_parameters/huanluyen_diadiem.cd_cont_untied/mixture_weights
-moddeffn		./model_architecture/huanluyen_diadiem.untied.mdef
-mwfloor	1e-4	1.000000e-08
-phone			AJ
-psetfn			./model_architecture/huanluyen_diadiem.tree_questions
-ssplitmax	5	7
-ssplitmin	1	1
-ssplitthr	8e-4	0.000000e+00
-state			2
-stwt			1.0,0.05,0.0,
-treefn			./trees/huanluyen_diadiem.unpruned/AJ-2.dtree
-ts2cbfn	.semi.	.cont.
-varfloor	0.00001	1.000000e-05
-varfn			./model_parameters/huanluyen_diadiem.cd_cont_untied/variances

INFO: main.c(223): Reading: ./model_architecture/huanluyen_diadiem.untied.mdef
INFO: model_def_io.c(573): Model definition info:
INFO: model_def_io.c(574): 70 total models defined (28 base, 42 tri)
INFO: model_def_io.c(575): 280 total states
INFO: model_def_io.c(576): 210 total tied states
INFO: model_def_io.c(577): 84 total tied CI states
INFO: model_def_io.c(578): 28 total tied transition matrices
INFO: model_def_io.c(579): 4 max state/model
INFO: model_def_io.c(580): 4 min state/model
INFO: main.c(242): Building trees for [AJ L I i] through [AJ TR M i]
INFO: main.c(269): Covering states |[99 107]| == 9
INFO: main.c(275): Reading: ./model_parameters/huanluyen_diadiem.cd_cont_untied/mixture_weights
INFO: s3mixw_io.c(173): Read ./model_parameters/huanluyen_diadiem.cd_cont_untied/mixture_weights [9x1x1 array]
INFO: main.c(311): 3 of 3 models have observation count greater than 0.000010
INFO: main.c(95): nrm stwt: 0.000 0.048 0.952 
INFO: s3gau_io.c(169): Read ./model_parameters/huanluyen_diadiem.cd_cont_untied/means [210x1x1 array]
INFO: s3gau_io.c(169): Read ./model_parameters/huanluyen_diadiem.cd_cont_untied/variances [210x1x1 array]
INFO: main.c(549): Reading: ./model_architecture/huanluyen_diadiem.tree_questions
INFO: main.c(588): 180 total simple questions (172 phone; 8 word bndry)
INFO: main.c(590): 42 Left Only questions, and 42 Right Only questions
INFO: dtree.c(1439): stop. leaf nodes are specific
INFO: dtree.c(1478): Final simple tree
|( QUESTION0_0_R 1 -9.471e+05 5.873e+03 4.051e+03
|    ( - -3.505e+05 1 0)
|    ( QUESTION0_18_R 1 -5.907e+05 2.931e+03 2.574e+03
|        ( - -3.352e+05 1 0)
|        ( - -2.526e+05 1 0)))
s>    ( QUESTION0_0_R 1 -9.471e+05 5.873e+03 4.051e+03
s>        ( - -3.505e+05 1 0)
s>        ( QUESTION0_18_R 1 -5.907e+05 2.931e+03 2.574e+03
s>            ( - -3.352e+05 1 0)
s>            ( - -2.526e+05 1 0)))INFO: dtree.c(1315): Comp split 0
INFO: dtree.c(1439): stop. leaf nodes are specific
INFO: dtree.c(1478): Final simple tree
|( QUESTION0_18_R 1 -5.907e+05 2.931e+03 2.574e+03
|    ( - -3.352e+05 1 0)
|    ( - -2.526e+05 1 0))
s>    ( QUESTION0_18_R 1 -5.907e+05 2.931e+03 2.574e+03
s>        ( - -3.352e+05 1 0)
s>        ( - -2.526e+05 1 0))INFO: dtree.c(1315): Comp split 1
INFO: dtree.c(1315): Comp split 2
INFO: dtree.c(1318): stop. leaf nodes are specific
Fri Dec 29 09:15:43 2017
