Current configuration:
[NAME]		[DEFLT]	[VALUE]
-allphones	no	no
-example	no	no
-help		no	no
-itreedir		/home/rain/PycharmProjects/underthesea/automatic_speech_recognition/huanluyen2/huanluyen_diadiem/trees/huanluyen_diadiem.unpruned
-minocc		0.0	0.000000e+00
-moddeffn		/home/rain/PycharmProjects/underthesea/automatic_speech_recognition/huanluyen2/huanluyen_diadiem/model_architecture/huanluyen_diadiem.alltriphones.mdef
-nseno			200
-otreedir		/home/rain/PycharmProjects/underthesea/automatic_speech_recognition/huanluyen2/huanluyen_diadiem/trees/huanluyen_diadiem.200
-psetfn			/home/rain/PycharmProjects/underthesea/automatic_speech_recognition/huanluyen2/huanluyen_diadiem/model_architecture/huanluyen_diadiem.tree_questions

INFO: main.c(76): Reading: /home/rain/PycharmProjects/underthesea/automatic_speech_recognition/huanluyen2/huanluyen_diadiem/model_architecture/huanluyen_diadiem.alltriphones.mdef
INFO: model_def_io.c(573): Model definition info:
INFO: model_def_io.c(574): 486 total models defined (28 base, 458 tri)
INFO: model_def_io.c(575): 1944 total states
INFO: model_def_io.c(576): 1458 total tied states
INFO: model_def_io.c(577): 84 total tied CI states
INFO: model_def_io.c(578): 28 total tied transition matrices
INFO: model_def_io.c(579): 4 max state/model
INFO: model_def_io.c(580): 4 min state/model
INFO: main.c(82): Reading: /home/rain/PycharmProjects/underthesea/automatic_speech_recognition/huanluyen2/huanluyen_diadiem/model_architecture/huanluyen_diadiem.tree_questions
INFO: main.c(185): A-0	5 [0 < 0.000000e+00]
INFO: main.c(185): A-1	5 [0 < 0.000000e+00]
INFO: main.c(185): A-2	5 [0 < 0.000000e+00]
INFO: main.c(185): AJ-0	3 [0 < 0.000000e+00]
INFO: main.c(185): AJ-1	3 [0 < 0.000000e+00]
INFO: main.c(185): AJ-2	3 [0 < 0.000000e+00]
INFO: main.c(185): AS-0	2 [0 < 0.000000e+00]
INFO: main.c(185): AS-1	2 [0 < 0.000000e+00]
INFO: main.c(185): AS-2	2 [0 < 0.000000e+00]
INFO: main.c(185): C-0	1 [0 < 0.000000e+00]
INFO: main.c(185): C-1	1 [0 < 0.000000e+00]
INFO: main.c(185): C-2	1 [0 < 0.000000e+00]
INFO: main.c(185): CH-0	1 [0 < 0.000000e+00]
INFO: main.c(185): CH-1	1 [0 < 0.000000e+00]
INFO: main.c(185): CH-2	1 [0 < 0.000000e+00]
INFO: main.c(185): DD-0	1 [0 < 0.000000e+00]
INFO: main.c(185): DD-1	1 [0 < 0.000000e+00]
INFO: main.c(185): DD-2	1 [0 < 0.000000e+00]
INFO: main.c(185): E-0	1 [0 < 0.000000e+00]
INFO: main.c(185): E-1	1 [0 < 0.000000e+00]
INFO: main.c(185): E-2	1 [0 < 0.000000e+00]
INFO: main.c(185): EE-0	2 [0 < 0.000000e+00]
INFO: main.c(185): EE-1	2 [0 < 0.000000e+00]
INFO: main.c(185): EE-2	2 [0 < 0.000000e+00]
INFO: main.c(185): F-0	1 [0 < 0.000000e+00]
INFO: main.c(185): F-1	1 [0 < 0.000000e+00]
INFO: main.c(185): F-2	1 [0 < 0.000000e+00]
INFO: main.c(185): I-0	1 [0 < 0.000000e+00]
INFO: main.c(185): I-1	1 [0 < 0.000000e+00]
INFO: main.c(185): I-2	1 [0 < 0.000000e+00]
INFO: main.c(185): K-0	2 [0 < 0.000000e+00]
INFO: main.c(185): K-1	2 [0 < 0.000000e+00]
INFO: main.c(185): K-2	2 [0 < 0.000000e+00]
INFO: main.c(185): KH-0	2 [0 < 0.000000e+00]
INFO: main.c(185): KH-1	2 [0 < 0.000000e+00]
INFO: main.c(185): KH-2	2 [0 < 0.000000e+00]
INFO: main.c(185): L-0	1 [0 < 0.000000e+00]
INFO: main.c(185): L-1	1 [0 < 0.000000e+00]
INFO: main.c(185): L-2	1 [0 < 0.000000e+00]
INFO: main.c(185): M-0	3 [0 < 0.000000e+00]
INFO: main.c(185): M-1	3 [0 < 0.000000e+00]
INFO: main.c(185): M-2	3 [0 < 0.000000e+00]
INFO: main.c(185): N-0	1 [0 < 0.000000e+00]
INFO: main.c(185): N-1	1 [0 < 0.000000e+00]
INFO: main.c(185): N-2	1 [0 < 0.000000e+00]
INFO: main.c(185): NG-0	2 [0 < 0.000000e+00]
INFO: main.c(185): NG-1	2 [0 < 0.000000e+00]
INFO: main.c(185): NG-2	2 [0 < 0.000000e+00]
INFO: main.c(185): O-0	1 [0 < 0.000000e+00]
INFO: main.c(185): O-1	1 [0 < 0.000000e+00]
INFO: main.c(185): O-2	1 [0 < 0.000000e+00]
INFO: main.c(185): OO-0	1 [0 < 0.000000e+00]
INFO: main.c(185): OO-1	1 [0 < 0.000000e+00]
INFO: main.c(185): OO-2	1 [0 < 0.000000e+00]
INFO: main.c(185): OWR-0	1 [0 < 0.000000e+00]
INFO: main.c(185): OWR-1	1 [0 < 0.000000e+00]
INFO: main.c(185): OWR-2	1 [0 < 0.000000e+00]
INFO: main.c(185): PH-0	1 [0 < 0.000000e+00]
INFO: main.c(185): PH-1	1 [0 < 0.000000e+00]
INFO: main.c(185): PH-2	1 [0 < 0.000000e+00]
INFO: main.c(185): R-0	1 [0 < 0.000000e+00]
INFO: main.c(185): R-1	1 [0 < 0.000000e+00]
INFO: main.c(185): R-2	1 [0 < 0.000000e+00]
INFO: main.c(185): S-0	1 [0 < 0.000000e+00]
INFO: main.c(185): S-1	1 [0 < 0.000000e+00]
INFO: main.c(185): S-2	1 [0 < 0.000000e+00]
INFO: main.c(185): T-0	2 [0 < 0.000000e+00]
INFO: main.c(185): T-1	2 [0 < 0.000000e+00]
INFO: main.c(185): T-2	2 [0 < 0.000000e+00]
INFO: main.c(185): TR-0	2 [0 < 0.000000e+00]
INFO: main.c(185): TR-1	2 [0 < 0.000000e+00]
INFO: main.c(185): TR-2	2 [0 < 0.000000e+00]
INFO: main.c(185): US-0	1 [0 < 0.000000e+00]
INFO: main.c(185): US-1	1 [0 < 0.000000e+00]
INFO: main.c(185): US-2	1 [0 < 0.000000e+00]
INFO: main.c(185): X-0	1 [0 < 0.000000e+00]
INFO: main.c(185): X-1	1 [0 < 0.000000e+00]
INFO: main.c(185): X-2	1 [0 < 0.000000e+00]
INFO: main.c(185): Y-0	1 [0 < 0.000000e+00]
INFO: main.c(185): Y-1	1 [0 < 0.000000e+00]
INFO: main.c(185): Y-2	1 [0 < 0.000000e+00]
INFO: main.c(270): Prior to pruning n_seno= 126
WARN: "main.c", line 275: n_seno_wanted= 200, but only 126 defined by trees
INFO: main.c(278): n_twig= 32
INFO: main.c(386): A-0	9
INFO: main.c(386): A-1	9
INFO: main.c(386): A-2	9
INFO: main.c(386): AJ-0	5
INFO: main.c(386): AJ-1	5
INFO: main.c(386): AJ-2	5
INFO: main.c(386): AS-0	3
INFO: main.c(386): AS-1	3
INFO: main.c(386): AS-2	3
INFO: main.c(386): C-0	1
INFO: main.c(386): C-1	1
INFO: main.c(386): C-2	1
INFO: main.c(386): CH-0	1
INFO: main.c(386): CH-1	1
INFO: main.c(386): CH-2	1
INFO: main.c(386): DD-0	1
INFO: main.c(386): DD-1	1
INFO: main.c(386): DD-2	1
INFO: main.c(386): E-0	1
INFO: main.c(386): E-1	1
INFO: main.c(386): E-2	1
INFO: main.c(386): EE-0	3
INFO: main.c(386): EE-1	3
INFO: main.c(386): EE-2	3
INFO: main.c(386): F-0	1
INFO: main.c(386): F-1	1
INFO: main.c(386): F-2	1
INFO: main.c(386): I-0	1
INFO: main.c(386): I-1	1
INFO: main.c(386): I-2	1
INFO: main.c(386): K-0	3
INFO: main.c(386): K-1	3
INFO: main.c(386): K-2	3
INFO: main.c(386): KH-0	3
INFO: main.c(386): KH-1	3
INFO: main.c(386): KH-2	3
INFO: main.c(386): L-0	1
INFO: main.c(386): L-1	1
INFO: main.c(386): L-2	1
INFO: main.c(386): M-0	5
INFO: main.c(386): M-1	5
INFO: main.c(386): M-2	5
INFO: main.c(386): N-0	1
INFO: main.c(386): N-1	1
INFO: main.c(386): N-2	1
INFO: main.c(386): NG-0	3
INFO: main.c(386): NG-1	3
INFO: main.c(386): NG-2	3
INFO: main.c(386): O-0	1
INFO: main.c(386): O-1	1
INFO: main.c(386): O-2	1
INFO: main.c(386): OO-0	1
INFO: main.c(386): OO-1	1
INFO: main.c(386): OO-2	1
INFO: main.c(386): OWR-0	1
INFO: main.c(386): OWR-1	1
INFO: main.c(386): OWR-2	1
INFO: main.c(386): PH-0	1
INFO: main.c(386): PH-1	1
INFO: main.c(386): PH-2	1
INFO: main.c(386): R-0	1
INFO: main.c(386): R-1	1
INFO: main.c(386): R-2	1
INFO: main.c(386): S-0	1
INFO: main.c(386): S-1	1
INFO: main.c(386): S-2	1
INFO: main.c(386): T-0	3
INFO: main.c(386): T-1	3
INFO: main.c(386): T-2	3
INFO: main.c(386): TR-0	3
INFO: main.c(386): TR-1	3
INFO: main.c(386): TR-2	3
INFO: main.c(386): US-0	1
INFO: main.c(386): US-1	1
INFO: main.c(386): US-2	1
INFO: main.c(386): X-0	1
INFO: main.c(386): X-1	1
INFO: main.c(386): X-2	1
INFO: main.c(386): Y-0	1
INFO: main.c(386): Y-1	1
INFO: main.c(386): Y-2	1
Thu Dec 28 16:25:54 2017
