Current configuration:
[NAME]		[DEFLT]	[VALUE]
-accumdir		/home/rain/PycharmProjects/underthesea/automatic_speech_recognition/experiment/diadiem/bwaccumdir/diadiem_buff_1,
-constE		3.0	3.000000e+00
-dcountfn		
-example	no	no
-fullvar	no	no
-help		no	no
-inmeanfn		
-inmixwfn		
-invarfn		
-meanfn			/home/rain/PycharmProjects/underthesea/automatic_speech_recognition/experiment/diadiem/model_parameters/diadiem.ci_cont/means
-mixwfn			/home/rain/PycharmProjects/underthesea/automatic_speech_recognition/experiment/diadiem/model_parameters/diadiem.ci_cont/mixture_weights
-mmie		no	no
-oaccumdir		
-regmatfn		
-tiedvar	no	no
-tmatfn			/home/rain/PycharmProjects/underthesea/automatic_speech_recognition/experiment/diadiem/model_parameters/diadiem.ci_cont/transition_matrices
-varfn			/home/rain/PycharmProjects/underthesea/automatic_speech_recognition/experiment/diadiem/model_parameters/diadiem.ci_cont/variances

INFO: main.c(207): Reading and accumulating counts from /home/rain/PycharmProjects/underthesea/automatic_speech_recognition/experiment/diadiem/bwaccumdir/diadiem_buff_1
INFO: s3mixw_io.c(117): Read /home/rain/PycharmProjects/underthesea/automatic_speech_recognition/experiment/diadiem/bwaccumdir/diadiem_buff_1/mixw_counts [69x1x1 array]
INFO: s3tmat_io.c(118): Read /home/rain/PycharmProjects/underthesea/automatic_speech_recognition/experiment/diadiem/bwaccumdir/diadiem_buff_1/tmat_counts [23x3x4 array]
INFO: s3gau_io.c(386): Read /home/rain/PycharmProjects/underthesea/automatic_speech_recognition/experiment/diadiem/bwaccumdir/diadiem_buff_1/gauden_counts with means with vars (2pass) [69x1x1 vector arrays]
INFO: main.c(321): -2passvar yes
INFO: main.c(391): Normalizing mean for n_mgau= 69, n_stream= 1, n_density= 1
INFO: main.c(414): Normalizing var
INFO: s3mixw_io.c(233): Wrote /home/rain/PycharmProjects/underthesea/automatic_speech_recognition/experiment/diadiem/model_parameters/diadiem.ci_cont/mixture_weights [69x1x1 array]
INFO: s3tmat_io.c(176): Wrote /home/rain/PycharmProjects/underthesea/automatic_speech_recognition/experiment/diadiem/model_parameters/diadiem.ci_cont/transition_matrices [23x3x4 array]
INFO: s3gau_io.c(228): Wrote /home/rain/PycharmProjects/underthesea/automatic_speech_recognition/experiment/diadiem/model_parameters/diadiem.ci_cont/means [69x1x1 array]
INFO: s3gau_io.c(228): Wrote /home/rain/PycharmProjects/underthesea/automatic_speech_recognition/experiment/diadiem/model_parameters/diadiem.ci_cont/variances [69x1x1 array]
Thu Jan  4 11:08:45 2018
Current Overall Likelihood Per Frame = -157.297250679577
Convergence ratio = 1.49976200308848
