Current configuration:
[NAME]		[DEFLT]	[VALUE]
-example	no	no
-help		no	no
-mixwfn			model_parameters/diadiem.ci_cont_flatinitial/mixture_weights
-moddeffn		./model_architecture/diadiem.ci.mdef
-ndensity	256	1
-nstream	4	1
-tmatfn			model_parameters/diadiem.ci_cont_flatinitial/transition_matrices
-topo			./model_architecture/diadiem.topology

INFO: model_def_io.c(573): Model definition info:
INFO: model_def_io.c(574): 23 total models defined (23 base, 0 tri)
INFO: model_def_io.c(575): 92 total states
INFO: model_def_io.c(576): 69 total tied states
INFO: model_def_io.c(577): 69 total tied CI states
INFO: model_def_io.c(578): 23 total tied transition matrices
INFO: model_def_io.c(579): 4 max state/model
INFO: model_def_io.c(580): 4 min state/model
INFO: s3tmat_io.c(176): Wrote model_parameters/diadiem.ci_cont_flatinitial/transition_matrices [23x3x4 array]
INFO: s3mixw_io.c(233): Wrote model_parameters/diadiem.ci_cont_flatinitial/mixture_weights [69x1x1 array]
main.c(83): Reading model definition file ./model_architecture/diadiem.ci.mdef
main.c(90): 23 models defined
Thu Jan  4 15:58:05 2018
