Current configuration:
[NAME]		[DEFLT]	[VALUE]
-allphones	no	no
-cntthresh	0.00001	1.000000e-05
-csplitmax	100	2000
-csplitmin	1	1
-csplitthr	8e-4	0.000000e+00
-example	no	no
-fullvar	no	no
-help		no	no
-meanfn			/home/rain/PycharmProjects/underthesea/automatic_speech_recognition/huanluyen2/huanluyen_diadiem/model_parameters/huanluyen_diadiem.cd_cont_untied/means
-mixwfn			/home/rain/PycharmProjects/underthesea/automatic_speech_recognition/huanluyen2/huanluyen_diadiem/model_parameters/huanluyen_diadiem.cd_cont_untied/mixture_weights
-moddeffn		/home/rain/PycharmProjects/underthesea/automatic_speech_recognition/huanluyen2/huanluyen_diadiem/model_architecture/huanluyen_diadiem.untied.mdef
-mwfloor	1e-4	1.000000e-08
-phone			A
-psetfn			/home/rain/PycharmProjects/underthesea/automatic_speech_recognition/huanluyen2/huanluyen_diadiem/model_architecture/huanluyen_diadiem.tree_questions
-ssplitmax	5	7
-ssplitmin	1	1
-ssplitthr	8e-4	0.000000e+00
-state			1
-stwt			1.0,0.05,0.0,
-treefn			/home/rain/PycharmProjects/underthesea/automatic_speech_recognition/huanluyen2/huanluyen_diadiem/trees/huanluyen_diadiem.unpruned/A-1.dtree
-ts2cbfn	.semi.	.cont.
-varfloor	0.00001	1.000000e-05
-varfn			/home/rain/PycharmProjects/underthesea/automatic_speech_recognition/huanluyen2/huanluyen_diadiem/model_parameters/huanluyen_diadiem.cd_cont_untied/variances

INFO: main.c(223): Reading: /home/rain/PycharmProjects/underthesea/automatic_speech_recognition/huanluyen2/huanluyen_diadiem/model_architecture/huanluyen_diadiem.untied.mdef
INFO: model_def_io.c(573): Model definition info:
INFO: model_def_io.c(574): 70 total models defined (28 base, 42 tri)
INFO: model_def_io.c(575): 280 total states
INFO: model_def_io.c(576): 210 total tied states
INFO: model_def_io.c(577): 84 total tied CI states
INFO: model_def_io.c(578): 28 total tied transition matrices
INFO: model_def_io.c(579): 4 max state/model
INFO: model_def_io.c(580): 4 min state/model
INFO: main.c(242): Building trees for [A C F i] through [A X SIL e]
INFO: main.c(269): Covering states |[84 98]| == 15
INFO: main.c(275): Reading: /home/rain/PycharmProjects/underthesea/automatic_speech_recognition/huanluyen2/huanluyen_diadiem/model_parameters/huanluyen_diadiem.cd_cont_untied/mixture_weights
INFO: s3mixw_io.c(173): Read /home/rain/PycharmProjects/underthesea/automatic_speech_recognition/huanluyen2/huanluyen_diadiem/model_parameters/huanluyen_diadiem.cd_cont_untied/mixture_weights [15x1x1 array]
INFO: main.c(311): 5 of 5 models have observation count greater than 0.000010
INFO: main.c(95): nrm stwt: 0.045 0.909 0.045 
INFO: s3gau_io.c(169): Read /home/rain/PycharmProjects/underthesea/automatic_speech_recognition/huanluyen2/huanluyen_diadiem/model_parameters/huanluyen_diadiem.cd_cont_untied/means [210x1x1 array]
INFO: s3gau_io.c(169): Read /home/rain/PycharmProjects/underthesea/automatic_speech_recognition/huanluyen2/huanluyen_diadiem/model_parameters/huanluyen_diadiem.cd_cont_untied/variances [210x1x1 array]
INFO: main.c(549): Reading: /home/rain/PycharmProjects/underthesea/automatic_speech_recognition/huanluyen2/huanluyen_diadiem/model_architecture/huanluyen_diadiem.tree_questions
INFO: main.c(588): 180 total simple questions (172 phone; 8 word bndry)
INFO: main.c(590): 42 Left Only questions, and 42 Right Only questions
INFO: dtree.c(1439): stop. leaf nodes are specific
INFO: dtree.c(1478): Final simple tree
|( WDBNDRY_E 0 -1.416e+06 1.991e+04 5.680e+03
|    ( SILENCE 1 -5.922e+05 1.313e+04 2.385e+03
|        ( - -2.580e+05 1 0)
|        ( - -3.211e+05 1 0))
|    ( QUESTION6 -1 -8.036e+05 6.090e+03 3.296e+03
|        ( - -2.302e+05 1 0)
|        ( WDBNDRY_B 0 -5.673e+05 2.476e+03 2.341e+03
|            ( - -2.793e+05 1 0)
|            ( - -2.856e+05 1 0))))
s>    ( WDBNDRY_E 0 -1.416e+06 1.991e+04 5.680e+03
s>        ( SILENCE 1 -5.922e+05 1.313e+04 2.385e+03
s>            ( - -2.580e+05 1 0)
s>            ( - -3.211e+05 1 0))
s>        ( QUESTION6 -1 -8.036e+05 6.090e+03 3.296e+03
s>            ( - -2.302e+05 1 0)
s>            ( WDBNDRY_B 0 -5.673e+05 2.476e+03 2.341e+03
s>                ( - -2.793e+05 1 0)
s>                ( - -2.856e+05 1 0))))INFO: dtree.c(1315): Comp split 0
INFO: dtree.c(1439): stop. leaf nodes are specific
INFO: dtree.c(1478): Final simple tree
|( QUESTION6 -1 -8.036e+05 6.090e+03 3.296e+03
|    ( - -2.302e+05 1 0)
|    ( WDBNDRY_B 0 -5.673e+05 2.476e+03 2.341e+03
|        ( - -2.793e+05 1 0)
|        ( - -2.856e+05 1 0)))
s>    ( QUESTION6 -1 -8.036e+05 6.090e+03 3.296e+03
s>        ( - -2.302e+05 1 0)
s>        ( WDBNDRY_B 0 -5.673e+05 2.476e+03 2.341e+03
s>            ( - -2.793e+05 1 0)
s>            ( - -2.856e+05 1 0)))INFO: dtree.c(1439): stop. leaf nodes are specific
INFO: dtree.c(1478): Final simple tree
|( SILENCE 1 -5.922e+05 1.313e+04 2.385e+03
|    ( - -2.580e+05 1 0)
|    ( - -3.211e+05 1 0))
s>    ( SILENCE 1 -5.922e+05 1.313e+04 2.385e+03
s>        ( - -2.580e+05 1 0)
s>        ( - -3.211e+05 1 0))INFO: dtree.c(1315): Comp split 1
INFO: dtree.c(1315): Comp split 2
INFO: dtree.c(1439): stop. leaf nodes are specific
INFO: dtree.c(1478): Final simple tree
|( WDBNDRY_B 0 -5.673e+05 2.476e+03 2.341e+03
|    ( - -2.793e+05 1 0)
|    ( - -2.856e+05 1 0))
s>    ( WDBNDRY_B 0 -5.673e+05 2.476e+03 2.341e+03
s>        ( - -2.793e+05 1 0)
s>        ( - -2.856e+05 1 0))INFO: dtree.c(1315): Comp split 3
INFO: dtree.c(1315): Comp split 4
INFO: dtree.c(1318): stop. leaf nodes are specific
Thu Dec 28 16:25:53 2017
