Current configuration:
[NAME]		[DEFLT]	[VALUE]
-allphones	no	no
-cntthresh	0.00001	1.000000e-05
-csplitmax	100	2000
-csplitmin	1	1
-csplitthr	8e-4	0.000000e+00
-example	no	no
-fullvar	no	no
-help		no	no
-meanfn			./model_parameters/diadiem.cd_cont_untied/means
-mixwfn			./model_parameters/diadiem.cd_cont_untied/mixture_weights
-moddeffn		./model_architecture/diadiem.untied.mdef
-mwfloor	1e-4	1.000000e-08
-phone			s
-psetfn			./model_architecture/diadiem.tree_questions
-ssplitmax	5	7
-ssplitmin	1	1
-ssplitthr	8e-4	0.000000e+00
-state			1
-stwt			1.0,0.05,0.0,
-treefn			./trees/diadiem.unpruned/s-1.dtree
-ts2cbfn	.semi.	.cont.
-varfloor	0.00001	1.000000e-05
-varfn			./model_parameters/diadiem.cd_cont_untied/variances

INFO: main.c(223): Reading: ./model_architecture/diadiem.untied.mdef
INFO: model_def_io.c(573): Model definition info:
INFO: model_def_io.c(574): 82 total models defined (23 base, 59 tri)
INFO: model_def_io.c(575): 328 total states
INFO: model_def_io.c(576): 246 total tied states
INFO: model_def_io.c(577): 69 total tied CI states
INFO: model_def_io.c(578): 23 total tied transition matrices
INFO: model_def_io.c(579): 4 max state/model
INFO: model_def_io.c(580): 4 min state/model
INFO: main.c(242): Building trees for [s a c i] through [s u n i]
INFO: main.c(269): Covering states |[213 224]| == 12
INFO: main.c(275): Reading: ./model_parameters/diadiem.cd_cont_untied/mixture_weights
INFO: s3mixw_io.c(173): Read ./model_parameters/diadiem.cd_cont_untied/mixture_weights [12x1x1 array]
INFO: main.c(311): 4 of 4 models have observation count greater than 0.000010
INFO: main.c(95): nrm stwt: 0.045 0.909 0.045 
INFO: s3gau_io.c(169): Read ./model_parameters/diadiem.cd_cont_untied/means [246x1x1 array]
INFO: s3gau_io.c(169): Read ./model_parameters/diadiem.cd_cont_untied/variances [246x1x1 array]
INFO: main.c(549): Reading: ./model_architecture/diadiem.tree_questions
INFO: main.c(588): 180 total simple questions (172 phone; 8 word bndry)
INFO: main.c(590): 42 Left Only questions, and 42 Right Only questions
INFO: dtree.c(1439): stop. leaf nodes are specific
INFO: dtree.c(1478): Final simple tree
|( QUESTION0_7_R 1 -2.147e+06 7.261e+03 1.009e+04
|    ( QUESTION0_11_R 1 -8.679e+05 1.269e+03 4.140e+03
|        ( - -4.375e+05 1 0)
|        ( - -4.291e+05 1 0))
|    ( WDBNDRY_B 0 -1.272e+06 2.409e+03 5.952e+03
|        ( - -3.322e+05 1 0)
|        ( - -9.372e+05 1 0)))
s>    ( QUESTION0_7_R 1 -2.147e+06 7.261e+03 1.009e+04
s>        ( QUESTION0_11_R 1 -8.679e+05 1.269e+03 4.140e+03
s>            ( - -4.375e+05 1 0)
s>            ( - -4.291e+05 1 0))
s>        ( WDBNDRY_B 0 -1.272e+06 2.409e+03 5.952e+03
s>            ( - -3.322e+05 1 0)
s>            ( - -9.372e+05 1 0)))INFO: dtree.c(1315): Comp split 0
INFO: dtree.c(1439): stop. leaf nodes are specific
INFO: dtree.c(1478): Final simple tree
|( WDBNDRY_B 0 -1.272e+06 2.409e+03 5.952e+03
|    ( - -3.322e+05 1 0)
|    ( - -9.372e+05 1 0))
s>    ( WDBNDRY_B 0 -1.272e+06 2.409e+03 5.952e+03
s>        ( - -3.322e+05 1 0)
s>        ( - -9.372e+05 1 0))INFO: dtree.c(1439): stop. leaf nodes are specific
INFO: dtree.c(1478): Final simple tree
|( QUESTION0_11_R 1 -8.679e+05 1.269e+03 4.140e+03
|    ( - -4.375e+05 1 0)
|    ( - -4.291e+05 1 0))
s>    ( QUESTION0_11_R 1 -8.679e+05 1.269e+03 4.140e+03
s>        ( - -4.375e+05 1 0)
s>        ( - -4.291e+05 1 0))INFO: dtree.c(1315): Comp split 1
INFO: dtree.c(1315): Comp split 2
INFO: dtree.c(1315): Comp split 3
INFO: dtree.c(1318): stop. leaf nodes are specific
Thu Jan  4 15:58:37 2018
