Current configuration:
[NAME]		[DEFLT]	[VALUE]
-allphones	no	no
-cntthresh	0.00001	1.000000e-05
-csplitmax	100	2000
-csplitmin	1	1
-csplitthr	8e-4	0.000000e+00
-example	no	no
-fullvar	no	no
-help		no	no
-meanfn			/home/rain/PycharmProjects/underthesea/automatic_speech_recognition/experiment/diadiem/model_parameters/diadiem.cd_cont_untied/means
-mixwfn			/home/rain/PycharmProjects/underthesea/automatic_speech_recognition/experiment/diadiem/model_parameters/diadiem.cd_cont_untied/mixture_weights
-moddeffn		/home/rain/PycharmProjects/underthesea/automatic_speech_recognition/experiment/diadiem/model_architecture/diadiem.untied.mdef
-mwfloor	1e-4	1.000000e-08
-phone			o
-psetfn			/home/rain/PycharmProjects/underthesea/automatic_speech_recognition/experiment/diadiem/model_architecture/diadiem.tree_questions
-ssplitmax	5	7
-ssplitmin	1	1
-ssplitthr	8e-4	0.000000e+00
-state			0
-stwt			1.0,0.05,0.0,
-treefn			/home/rain/PycharmProjects/underthesea/automatic_speech_recognition/experiment/diadiem/trees/diadiem.unpruned/o-0.dtree
-ts2cbfn	.semi.	.cont.
-varfloor	0.00001	1.000000e-05
-varfn			/home/rain/PycharmProjects/underthesea/automatic_speech_recognition/experiment/diadiem/model_parameters/diadiem.cd_cont_untied/variances

INFO: main.c(223): Reading: /home/rain/PycharmProjects/underthesea/automatic_speech_recognition/experiment/diadiem/model_architecture/diadiem.untied.mdef
INFO: model_def_io.c(573): Model definition info:
INFO: model_def_io.c(574): 82 total models defined (23 base, 59 tri)
INFO: model_def_io.c(575): 328 total states
INFO: model_def_io.c(576): 246 total tied states
INFO: model_def_io.c(577): 69 total tied CI states
INFO: model_def_io.c(578): 23 total tied transition matrices
INFO: model_def_io.c(579): 4 max state/model
INFO: model_def_io.c(580): 4 min state/model
INFO: main.c(242): Building trees for [o a k e] through [o r w i]
INFO: main.c(269): Covering states |[186 197]| == 12
INFO: main.c(275): Reading: /home/rain/PycharmProjects/underthesea/automatic_speech_recognition/experiment/diadiem/model_parameters/diadiem.cd_cont_untied/mixture_weights
INFO: s3mixw_io.c(173): Read /home/rain/PycharmProjects/underthesea/automatic_speech_recognition/experiment/diadiem/model_parameters/diadiem.cd_cont_untied/mixture_weights [12x1x1 array]
INFO: main.c(311): 4 of 4 models have observation count greater than 0.000010
INFO: main.c(95): nrm stwt: 0.952 0.048 0.000 
INFO: s3gau_io.c(169): Read /home/rain/PycharmProjects/underthesea/automatic_speech_recognition/experiment/diadiem/model_parameters/diadiem.cd_cont_untied/means [246x1x1 array]
INFO: s3gau_io.c(169): Read /home/rain/PycharmProjects/underthesea/automatic_speech_recognition/experiment/diadiem/model_parameters/diadiem.cd_cont_untied/variances [246x1x1 array]
INFO: main.c(549): Reading: /home/rain/PycharmProjects/underthesea/automatic_speech_recognition/experiment/diadiem/model_architecture/diadiem.tree_questions
INFO: main.c(588): 180 total simple questions (172 phone; 8 word bndry)
INFO: main.c(590): 42 Left Only questions, and 42 Right Only questions
INFO: dtree.c(1439): stop. leaf nodes are specific
INFO: dtree.c(1478): Final simple tree
|( WDBNDRY_E 0 -1.396e+06 2.250e+04 5.812e+03
|    ( - -3.247e+05 1 0)
|    ( QUESTION0_18_R 1 -1.049e+06 7.816e+03 4.428e+03
|        ( - -3.302e+05 1 0)
|        ( QUESTION0_0_R 1 -7.112e+05 5.467e+03 2.992e+03
|            ( - -1.681e+05 1 0)
|            ( - -5.377e+05 1 0))))
s>    ( WDBNDRY_E 0 -1.396e+06 2.250e+04 5.812e+03
s>        ( - -3.247e+05 1 0)
s>        ( QUESTION0_18_R 1 -1.049e+06 7.816e+03 4.428e+03
s>            ( - -3.302e+05 1 0)
s>            ( QUESTION0_0_R 1 -7.112e+05 5.467e+03 2.992e+03
s>                ( - -1.681e+05 1 0)
s>                ( - -5.377e+05 1 0))))INFO: dtree.c(1315): Comp split 0
INFO: dtree.c(1439): stop. leaf nodes are specific
INFO: dtree.c(1478): Final simple tree
|( QUESTION0_18_R 1 -1.049e+06 7.816e+03 4.428e+03
|    ( - -3.302e+05 1 0)
|    ( QUESTION0_0_R 1 -7.112e+05 5.467e+03 2.992e+03
|        ( - -1.681e+05 1 0)
|        ( - -5.377e+05 1 0)))
s>    ( QUESTION0_18_R 1 -1.049e+06 7.816e+03 4.428e+03
s>        ( - -3.302e+05 1 0)
s>        ( QUESTION0_0_R 1 -7.112e+05 5.467e+03 2.992e+03
s>            ( - -1.681e+05 1 0)
s>            ( - -5.377e+05 1 0)))INFO: dtree.c(1315): Comp split 1
INFO: dtree.c(1439): stop. leaf nodes are specific
INFO: dtree.c(1478): Final simple tree
|( QUESTION0_0_R 1 -7.112e+05 5.467e+03 2.992e+03
|    ( - -1.681e+05 1 0)
|    ( - -5.377e+05 1 0))
s>    ( QUESTION0_0_R 1 -7.112e+05 5.467e+03 2.992e+03
s>        ( - -1.681e+05 1 0)
s>        ( - -5.377e+05 1 0))INFO: dtree.c(1315): Comp split 2
INFO: dtree.c(1315): Comp split 3
INFO: dtree.c(1318): stop. leaf nodes are specific
Thu Jan  4 11:09:05 2018
