Current configuration:
[NAME]		[DEFLT]	[VALUE]
-allphones	no	no
-cntthresh	0.00001	1.000000e-05
-csplitmax	100	2000
-csplitmin	1	1
-csplitthr	8e-4	0.000000e+00
-example	no	no
-fullvar	no	no
-help		no	no
-meanfn			./model_parameters/diadiem.cd_cont_untied/means
-mixwfn			./model_parameters/diadiem.cd_cont_untied/mixture_weights
-moddeffn		./model_architecture/diadiem.untied.mdef
-mwfloor	1e-4	1.000000e-08
-phone			a
-psetfn			./model_architecture/diadiem.tree_questions
-ssplitmax	5	7
-ssplitmin	1	1
-ssplitthr	8e-4	0.000000e+00
-state			2
-stwt			1.0,0.05,0.0,
-treefn			./trees/diadiem.unpruned/a-2.dtree
-ts2cbfn	.semi.	.cont.
-varfloor	0.00001	1.000000e-05
-varfn			./model_parameters/diadiem.cd_cont_untied/variances

INFO: main.c(223): Reading: ./model_architecture/diadiem.untied.mdef
INFO: model_def_io.c(573): Model definition info:
INFO: model_def_io.c(574): 82 total models defined (23 base, 59 tri)
INFO: model_def_io.c(575): 328 total states
INFO: model_def_io.c(576): 246 total tied states
INFO: model_def_io.c(577): 69 total tied CI states
INFO: model_def_io.c(578): 23 total tied transition matrices
INFO: model_def_io.c(579): 4 max state/model
INFO: model_def_io.c(580): 4 min state/model
INFO: main.c(242): Building trees for [a c f i] through [a x SIL e]
INFO: main.c(269): Covering states |[69 98]| == 30
INFO: main.c(275): Reading: ./model_parameters/diadiem.cd_cont_untied/mixture_weights
INFO: s3mixw_io.c(173): Read ./model_parameters/diadiem.cd_cont_untied/mixture_weights [30x1x1 array]
INFO: main.c(311): 10 of 10 models have observation count greater than 0.000010
INFO: main.c(95): nrm stwt: 0.000 0.048 0.952 
INFO: s3gau_io.c(169): Read ./model_parameters/diadiem.cd_cont_untied/means [246x1x1 array]
INFO: s3gau_io.c(169): Read ./model_parameters/diadiem.cd_cont_untied/variances [246x1x1 array]
INFO: main.c(549): Reading: ./model_architecture/diadiem.tree_questions
INFO: main.c(588): 180 total simple questions (172 phone; 8 word bndry)
INFO: main.c(590): 42 Left Only questions, and 42 Right Only questions
INFO: dtree.c(1478): Final simple tree
|( QUESTION2_15_L -1 -4.301e+06 3.692e+04 1.937e+04
|    ( QUESTION0 1 -2.297e+06 2.894e+04 1.032e+04
|        ( QUESTION0_0_R 1 -1.054e+06 1.460e+04 4.629e+03
|            ( - -3.317e+05 2 0 QUESTION11 -1 6.397e+02 1.472e+03)
|            ( WDBNDRY_B 0 -7.080e+05 5.335e+03 3.158e+03
|                ( - -4.975e+05 1 0)
|                ( - -2.052e+05 1 0)))
|        ( WDBNDRY_E 0 -1.214e+06 1.358e+04 5.687e+03
|            ( - -6.926e+05 1 0)
|            ( - -5.079e+05 1 0)))
|    ( WDBNDRY_E 0 -1.967e+06 1.571e+04 9.052e+03
|        ( - -7.065e+05 1 0)
|        ( QUESTION0_3_R 1 -1.245e+06 4.961e+03 5.656e+03
|            ( - -7.090e+05 2 0 QUESTION0 -1 2.167e+03 3.231e+03)
|            ( - -5.307e+05 1 0))))
s>    ( QUESTION2_15_L -1 -4.301e+06 3.692e+04 1.937e+04
s>        ( QUESTION0 1 -2.297e+06 2.894e+04 1.032e+04
s>            ( QUESTION0_0_R 1 -1.054e+06 1.460e+04 4.629e+03
s>                ( - -3.317e+05 2 0 QUESTION11 -1 6.397e+02 1.472e+03)
s>                ( WDBNDRY_B 0 -7.080e+05 5.335e+03 3.158e+03
s>                    ( - -4.975e+05 1 0)
s>                    ( - -2.052e+05 1 0)))
s>            ( WDBNDRY_E 0 -1.214e+06 1.358e+04 5.687e+03
s>                ( - -6.926e+05 1 0)
s>                ( - -5.079e+05 1 0)))
s>        ( WDBNDRY_E 0 -1.967e+06 1.571e+04 9.052e+03
s>            ( - -7.065e+05 1 0)
s>            ( QUESTION0_3_R 1 -1.245e+06 4.961e+03 5.656e+03
s>                ( - -7.090e+05 2 0 QUESTION0 -1 2.167e+03 3.231e+03)
s>                ( - -5.307e+05 1 0))))INFO: dtree.c(1315): Comp split 0
INFO: dtree.c(1439): stop. leaf nodes are specific
INFO: dtree.c(1478): Final simple tree
|( QUESTION0 1 -1.943e+06 2.093e+04 8.844e+03
|    ( WDBNDRY_B 0 -7.080e+05 5.335e+03 3.158e+03
|        ( - -4.975e+05 1 0)
|        ( - -2.052e+05 1 0))
|    ( WDBNDRY_E 0 -1.214e+06 1.358e+04 5.687e+03
|        ( - -6.926e+05 1 0)
|        ( - -5.079e+05 1 0)))
s>    ( QUESTION0 1 -1.943e+06 2.093e+04 8.844e+03
s>        ( WDBNDRY_B 0 -7.080e+05 5.335e+03 3.158e+03
s>            ( - -4.975e+05 1 0)
s>            ( - -2.052e+05 1 0))
s>        ( WDBNDRY_E 0 -1.214e+06 1.358e+04 5.687e+03
s>            ( - -6.926e+05 1 0)
s>            ( - -5.079e+05 1 0)))INFO: dtree.c(1439): stop. leaf nodes are specific
INFO: dtree.c(1478): Final simple tree
|( WDBNDRY_E 0 -2.304e+06 1.732e+04 1.052e+04
|    ( - -7.065e+05 1 0)
|    ( QUESTION0_6_R 1 -1.580e+06 5.293e+03 7.128e+03
|        ( QUESTION0 -1 -7.090e+05 2.167e+03 3.231e+03
|            ( - -1.727e+05 1 0)
|            ( - -5.341e+05 1 0))
|        ( QUESTION0_3_R 1 -8.659e+05 3.557e+03 3.897e+03
|            ( QUESTION11 -1 -3.317e+05 6.397e+02 1.472e+03
|                ( - -1.669e+05 1 0)
|                ( - -1.641e+05 1 0))
|            ( - -5.307e+05 1 0))))
s>    ( WDBNDRY_E 0 -2.304e+06 1.732e+04 1.052e+04
s>        ( - -7.065e+05 1 0)
s>        ( QUESTION0_6_R 1 -1.580e+06 5.293e+03 7.128e+03
s>            ( QUESTION0 -1 -7.090e+05 2.167e+03 3.231e+03
s>                ( - -1.727e+05 1 0)
s>                ( - -5.341e+05 1 0))
s>            ( QUESTION0_3_R 1 -8.659e+05 3.557e+03 3.897e+03
s>                ( QUESTION11 -1 -3.317e+05 6.397e+02 1.472e+03
s>                    ( - -1.669e+05 1 0)
s>                    ( - -1.641e+05 1 0))
s>                ( - -5.307e+05 1 0))))INFO: dtree.c(1315): Comp split 1
INFO: dtree.c(1439): stop. leaf nodes are specific
INFO: dtree.c(1478): Final simple tree
|( WDBNDRY_B 0 -7.080e+05 5.335e+03 3.158e+03
|    ( - -4.975e+05 1 0)
|    ( - -2.052e+05 1 0))
s>    ( WDBNDRY_B 0 -7.080e+05 5.335e+03 3.158e+03
s>        ( - -4.975e+05 1 0)
s>        ( - -2.052e+05 1 0))INFO: dtree.c(1439): stop. leaf nodes are specific
INFO: dtree.c(1478): Final simple tree
|( WDBNDRY_E 0 -1.214e+06 1.358e+04 5.687e+03
|    ( - -6.926e+05 1 0)
|    ( - -5.079e+05 1 0))
s>    ( WDBNDRY_E 0 -1.214e+06 1.358e+04 5.687e+03
s>        ( - -6.926e+05 1 0)
s>        ( - -5.079e+05 1 0))INFO: dtree.c(1315): Comp split 2
INFO: dtree.c(1439): stop. leaf nodes are specific
INFO: dtree.c(1478): Final simple tree
|( QUESTION0_6_R 1 -1.580e+06 5.293e+03 7.128e+03
|    ( QUESTION0 -1 -7.090e+05 2.167e+03 3.231e+03
|        ( - -1.727e+05 1 0)
|        ( - -5.341e+05 1 0))
|    ( QUESTION0_3_R 1 -8.659e+05 3.557e+03 3.897e+03
|        ( QUESTION11 -1 -3.317e+05 6.397e+02 1.472e+03
|            ( - -1.669e+05 1 0)
|            ( - -1.641e+05 1 0))
|        ( - -5.307e+05 1 0)))
s>    ( QUESTION0_6_R 1 -1.580e+06 5.293e+03 7.128e+03
s>        ( QUESTION0 -1 -7.090e+05 2.167e+03 3.231e+03
s>            ( - -1.727e+05 1 0)
s>            ( - -5.341e+05 1 0))
s>        ( QUESTION0_3_R 1 -8.659e+05 3.557e+03 3.897e+03
s>            ( QUESTION11 -1 -3.317e+05 6.397e+02 1.472e+03
s>                ( - -1.669e+05 1 0)
s>                ( - -1.641e+05 1 0))
s>            ( - -5.307e+05 1 0)))INFO: dtree.c(1315): Comp split 3
INFO: dtree.c(1315): Comp split 4
INFO: dtree.c(1315): Comp split 5
INFO: dtree.c(1439): stop. leaf nodes are specific
INFO: dtree.c(1478): Final simple tree
|( QUESTION0_3_R 1 -8.659e+05 3.557e+03 3.897e+03
|    ( QUESTION11 -1 -3.317e+05 6.397e+02 1.472e+03
|        ( - -1.669e+05 1 0)
|        ( - -1.641e+05 1 0))
|    ( - -5.307e+05 1 0))
s>    ( QUESTION0_3_R 1 -8.659e+05 3.557e+03 3.897e+03
s>        ( QUESTION11 -1 -3.317e+05 6.397e+02 1.472e+03
s>            ( - -1.669e+05 1 0)
s>            ( - -1.641e+05 1 0))
s>        ( - -5.307e+05 1 0))INFO: dtree.c(1439): stop. leaf nodes are specific
INFO: dtree.c(1478): Final simple tree
|( QUESTION0 -1 -7.090e+05 2.167e+03 3.231e+03
|    ( - -1.727e+05 1 0)
|    ( - -5.341e+05 1 0))
s>    ( QUESTION0 -1 -7.090e+05 2.167e+03 3.231e+03
s>        ( - -1.727e+05 1 0)
s>        ( - -5.341e+05 1 0))INFO: dtree.c(1315): Comp split 6
INFO: dtree.c(1439): stop. leaf nodes are specific
INFO: dtree.c(1478): Final simple tree
|( QUESTION11 -1 -3.317e+05 6.397e+02 1.472e+03
|    ( - -1.669e+05 1 0)
|    ( - -1.641e+05 1 0))
s>    ( QUESTION11 -1 -3.317e+05 6.397e+02 1.472e+03
s>        ( - -1.669e+05 1 0)
s>        ( - -1.641e+05 1 0))INFO: dtree.c(1315): Comp split 7
INFO: dtree.c(1315): Comp split 8
INFO: dtree.c(1315): Comp split 9
INFO: dtree.c(1318): stop. leaf nodes are specific
Thu Jan  4 15:58:37 2018
