Current configuration:
[NAME]		[DEFLT]	[VALUE]
-allphones	no	no
-cntthresh	0.00001	1.000000e-05
-csplitmax	100	2000
-csplitmin	1	1
-csplitthr	8e-4	0.000000e+00
-example	no	no
-fullvar	no	no
-help		no	no
-meanfn			./model_parameters/diadiem.cd_cont_untied/means
-mixwfn			./model_parameters/diadiem.cd_cont_untied/mixture_weights
-moddeffn		./model_architecture/diadiem.untied.mdef
-mwfloor	1e-4	1.000000e-08
-phone			a
-psetfn			./model_architecture/diadiem.tree_questions
-ssplitmax	5	7
-ssplitmin	1	1
-ssplitthr	8e-4	0.000000e+00
-state			0
-stwt			1.0,0.05,0.0,
-treefn			./trees/diadiem.unpruned/a-0.dtree
-ts2cbfn	.semi.	.cont.
-varfloor	0.00001	1.000000e-05
-varfn			./model_parameters/diadiem.cd_cont_untied/variances

INFO: main.c(223): Reading: ./model_architecture/diadiem.untied.mdef
INFO: model_def_io.c(573): Model definition info:
INFO: model_def_io.c(574): 82 total models defined (23 base, 59 tri)
INFO: model_def_io.c(575): 328 total states
INFO: model_def_io.c(576): 246 total tied states
INFO: model_def_io.c(577): 69 total tied CI states
INFO: model_def_io.c(578): 23 total tied transition matrices
INFO: model_def_io.c(579): 4 max state/model
INFO: model_def_io.c(580): 4 min state/model
INFO: main.c(242): Building trees for [a c f i] through [a x SIL e]
INFO: main.c(269): Covering states |[69 98]| == 30
INFO: main.c(275): Reading: ./model_parameters/diadiem.cd_cont_untied/mixture_weights
INFO: s3mixw_io.c(173): Read ./model_parameters/diadiem.cd_cont_untied/mixture_weights [30x1x1 array]
INFO: main.c(311): 10 of 10 models have observation count greater than 0.000010
INFO: main.c(95): nrm stwt: 0.952 0.048 0.000 
INFO: s3gau_io.c(169): Read ./model_parameters/diadiem.cd_cont_untied/means [246x1x1 array]
INFO: s3gau_io.c(169): Read ./model_parameters/diadiem.cd_cont_untied/variances [246x1x1 array]
INFO: main.c(549): Reading: ./model_architecture/diadiem.tree_questions
INFO: main.c(588): 180 total simple questions (172 phone; 8 word bndry)
INFO: main.c(590): 42 Left Only questions, and 42 Right Only questions
INFO: dtree.c(1478): Final simple tree
|( QUESTION17 -1 -3.907e+06 2.511e+04 1.666e+04
|    ( WDBNDRY_I 0 -1.195e+06 1.270e+04 5.044e+03
|        ( QUESTION0_3_R 1 -6.513e+05 6.420e+03 2.805e+03
|            ( - -1.973e+05 1 0)
|            ( - -4.476e+05 1 0))
|        ( WDBNDRY_B 0 -5.307e+05 6.934e+03 2.239e+03
|            ( - -1.716e+05 1 0)
|            ( - -3.522e+05 1 0)))
|    ( QUESTION11 -1 -2.687e+06 1.218e+04 1.162e+04
|        ( QUESTION0_0_R 1 -1.653e+06 9.549e+03 7.108e+03
|            ( QUESTION0_5_R 1 -6.446e+05 7.761e+03 2.720e+03
|                ( - -1.576e+05 1 0)
|                ( - -4.793e+05 1 0))
|            ( - -9.989e+05 1 0))
|        ( - -1.022e+06 3 0 QUESTION16 -1 4.385e+03 4.507e+03)))
s>    ( QUESTION17 -1 -3.907e+06 2.511e+04 1.666e+04
s>        ( WDBNDRY_I 0 -1.195e+06 1.270e+04 5.044e+03
s>            ( QUESTION0_3_R 1 -6.513e+05 6.420e+03 2.805e+03
s>                ( - -1.973e+05 1 0)
s>                ( - -4.476e+05 1 0))
s>            ( WDBNDRY_B 0 -5.307e+05 6.934e+03 2.239e+03
s>                ( - -1.716e+05 1 0)
s>                ( - -3.522e+05 1 0)))
s>        ( QUESTION11 -1 -2.687e+06 1.218e+04 1.162e+04
s>            ( QUESTION0_0_R 1 -1.653e+06 9.549e+03 7.108e+03
s>                ( QUESTION0_5_R 1 -6.446e+05 7.761e+03 2.720e+03
s>                    ( - -1.576e+05 1 0)
s>                    ( - -4.793e+05 1 0))
s>                ( - -9.989e+05 1 0))
s>            ( - -1.022e+06 3 0 QUESTION16 -1 4.385e+03 4.507e+03)))INFO: dtree.c(1315): Comp split 0
INFO: dtree.c(1439): stop. leaf nodes are specific
INFO: dtree.c(1478): Final simple tree
|( WDBNDRY_I 0 -1.357e+06 1.275e+04 5.714e+03
|    ( QUESTION0_3_R 1 -8.133e+05 9.689e+03 3.475e+03
|        ( QUESTION11 -1 -3.560e+05 1.107e+03 1.530e+03
|            ( - -1.576e+05 1 0)
|            ( - -1.973e+05 1 0))
|        ( - -4.476e+05 1 0))
|    ( WDBNDRY_B 0 -5.307e+05 6.934e+03 2.239e+03
|        ( - -1.716e+05 1 0)
|        ( - -3.522e+05 1 0)))
s>    ( WDBNDRY_I 0 -1.357e+06 1.275e+04 5.714e+03
s>        ( QUESTION0_3_R 1 -8.133e+05 9.689e+03 3.475e+03
s>            ( QUESTION11 -1 -3.560e+05 1.107e+03 1.530e+03
s>                ( - -1.576e+05 1 0)
s>                ( - -1.973e+05 1 0))
s>            ( - -4.476e+05 1 0))
s>        ( WDBNDRY_B 0 -5.307e+05 6.934e+03 2.239e+03
s>            ( - -1.716e+05 1 0)
s>            ( - -3.522e+05 1 0)))INFO: dtree.c(1439): stop. leaf nodes are specific
INFO: dtree.c(1478): Final simple tree
|( QUESTION11 -1 -2.522e+06 1.280e+04 1.095e+04
|    ( QUESTION0_0_R 1 -1.487e+06 8.892e+03 6.438e+03
|        ( - -4.793e+05 1 0)
|        ( - -9.989e+05 1 0))
|    ( QUESTION16 -1 -1.022e+06 4.385e+03 4.507e+03
|        ( - -2.062e+05 1 0)
|        ( WDBNDRY_E 0 -8.111e+05 2.617e+03 3.614e+03
|            ( - -6.340e+05 1 0)
|            ( - -1.744e+05 1 0))))
s>    ( QUESTION11 -1 -2.522e+06 1.280e+04 1.095e+04
s>        ( QUESTION0_0_R 1 -1.487e+06 8.892e+03 6.438e+03
s>            ( - -4.793e+05 1 0)
s>            ( - -9.989e+05 1 0))
s>        ( QUESTION16 -1 -1.022e+06 4.385e+03 4.507e+03
s>            ( - -2.062e+05 1 0)
s>            ( WDBNDRY_E 0 -8.111e+05 2.617e+03 3.614e+03
s>                ( - -6.340e+05 1 0)
s>                ( - -1.744e+05 1 0))))INFO: dtree.c(1315): Comp split 1
INFO: dtree.c(1439): stop. leaf nodes are specific
INFO: dtree.c(1478): Final simple tree
|( WDBNDRY_E 0 -8.111e+05 2.617e+03 3.614e+03
|    ( - -6.340e+05 1 0)
|    ( - -1.744e+05 1 0))
s>    ( WDBNDRY_E 0 -8.111e+05 2.617e+03 3.614e+03
s>        ( - -6.340e+05 1 0)
s>        ( - -1.744e+05 1 0))INFO: dtree.c(1439): stop. leaf nodes are specific
INFO: dtree.c(1478): Final simple tree
|( QUESTION0_0_R 1 -1.697e+06 7.767e+03 7.332e+03
|    ( QUESTION11 -1 -6.906e+05 5.107e+03 2.944e+03
|        ( - -4.793e+05 1 0)
|        ( - -2.062e+05 1 0))
|    ( - -9.989e+05 1 0))
s>    ( QUESTION0_0_R 1 -1.697e+06 7.767e+03 7.332e+03
s>        ( QUESTION11 -1 -6.906e+05 5.107e+03 2.944e+03
s>            ( - -4.793e+05 1 0)
s>            ( - -2.062e+05 1 0))
s>        ( - -9.989e+05 1 0))INFO: dtree.c(1315): Comp split 2
INFO: dtree.c(1439): stop. leaf nodes are specific
INFO: dtree.c(1478): Final simple tree
|( QUESTION0_3_R 1 -8.133e+05 9.689e+03 3.475e+03
|    ( QUESTION11 -1 -3.560e+05 1.107e+03 1.530e+03
|        ( - -1.576e+05 1 0)
|        ( - -1.973e+05 1 0))
|    ( - -4.476e+05 1 0))
s>    ( QUESTION0_3_R 1 -8.133e+05 9.689e+03 3.475e+03
s>        ( QUESTION11 -1 -3.560e+05 1.107e+03 1.530e+03
s>            ( - -1.576e+05 1 0)
s>            ( - -1.973e+05 1 0))
s>        ( - -4.476e+05 1 0))INFO: dtree.c(1439): stop. leaf nodes are specific
INFO: dtree.c(1478): Final simple tree
|( WDBNDRY_B 0 -5.307e+05 6.934e+03 2.239e+03
|    ( - -1.716e+05 1 0)
|    ( - -3.522e+05 1 0))
s>    ( WDBNDRY_B 0 -5.307e+05 6.934e+03 2.239e+03
s>        ( - -1.716e+05 1 0)
s>        ( - -3.522e+05 1 0))INFO: dtree.c(1315): Comp split 3
INFO: dtree.c(1439): stop. leaf nodes are specific
INFO: dtree.c(1478): Final simple tree
|( QUESTION11 -1 -3.560e+05 1.107e+03 1.530e+03
|    ( - -1.576e+05 1 0)
|    ( - -1.973e+05 1 0))
s>    ( QUESTION11 -1 -3.560e+05 1.107e+03 1.530e+03
s>        ( - -1.576e+05 1 0)
s>        ( - -1.973e+05 1 0))INFO: dtree.c(1315): Comp split 4
INFO: dtree.c(1439): stop. leaf nodes are specific
INFO: dtree.c(1478): Final simple tree
|( QUESTION0_0_R 1 -1.209e+06 4.113e+03 5.282e+03
|    ( - -2.062e+05 1 0)
|    ( - -9.989e+05 1 0))
s>    ( QUESTION0_0_R 1 -1.209e+06 4.113e+03 5.282e+03
s>        ( - -2.062e+05 1 0)
s>        ( - -9.989e+05 1 0))INFO: dtree.c(1315): Comp split 5
INFO: dtree.c(1315): Comp split 6
INFO: dtree.c(1315): Comp split 7
INFO: dtree.c(1315): Comp split 8
INFO: dtree.c(1315): Comp split 9
INFO: dtree.c(1318): stop. leaf nodes are specific
Thu Jan  4 15:58:37 2018
