Current configuration:
[NAME]		[DEFLT]	[VALUE]
-accumdir		bwaccumdir/huanluyen_diadiem_buff_1,
-constE		3.0	3.000000e+00
-dcountfn		
-example	no	no
-fullvar	no	no
-help		no	no
-inmeanfn		
-inmixwfn		
-invarfn		
-meanfn			./model_parameters/huanluyen_diadiem.ci_cont/means
-mixwfn			./model_parameters/huanluyen_diadiem.ci_cont/mixture_weights
-mmie		no	no
-oaccumdir		
-regmatfn		
-tiedvar	no	no
-tmatfn			./model_parameters/huanluyen_diadiem.ci_cont/transition_matrices
-varfn			./model_parameters/huanluyen_diadiem.ci_cont/variances

INFO: main.c(207): Reading and accumulating counts from bwaccumdir/huanluyen_diadiem_buff_1
INFO: s3mixw_io.c(117): Read bwaccumdir/huanluyen_diadiem_buff_1/mixw_counts [84x1x1 array]
INFO: s3tmat_io.c(118): Read bwaccumdir/huanluyen_diadiem_buff_1/tmat_counts [28x3x4 array]
INFO: s3gau_io.c(386): Read bwaccumdir/huanluyen_diadiem_buff_1/gauden_counts with means with vars (2pass) [84x1x1 vector arrays]
INFO: main.c(321): -2passvar yes
INFO: main.c(391): Normalizing mean for n_mgau= 84, n_stream= 1, n_density= 1
INFO: main.c(414): Normalizing var
INFO: s3mixw_io.c(233): Wrote ./model_parameters/huanluyen_diadiem.ci_cont/mixture_weights [84x1x1 array]
INFO: s3tmat_io.c(176): Wrote ./model_parameters/huanluyen_diadiem.ci_cont/transition_matrices [28x3x4 array]
INFO: s3gau_io.c(228): Wrote ./model_parameters/huanluyen_diadiem.ci_cont/means [84x1x1 array]
INFO: s3gau_io.c(228): Wrote ./model_parameters/huanluyen_diadiem.ci_cont/variances [84x1x1 array]
Fri Dec 29 09:15:27 2017
Current Overall Likelihood Per Frame = -157.177688328532
Convergence ratio = 1.57270349565206
