Current configuration:
[NAME]		[DEFLT]	[VALUE]
-cpopsfn		/home/rain/PycharmProjects/underthesea/automatic_speech_recognition/huanluyen2/huanluyen_diadiem/model_architecture/huanluyen_diadiem.cpmeanvar
-example	no	no
-help		no	no
-ifullgaufn		
-igaufn			/home/rain/PycharmProjects/underthesea/automatic_speech_recognition/huanluyen2/huanluyen_diadiem/model_parameters/huanluyen_diadiem.ci_cont_flatinitial/globalmean
-imixwfn		
-itmatfn		
-ncbout			84
-nmixwout		0
-ntmatout		0
-ofullgaufn		
-ogaufn			/home/rain/PycharmProjects/underthesea/automatic_speech_recognition/huanluyen2/huanluyen_diadiem/model_parameters/huanluyen_diadiem.ci_cont_flatinitial/means
-omixwfn		
-otmatfn		

INFO: s3gau_io.c(169): Read /home/rain/PycharmProjects/underthesea/automatic_speech_recognition/huanluyen2/huanluyen_diadiem/model_parameters/huanluyen_diadiem.ci_cont_flatinitial/globalmean [1x1x1 array]
INFO: s3gau_io.c(228): Wrote /home/rain/PycharmProjects/underthesea/automatic_speech_recognition/huanluyen2/huanluyen_diadiem/model_parameters/huanluyen_diadiem.ci_cont_flatinitial/means [84x1x1 array]
gau 0 <= 0
gau 1 <= 0
gau 2 <= 0
gau 3 <= 0
gau 4 <= 0
gau 5 <= 0
gau 6 <= 0
gau 7 <= 0
gau 8 <= 0
gau 9 <= 0
gau 10 <= 0
gau 11 <= 0
gau 12 <= 0
gau 13 <= 0
gau 14 <= 0
gau 15 <= 0
gau 16 <= 0
gau 17 <= 0
gau 18 <= 0
gau 19 <= 0
gau 20 <= 0
gau 21 <= 0
gau 22 <= 0
gau 23 <= 0
gau 24 <= 0
gau 25 <= 0
gau 26 <= 0
gau 27 <= 0
gau 28 <= 0
gau 29 <= 0
gau 30 <= 0
gau 31 <= 0
gau 32 <= 0
gau 33 <= 0
gau 34 <= 0
gau 35 <= 0
gau 36 <= 0
gau 37 <= 0
gau 38 <= 0
gau 39 <= 0
gau 40 <= 0
gau 41 <= 0
gau 42 <= 0
gau 43 <= 0
gau 44 <= 0
gau 45 <= 0
gau 46 <= 0
gau 47 <= 0
gau 48 <= 0
gau 49 <= 0
gau 50 <= 0
gau 51 <= 0
gau 52 <= 0
gau 53 <= 0
gau 54 <= 0
gau 55 <= 0
gau 56 <= 0
gau 57 <= 0
gau 58 <= 0
gau 59 <= 0
gau 60 <= 0
gau 61 <= 0
gau 62 <= 0
gau 63 <= 0
gau 64 <= 0
gau 65 <= 0
gau 66 <= 0
gau 67 <= 0
gau 68 <= 0
gau 69 <= 0
gau 70 <= 0
gau 71 <= 0
gau 72 <= 0
gau 73 <= 0
gau 74 <= 0
gau 75 <= 0
gau 76 <= 0
gau 77 <= 0
gau 78 <= 0
gau 79 <= 0
gau 80 <= 0
gau 81 <= 0
gau 82 <= 0
gau 83 <= 0
Thu Dec 28 17:47:33 2017
