Current configuration:
[NAME]		[DEFLT]	[VALUE]
-allphones	no	no
-cntthresh	0.00001	1.000000e-05
-csplitmax	100	2000
-csplitmin	1	1
-csplitthr	8e-4	0.000000e+00
-example	no	no
-fullvar	no	no
-help		no	no
-meanfn			./model_parameters/tmp.cd_cont_untied/means
-mixwfn			./model_parameters/tmp.cd_cont_untied/mixture_weights
-moddeffn		./model_architecture/tmp.untied.mdef
-mwfloor	1e-4	1.000000e-08
-phone			j
-psetfn			./model_architecture/tmp.tree_questions
-ssplitmax	5	7
-ssplitmin	1	1
-ssplitthr	8e-4	0.000000e+00
-state			1
-stwt			1.0,0.05,0.0,
-treefn			./trees/tmp.unpruned/j-1.dtree
-ts2cbfn	.semi.	.cont.
-varfloor	0.00001	1.000000e-05
-varfn			./model_parameters/tmp.cd_cont_untied/variances

INFO: main.c(223): Reading: ./model_architecture/tmp.untied.mdef
INFO: model_def_io.c(573): Model definition info:
INFO: model_def_io.c(574): 82 total models defined (23 base, 59 tri)
INFO: model_def_io.c(575): 328 total states
INFO: model_def_io.c(576): 246 total tied states
INFO: model_def_io.c(577): 69 total tied CI states
INFO: model_def_io.c(578): 23 total tied transition matrices
INFO: model_def_io.c(579): 4 max state/model
INFO: model_def_io.c(580): 4 min state/model
INFO: main.c(242): Building trees for [j a i i] through [j a n i]
INFO: main.c(269): Covering states |[147 155]| == 9
INFO: main.c(275): Reading: ./model_parameters/tmp.cd_cont_untied/mixture_weights
INFO: s3mixw_io.c(173): Read ./model_parameters/tmp.cd_cont_untied/mixture_weights [9x1x1 array]
INFO: main.c(311): 3 of 3 models have observation count greater than 0.000010
INFO: main.c(95): nrm stwt: 0.045 0.909 0.045 
INFO: s3gau_io.c(169): Read ./model_parameters/tmp.cd_cont_untied/means [246x1x1 array]
INFO: s3gau_io.c(169): Read ./model_parameters/tmp.cd_cont_untied/variances [246x1x1 array]
INFO: main.c(549): Reading: ./model_architecture/tmp.tree_questions
INFO: main.c(588): 180 total simple questions (172 phone; 8 word bndry)
INFO: main.c(590): 42 Left Only questions, and 42 Right Only questions
INFO: dtree.c(1439): stop. leaf nodes are specific
INFO: dtree.c(1478): Final simple tree
|( QUESTION0_0_R 1 -5.985e+05 8.438e+03 2.422e+03
|    ( - -2.763e+05 1 0)
|    ( QUESTION2 1 -3.138e+05 1.465e+03 1.296e+03
|        ( - -1.449e+05 1 0)
|        ( - -1.674e+05 1 0)))
s>    ( QUESTION0_0_R 1 -5.985e+05 8.438e+03 2.422e+03
s>        ( - -2.763e+05 1 0)
s>        ( QUESTION2 1 -3.138e+05 1.465e+03 1.296e+03
s>            ( - -1.449e+05 1 0)
s>            ( - -1.674e+05 1 0)))INFO: dtree.c(1315): Comp split 0
INFO: dtree.c(1439): stop. leaf nodes are specific
INFO: dtree.c(1478): Final simple tree
|( QUESTION2 1 -3.138e+05 1.465e+03 1.296e+03
|    ( - -1.449e+05 1 0)
|    ( - -1.674e+05 1 0))
s>    ( QUESTION2 1 -3.138e+05 1.465e+03 1.296e+03
s>        ( - -1.449e+05 1 0)
s>        ( - -1.674e+05 1 0))INFO: dtree.c(1315): Comp split 1
INFO: dtree.c(1315): Comp split 2
INFO: dtree.c(1318): stop. leaf nodes are specific
Thu Jan  4 18:20:41 2018
