Current configuration:
[NAME]		[DEFLT]	[VALUE]
-dictfn			./etc/huanluyen_diadiem.dic
-example	no	no
-fdictfn		./etc/huanluyen_diadiem.filler
-help		no	no
-ignorewpos	no	no
-inCDmdef		
-inCImdef		
-lsnfn			./etc/huanluyen_diadiem_train.transcription
-maxtriphones	100000	100000
-minocc		1	1
-n_state_pm	3	3
-oalltphnmdef		
-ocimdef		
-ocountfn		
-ountiedmdef		./model_architecture/huanluyen_diadiem.untied.mdef
-phnlstfn		./etc/huanluyen_diadiem.phone
-triphnlstfn		

INFO: main.c(95): Will write untied mdef file ./model_architecture/huanluyen_diadiem.untied.mdef
INFO: mk_mdef_gen.c(189): 0 single word triphones in input phone list
INFO: mk_mdef_gen.c(190): 0 word beginning triphones in input phone list
INFO: mk_mdef_gen.c(191): 0 word internal triphones in input phone list
INFO: mk_mdef_gen.c(192): 0 word ending triphones in input phone list
INFO: mk_mdef_gen.c(280): Reading dict ./etc/huanluyen_diadiem.dic
INFO: mk_mdef_gen.c(322): 16 words in dict ./etc/huanluyen_diadiem.dic
INFO: mk_mdef_gen.c(280): Reading dict ./etc/huanluyen_diadiem.filler
INFO: mk_mdef_gen.c(322): 3 words in dict ./etc/huanluyen_diadiem.filler
INFO: mk_mdef_gen.c(442): 19 words in dictionary
INFO: mk_mdef_gen.c(443): 0 unique single word triphones in dictionary
INFO: mk_mdef_gen.c(444): 224 unique word beginning triphones in dictionary
INFO: mk_mdef_gen.c(445): 10 unique word internal triphones in dictionary
INFO: mk_mdef_gen.c(446): 224 unique word ending triphones in dictionary
INFO: mk_mdef_gen.c(479): Out of vocabulary words in transcript will be mapped to SIL!
INFO: mk_mdef_gen.c(593): 23437 words in transcripts
INFO: mk_mdef_gen.c(594): 0 single word triphones in transcripts
INFO: mk_mdef_gen.c(595): 8674 word beginning triphones in transcripts
INFO: mk_mdef_gen.c(596): 5841 word internal triphones in transcripts
INFO: mk_mdef_gen.c(597): 8674 word ending triphones in transcripts
INFO: mk_mdef_gen.c(640): 23189 triphones extracted from transcripts
INFO: mk_mdef_gen.c(641): 42 unique triphones extracted from transcripts
INFO: mk_mdef_gen.c(642): 0 triphones occur once in the transcripts
INFO: mk_mdef_gen.c(643): 0 triphones occur twice in the transcripts
INFO: mk_mdef_gen.c(644): 0 triphones occur thrice in the transcripts
INFO: mk_mdef_gen.c(645): The rest of the triphones occur more than three times
INFO: mk_mdef_gen.c(646): Count threshold is 1
INFO: mk_mdef_gen.c(897): 28 n_base, 42 n_tri
INFO: mk_mdef_gen.c(969): Wrote mdef file ./model_architecture/huanluyen_diadiem.untied.mdef
Fri Dec 29 09:15:33 2017
