Current configuration:
[NAME]		[DEFLT]	[VALUE]
-dcountfn		./model_parameters/tmp.cd_cont_200/mixture_weights
-example	no	no
-fullvar	no	no
-help		no	no
-inmeanfn		./model_parameters/tmp.cd_cont_200/means
-inmixwfn		./model_parameters/tmp.cd_cont_200/mixture_weights
-invarfn		./model_parameters/tmp.cd_cont_200/variances
-ninc		1	2
-outmeanfn		./model_parameters/tmp.cd_cont_initial/means
-outmixwfn		./model_parameters/tmp.cd_cont_initial/mixture_weights
-outvarfn		./model_parameters/tmp.cd_cont_initial/variances

INFO: main.c(86): Reading mixing weight file ./model_parameters/tmp.cd_cont_200/mixture_weights.
INFO: s3mixw_io.c(117): Read ./model_parameters/tmp.cd_cont_200/mixture_weights [246x1x2 array]
INFO: s3gau_io.c(169): Read ./model_parameters/tmp.cd_cont_200/means [246x1x2 array]
INFO: s3gau_io.c(169): Read ./model_parameters/tmp.cd_cont_200/variances [246x1x2 array]
INFO: s3gau_io.c(553): Read ./model_parameters/tmp.cd_cont_200/mixture_weights [246x1x2 array]
INFO: main.c(151): output n_density == 4
0:1(1.87e+04)0(1.71e+04)
1:1(1.81e+04)0(1.70e+04)
2:1(2.38e+04)0(1.60e+04)
3:1(9.40e+03)0(7.95e+03)
4:1(8.20e+03)0(6.35e+03)
5:1(1.26e+04)0(9.10e+03)
6:0(1.67e+03)1(1.40e+03)
7:1(2.00e+03)0(1.50e+03)
8:0(3.72e+03)1(2.32e+03)
9:1(4.66e+03)0(3.39e+03)
10:0(4.51e+03)1(3.95e+03)
11:1(3.21e+03)0(3.04e+03)
12:1(5.24e+03)0(3.98e+03)
13:0(7.54e+03)1(7.24e+03)
14:0(1.40e+04)1(1.28e+04)
15:1(7.83e+02)0(5.18e+02)
16:1(8.63e+02)0(5.91e+02)
17:1(9.42e+02)0(6.42e+02)
18:1(1.71e+04)0(1.40e+04)
19:0(7.69e+03)1(7.65e+03)
20:1(8.97e+03)0(8.74e+03)
21:0(7.24e+03)1(4.09e+03)
22:0(3.59e+03)1(3.32e+03)
23:1(2.83e+03)0(2.49e+03)
24:1(1.71e+03)0(1.57e+03)
25:1(1.71e+03)0(1.58e+03)
26:1(1.96e+03)0(1.86e+03)
27:1(3.53e+03)0(1.75e+03)
28:1(1.69e+03)0(1.28e+03)
29:0(5.18e+03)1(1.24e+03)
30:1(6.57e+03)0(5.62e+03)
31:1(3.67e+03)0(2.14e+03)
32:0(5.83e+03)1(1.58e+03)
33:1(5.61e+02)0(4.24e+02)
34:1(6.08e+02)0(5.53e+02)
35:0(5.66e+02)1(4.42e+02)
36:0(2.64e+03)1(2.36e+03)
37:0(2.51e+03)1(2.35e+03)
38:0(1.95e+03)1(1.68e+03)
39:0(7.11e+03)1(6.17e+03)
40:1(1.09e+04)0(1.08e+04)
41:0(1.18e+04)1(1.07e+04)
42:0(4.55e+03)1(2.71e+03)
43:1(6.33e+03)0(3.90e+03)
44:0(5.30e+03)1(3.54e+03)
45:1(1.26e+03)0(1.11e+03)
46:0(1.36e+03)1(1.33e+03)
47:1(9.35e+02)0(8.79e+02)
48:0(4.71e+03)1(3.40e+03)
49:1(3.54e+03)0(2.15e+03)
50:1(4.18e+03)0(2.86e+03)
51:1(3.69e+03)0(3.22e+03)
52:1(5.63e+03)0(4.79e+03)
53:1(2.92e+03)0(1.86e+03)
54:1(3.70e+03)0(1.50e+03)
55:1(3.41e+03)0(1.27e+03)
56:1(3.86e+03)0(2.61e+03)
57:0(1.58e+03)1(1.15e+03)
58:0(2.18e+03)1(1.15e+03)
59:0(3.48e+03)1(2.33e+03)
60:0(8.57e+02)1(7.72e+02)
61:0(1.80e+03)1(1.60e+03)
62:0(8.95e+02)1(6.37e+02)
63:1(3.56e+03)0(3.18e+03)
64:0(2.95e+03)1(2.37e+03)
65:1(2.88e+03)0(2.81e+03)
66:1(1.65e+03)0(1.52e+03)
67:0(1.56e+03)1(1.12e+03)
68:1(6.53e+02)0(4.58e+02)
69:0(5.96e+02)1(3.46e+02)
70:1(3.29e+02)0(3.13e+02)
71:0(1.04e+03)1(8.36e+02)
72:1(1.06e+03)0(7.46e+02)
73:1(4.67e+02)0(3.41e+02)
74:0(5.34e+02)1(3.77e+02)
75:1(1.67e+03)0(1.53e+03)
76:1(1.17e+03)0(8.03e+02)
77:1(2.80e+03)0(1.37e+03)
78:0(5.41e+02)1(4.69e+02)
79:1(8.86e+02)0(6.07e+02)
80:0(9.01e+02)1(8.07e+02)
81:1(7.30e+02)0(5.23e+02)
82:0(9.30e+02)1(8.40e+02)
83:0(4.28e+02)1(2.97e+02)
84:1(4.85e+02)0(1.92e+02)
85:0(5.66e+02)1(4.89e+02)
86:1(4.83e+02)0(4.37e+02)
87:1(3.87e+02)0(3.37e+02)
88:0(2.24e+03)1(1.99e+03)
89:1(6.39e+02)0(4.87e+02)
90:1(1.13e+03)0(9.84e+02)
91:1(1.15e+03)0(1.00e+03)
92:1(1.64e+03)0(1.49e+03)
93:1(4.51e+02)0(4.35e+02)
94:1(5.63e+02)0(4.74e+02)
95:0(1.50e+03)1(1.46e+03)
96:1(1.59e+03)0(1.52e+03)
97:1(5.26e+02)0(3.08e+02)
98:1(2.20e+03)0(2.16e+03)
99:1(7.77e+02)0(4.01e+02)
100:1(1.03e+03)0(8.70e+02)
101:1(1.13e+03)0(5.30e+02)
102:0(9.68e+02)1(8.72e+02)
103:0(1.67e+03)1(1.44e+03)
104:1(1.66e+03)0(1.27e+03)
105:0(1.89e+03)1(1.32e+03)
106:1(3.07e+03)0(1.77e+03)
107:1(2.26e+03)0(1.80e+03)
108:0(2.36e+03)1(2.04e+03)
109:1(1.73e+03)0(1.38e+03)
110:0(1.78e+03)1(1.36e+03)
111:1(1.08e+03)0(8.90e+02)
112:0(8.74e+02)1(7.96e+02)
113:0(8.66e+02)1(6.31e+02)
114:1(1.06e+03)0(8.50e+02)
115:1(1.15e+03)0(1.02e+03)
116:0(1.13e+03)1(1.11e+03)
117:1(1.29e+03)0(1.26e+03)
118:0(2.83e+03)1(2.57e+03)
119:1(8.64e+02)0(6.95e+02)
120:0(1.55e+03)1(1.48e+03)
121:0(1.58e+03)1(1.55e+03)
122:1(2.88e+03)0(2.82e+03)
123:0(1.50e+03)1(1.32e+03)
124:0(2.63e+03)1(2.42e+03)
125:0(5.39e+03)1(4.66e+03)
126:1(7.83e+02)0(5.18e+02)
127:1(8.63e+02)0(5.91e+02)
128:1(9.42e+02)0(6.42e+02)
129:1(1.71e+04)0(1.40e+04)
130:0(7.69e+03)1(7.65e+03)
131:1(8.97e+03)0(8.74e+03)
132:0(8.80e+02)1(8.12e+02)
133:1(1.20e+03)0(1.19e+03)
134:0(5.91e+02)1(3.70e+02)
135:1(3.17e+03)0(3.13e+03)
136:1(7.64e+02)0(6.95e+02)
137:0(4.36e+02)1(2.93e+02)
138:1(6.32e+02)0(5.04e+02)
139:0(1.80e+03)1(1.79e+03)
140:0(3.62e+02)1(2.56e+02)
141:1(7.86e+02)0(5.01e+02)
142:0(4.61e+02)1(4.42e+02)
143:1(1.45e+03)0(1.07e+03)
144:1(1.71e+03)0(1.57e+03)
145:1(1.71e+03)0(1.58e+03)
146:1(1.96e+03)0(1.86e+03)
147:0(1.44e+03)1(1.34e+03)
148:1(5.12e+02)0(2.53e+02)
149:0(9.37e+02)1(8.00e+02)
150:0(5.19e+02)1(4.21e+02)
151:0(4.31e+02)1(3.22e+02)
152:0(6.78e+02)1(5.96e+02)
153:0(1.25e+03)1(9.63e+02)
154:0(1.37e+03)1(1.32e+03)
155:0(8.13e+02)1(7.03e+02)
156:1(4.90e+03)0(3.62e+03)
157:0(1.05e+03)1(9.67e+02)
158:1(8.49e+02)0(8.11e+02)
159:1(2.07e+03)0(1.10e+03)
160:1(7.73e+02)0(6.01e+02)
161:1(7.59e+02)0(4.98e+02)
162:1(2.17e+03)0(1.56e+03)
163:1(1.29e+03)0(1.17e+03)
164:1(7.27e+02)0(4.97e+02)
165:1(5.61e+02)0(4.24e+02)
166:1(6.08e+02)0(5.53e+02)
167:0(5.66e+02)1(4.42e+02)
168:1(4.62e+02)0(3.90e+02)
169:1(8.00e+02)0(7.31e+02)
170:0(1.48e+03)1(1.14e+03)
171:1(3.84e+02)0(2.53e+02)
172:1(1.07e+03)0(7.70e+02)
173:1(1.38e+03)0(9.99e+02)
174:0(8.41e+02)1(8.38e+02)
175:1(3.91e+02)0(3.39e+02)
176:0(7.30e+02)1(4.93e+02)
177:0(2.94e+03)1(2.42e+03)
178:0(2.54e+03)1(2.45e+03)
179:1(1.49e+03)0(1.44e+03)
180:0(5.28e+03)1(5.15e+03)
181:1(3.64e+03)0(3.63e+03)
182:1(2.07e+03)0(1.96e+03)
183:0(5.68e+03)1(5.08e+03)
184:0(3.77e+03)1(3.58e+03)
185:1(2.29e+03)0(2.11e+03)
186:0(1.33e+03)1(1.25e+03)
187:1(6.60e+02)0(3.05e+02)
188:1(1.06e+03)0(9.10e+02)
189:1(1.03e+03)0(7.18e+02)
190:1(1.76e+03)0(1.55e+03)
191:1(1.45e+03)0(1.02e+03)
192:1(8.03e+02)0(4.06e+02)
193:1(1.90e+03)0(1.34e+03)
194:1(1.68e+03)0(1.13e+03)
195:1(1.74e+03)0(1.15e+03)
196:1(6.40e+02)0(4.25e+02)
197:1(1.21e+03)0(8.61e+02)
198:1(1.26e+03)0(1.11e+03)
199:0(1.36e+03)1(1.33e+03)
200:1(9.35e+02)0(8.79e+02)
201:0(1.29e+03)1(9.74e+02)
202:0(6.01e+02)1(4.34e+02)
203:1(1.41e+03)0(1.40e+03)
204:1(1.07e+03)0(9.44e+02)
205:1(8.14e+02)0(5.01e+02)
206:0(5.36e+02)1(3.97e+02)
207:0(7.82e+02)1(7.20e+02)
208:1(1.05e+03)0(8.90e+02)
209:1(8.04e+02)0(2.99e+02)
210:0(5.11e+02)1(3.86e+02)
211:1(1.44e+03)0(9.71e+02)
212:0(1.37e+03)1(1.27e+03)
213:0(1.96e+03)1(1.72e+03)
214:0(5.00e+02)1(3.72e+02)
215:1(6.89e+02)0(3.70e+02)
216:1(7.71e+02)0(5.28e+02)
217:0(2.38e+03)1(2.27e+03)
218:1(1.27e+03)0(7.46e+02)
219:1(1.04e+03)0(8.40e+02)
220:0(9.50e+02)1(9.18e+02)
221:1(1.23e+03)0(8.23e+02)
222:0(4.26e+02)1(3.94e+02)
223:0(7.25e+02)1(3.74e+02)
224:0(4.46e+02)1(3.66e+02)
225:0(5.65e+02)1(5.06e+02)
226:1(1.65e+03)0(1.56e+03)
227:1(5.26e+02)0(3.96e+02)
228:1(8.63e+02)0(4.82e+02)
229:0(1.27e+03)1(1.11e+03)
230:1(6.19e+02)0(3.32e+02)
231:1(1.29e+03)0(8.50e+02)
232:0(1.49e+03)1(1.19e+03)
233:1(8.76e+02)0(7.78e+02)
234:0(1.58e+03)1(1.15e+03)
235:0(2.18e+03)1(1.15e+03)
236:0(3.48e+03)1(2.33e+03)
237:0(8.57e+02)1(7.72e+02)
238:0(1.80e+03)1(1.60e+03)
239:0(8.95e+02)1(6.37e+02)
240:1(3.56e+03)0(3.18e+03)
241:0(2.95e+03)1(2.37e+03)
242:1(2.88e+03)0(2.81e+03)
243:1(1.65e+03)0(1.52e+03)
244:0(1.56e+03)1(1.12e+03)
245:1(6.53e+02)0(4.58e+02)INFO: s3mixw_io.c(233): Wrote ./model_parameters/tmp.cd_cont_initial/mixture_weights [246x1x4 array]
INFO: s3gau_io.c(228): Wrote ./model_parameters/tmp.cd_cont_initial/means [246x1x4 array]
INFO: s3gau_io.c(228): Wrote ./model_parameters/tmp.cd_cont_initial/variances [246x1x4 array]

Thu Jan  4 18:21:13 2018
