Current configuration:
[NAME]		[DEFLT]	[VALUE]
-dest_meanfn		./model_parameters/tmp.cd_cont_untied/means
-dest_mixwfn		./model_parameters/tmp.cd_cont_untied/mixture_weights
-dest_moddeffn		./model_architecture/tmp.untied.mdef
-dest_tmatfn		./model_parameters/tmp.cd_cont_untied/transition_matrices
-dest_ts2cbfn		.cont.
-dest_varfn		./model_parameters/tmp.cd_cont_untied/variances
-example	no	no
-fullvar	no	no
-help		no	no
-src_meanfn		./model_parameters/tmp.ci_cont/means
-src_mixwfn		./model_parameters/tmp.ci_cont/mixture_weights
-src_moddeffn		./model_architecture/tmp.ci.mdef
-src_tmatfn		./model_parameters/tmp.ci_cont/transition_matrices
-src_ts2cbfn		.cont.
-src_varfn		./model_parameters/tmp.ci_cont/variances

INFO: main.c(261): Reading src ./model_architecture/tmp.ci.mdef
INFO: model_def_io.c(573): Model definition info:
INFO: model_def_io.c(574): 23 total models defined (23 base, 0 tri)
INFO: model_def_io.c(575): 92 total states
INFO: model_def_io.c(576): 69 total tied states
INFO: model_def_io.c(577): 69 total tied CI states
INFO: model_def_io.c(578): 23 total tied transition matrices
INFO: model_def_io.c(579): 4 max state/model
INFO: model_def_io.c(580): 4 min state/model
INFO: main.c(278): Generating continous ts2cb mapping
INFO: main.c(299): Reading src ./model_parameters/tmp.ci_cont/mixture_weights
INFO: s3mixw_io.c(117): Read ./model_parameters/tmp.ci_cont/mixture_weights [69x1x1 array]
INFO: main.c(309): Reading src ./model_parameters/tmp.ci_cont/transition_matrices
INFO: s3tmat_io.c(118): Read ./model_parameters/tmp.ci_cont/transition_matrices [23x3x4 array]
INFO: main.c(318): Reading src ./model_parameters/tmp.ci_cont/means
INFO: s3gau_io.c(169): Read ./model_parameters/tmp.ci_cont/means [69x1x1 array]
INFO: main.c(342): Reading src ./model_parameters/tmp.ci_cont/variances
INFO: s3gau_io.c(169): Read ./model_parameters/tmp.ci_cont/variances [69x1x1 array]
INFO: main.c(391): Reading dest ./model_architecture/tmp.untied.mdef
INFO: model_def_io.c(573): Model definition info:
INFO: model_def_io.c(574): 82 total models defined (23 base, 59 tri)
INFO: model_def_io.c(575): 328 total states
INFO: model_def_io.c(576): 246 total tied states
INFO: model_def_io.c(577): 69 total tied CI states
INFO: model_def_io.c(578): 23 total tied transition matrices
INFO: model_def_io.c(579): 4 max state/model
INFO: model_def_io.c(580): 4 min state/model
INFO: main.c(407): Generating continous ts2cb mapping
INFO: main.c(431): Calculating initial model parameters
INFO: main.c(439): Alloc 23x3x4 dest tmat
INFO: main.c(450): Alloc 246x1x1 dest mixw
INFO: main.c(463): Alloc 246x1x1 dest mean and var
       SIL <- SIL       : [tm     0 +=     0]
[mx     0(0) +=     0] [mg     0(0) <-     0] [mx     1(1) +=     1] [mg     1(1) <-     1] [mx     2(2) +=     2] [mg     2(2) <-     2] 
         a <- a         : [tm     1 +=     1]
[mx     3(0) +=     3] [mg     3(0) <-     3] [mx     4(1) +=     4] [mg     4(1) <-     4] [mx     5(2) +=     5] [mg     5(2) <-     5] 
         c <- c         : [tm     2 +=     2]
[mx     6(0) +=     6] [mg     6(0) <-     6] [mx     7(1) +=     7] [mg     7(1) <-     7] [mx     8(2) +=     8] [mg     8(2) <-     8] 
         d <- d         : [tm     3 +=     3]
[mx     9(0) +=     9] [mg     9(0) <-     9] [mx    10(1) +=    10] [mg    10(1) <-    10] [mx    11(2) +=    11] [mg    11(2) <-    11] 
         e <- e         : [tm     4 +=     4]
[mx    12(0) +=    12] [mg    12(0) <-    12] [mx    13(1) +=    13] [mg    13(1) <-    13] [mx    14(2) +=    14] [mg    14(2) <-    14] 
         f <- f         : [tm     5 +=     5]
[mx    15(0) +=    15] [mg    15(0) <-    15] [mx    16(1) +=    16] [mg    16(1) <-    16] [mx    17(2) +=    17] [mg    17(2) <-    17] 
         g <- g         : [tm     6 +=     6]
[mx    18(0) +=    18] [mg    18(0) <-    18] [mx    19(1) +=    19] [mg    19(1) <-    19] [mx    20(2) +=    20] [mg    20(2) <-    20] 
         h <- h         : [tm     7 +=     7]
[mx    21(0) +=    21] [mg    21(0) <-    21] [mx    22(1) +=    22] [mg    22(1) <-    22] [mx    23(2) +=    23] [mg    23(2) <-    23] 
         i <- i         : [tm     8 +=     8]
[mx    24(0) +=    24] [mg    24(0) <-    24] [mx    25(1) +=    25] [mg    25(1) <-    25] [mx    26(2) +=    26] [mg    26(2) <-    26] 
         j <- j         : [tm     9 +=     9]
[mx    27(0) +=    27] [mg    27(0) <-    27] [mx    28(1) +=    28] [mg    28(1) <-    28] [mx    29(2) +=    29] [mg    29(2) <-    29] 
         k <- k         : [tm    10 +=    10]
[mx    30(0) +=    30] [mg    30(0) <-    30] [mx    31(1) +=    31] [mg    31(1) <-    31] [mx    32(2) +=    32] [mg    32(2) <-    32] 
         l <- l         : [tm    11 +=    11]
[mx    33(0) +=    33] [mg    33(0) <-    33] [mx    34(1) +=    34] [mg    34(1) <-    34] [mx    35(2) +=    35] [mg    35(2) <-    35] 
         m <- m         : [tm    12 +=    12]
[mx    36(0) +=    36] [mg    36(0) <-    36] [mx    37(1) +=    37] [mg    37(1) <-    37] [mx    38(2) +=    38] [mg    38(2) <-    38] 
         n <- n         : [tm    13 +=    13]
[mx    39(0) +=    39] [mg    39(0) <-    39] [mx    40(1) +=    40] [mg    40(1) <-    40] [mx    41(2) +=    41] [mg    41(2) <-    41] 
         o <- o         : [tm    14 +=    14]
[mx    42(0) +=    42] [mg    42(0) <-    42] [mx    43(1) +=    43] [mg    43(1) <-    43] [mx    44(2) +=    44] [mg    44(2) <-    44] 
         p <- p         : [tm    15 +=    15]
[mx    45(0) +=    45] [mg    45(0) <-    45] [mx    46(1) +=    46] [mg    46(1) <-    46] [mx    47(2) +=    47] [mg    47(2) <-    47] 
         r <- r         : [tm    16 +=    16]
[mx    48(0) +=    48] [mg    48(0) <-    48] [mx    49(1) +=    49] [mg    49(1) <-    49] [mx    50(2) +=    50] [mg    50(2) <-    50] 
         s <- s         : [tm    17 +=    17]
[mx    51(0) +=    51] [mg    51(0) <-    51] [mx    52(1) +=    52] [mg    52(1) <-    52] [mx    53(2) +=    53] [mg    53(2) <-    53] 
         t <- t         : [tm    18 +=    18]
[mx    54(0) +=    54] [mg    54(0) <-    54] [mx    55(1) +=    55] [mg    55(1) <-    55] [mx    56(2) +=    56] [mg    56(2) <-    56] 
         u <- u         : [tm    19 +=    19]
[mx    57(0) +=    57] [mg    57(0) <-    57] [mx    58(1) +=    58] [mg    58(1) <-    58] [mx    59(2) +=    59] [mg    59(2) <-    59] 
         w <- w         : [tm    20 +=    20]
[mx    60(0) +=    60] [mg    60(0) <-    60] [mx    61(1) +=    61] [mg    61(1) <-    61] [mx    62(2) +=    62] [mg    62(2) <-    62] 
         x <- x         : [tm    21 +=    21]
[mx    63(0) +=    63] [mg    63(0) <-    63] [mx    64(1) +=    64] [mg    64(1) <-    64] [mx    65(2) +=    65] [mg    65(2) <-    65] 
         y <- y         : [tm    22 +=    22]
[mx    66(0) +=    66] [mg    66(0) <-    66] [mx    67(1) +=    67] [mg    67(1) <-    67] [mx    68(2) +=    68] [mg    68(2) <-    68] 
   a c f i <- a         : [mx    69(0) +=     3] [mg    69(0) <-     3] [mx    70(1) +=     4] [mg    70(1) <-     4] [mx    71(2) +=     5] [mg    71(2) <-     5] 
   a h s i <- a         : [mx    72(0) +=     3] [mg    72(0) <-     3] [mx    73(1) +=     4] [mg    73(1) <-     4] [mx    74(2) +=     5] [mg    74(2) <-     5] 
   a k r e <- a         : [mx    75(0) +=     3] [mg    75(0) <-     3] [mx    76(1) +=     4] [mg    76(1) <-     4] [mx    77(2) +=     5] [mg    77(2) <-     5] 
   a l j i <- a         : [mx    78(0) +=     3] [mg    78(0) <-     3] [mx    79(1) +=     4] [mg    79(1) <-     4] [mx    80(2) +=     5] [mg    80(2) <-     5] 
   a m s i <- a         : [mx    81(0) +=     3] [mg    81(0) <-     3] [mx    82(1) +=     4] [mg    82(1) <-     4] [mx    83(2) +=     5] [mg    83(2) <-     5] 
   a m y b <- a         : [mx    84(0) +=     3] [mg    84(0) <-     3] [mx    85(1) +=     4] [mg    85(1) <-     4] [mx    86(2) +=     5] [mg    86(2) <-     5] 
   a r j i <- a         : [mx    87(0) +=     3] [mg    87(0) <-     3] [mx    88(1) +=     4] [mg    88(1) <-     4] [mx    89(2) +=     5] [mg    89(2) <-     5] 
   a r o i <- a         : [mx    90(0) +=     3] [mg    90(0) <-     3] [mx    91(1) +=     4] [mg    91(1) <-     4] [mx    92(2) +=     5] [mg    92(2) <-     5] 
   a s j i <- a         : [mx    93(0) +=     3] [mg    93(0) <-     3] [mx    94(1) +=     4] [mg    94(1) <-     4] [mx    95(2) +=     5] [mg    95(2) <-     5] 
 a x SIL e <- a         : [mx    96(0) +=     3] [mg    96(0) <-     3] [mx    97(1) +=     4] [mg    97(1) <-     4] [mx    98(2) +=     5] [mg    98(2) <-     5] 
 c SIL a b <- c         : [mx    99(0) +=     6] [mg    99(0) <-     6] [mx   100(1) +=     7] [mg   100(1) <-     7] [mx   101(2) +=     8] [mg   101(2) <-     8] 
   c s h i <- c         : [mx   102(0) +=     6] [mg   102(0) <-     6] [mx   103(1) +=     7] [mg   103(1) <-     7] [mx   104(2) +=     8] [mg   104(2) <-     8] 
 d SIL d b <- d         : [mx   105(0) +=     9] [mg   105(0) <-     9] [mx   106(1) +=    10] [mg   106(1) <-    10] [mx   107(2) +=    11] [mg   107(2) <-    11] 
   d d u i <- d         : [mx   108(0) +=     9] [mg   108(0) <-     9] [mx   109(1) +=    10] [mg   109(1) <-    10] [mx   110(2) +=    11] [mg   110(2) <-    11] 
 e e SIL e <- e         : [mx   111(0) +=    12] [mg   111(0) <-    12] [mx   112(1) +=    13] [mg   112(1) <-    13] [mx   113(2) +=    14] [mg   113(2) <-    14] 
   e e m i <- e         : [mx   114(0) +=    12] [mg   114(0) <-    12] [mx   115(1) +=    13] [mg   115(1) <-    13] [mx   116(2) +=    14] [mg   116(2) <-    14] 
   e h e i <- e         : [mx   117(0) +=    12] [mg   117(0) <-    12] [mx   118(1) +=    13] [mg   118(1) <-    13] [mx   119(2) +=    14] [mg   119(2) <-    14] 
 e k SIL e <- e         : [mx   120(0) +=    12] [mg   120(0) <-    12] [mx   121(1) +=    13] [mg   121(1) <-    13] [mx   122(2) +=    14] [mg   122(2) <-    14] 
   e t e i <- e         : [mx   123(0) +=    12] [mg   123(0) <-    12] [mx   124(1) +=    13] [mg   124(1) <-    13] [mx   125(2) +=    14] [mg   125(2) <-    14] 
   f a p e <- f         : [mx   126(0) +=    15] [mg   126(0) <-    15] [mx   127(1) +=    16] [mg   127(1) <-    16] [mx   128(2) +=    17] [mg   128(2) <-    17] 
 g n SIL e <- g         : [mx   129(0) +=    18] [mg   129(0) <-    18] [mx   130(1) +=    19] [mg   130(1) <-    19] [mx   131(2) +=    20] [mg   131(2) <-    20] 
   h c s e <- h         : [mx   132(0) +=    21] [mg   132(0) <-    21] [mx   133(1) +=    22] [mg   133(1) <-    22] [mx   134(2) +=    23] [mg   134(2) <-    23] 
   h k a i <- h         : [mx   135(0) +=    21] [mg   135(0) <-    21] [mx   136(1) +=    22] [mg   136(1) <-    22] [mx   137(2) +=    23] [mg   137(2) <-    23] 
   h k o i <- h         : [mx   138(0) +=    21] [mg   138(0) <-    21] [mx   139(1) +=    22] [mg   139(1) <-    22] [mx   140(2) +=    23] [mg   140(2) <-    23] 
   h p e i <- h         : [mx   141(0) +=    21] [mg   141(0) <-    21] [mx   142(1) +=    22] [mg   142(1) <-    22] [mx   143(2) +=    23] [mg   143(2) <-    23] 
 i j SIL e <- i         : [mx   144(0) +=    24] [mg   144(0) <-    24] [mx   145(1) +=    25] [mg   145(1) <-    25] [mx   146(2) +=    26] [mg   146(2) <-    26] 
   j a i i <- j         : [mx   147(0) +=    27] [mg   147(0) <-    27] [mx   148(1) +=    28] [mg   148(1) <-    28] [mx   149(2) +=    29] [mg   149(2) <-    29] 
   j a m i <- j         : [mx   150(0) +=    27] [mg   150(0) <-    27] [mx   151(1) +=    28] [mg   151(1) <-    28] [mx   152(2) +=    29] [mg   152(2) <-    29] 
   j a n i <- j         : [mx   153(0) +=    27] [mg   153(0) <-    27] [mx   154(1) +=    28] [mg   154(1) <-    28] [mx   155(2) +=    29] [mg   155(2) <-    29] 
 k SIL a b <- k         : [mx   156(0) +=    30] [mg   156(0) <-    30] [mx   157(1) +=    31] [mg   157(1) <-    31] [mx   158(2) +=    32] [mg   158(2) <-    32] 
 k SIL h b <- k         : [mx   159(0) +=    30] [mg   159(0) <-    30] [mx   160(1) +=    31] [mg   160(1) <-    31] [mx   161(2) +=    32] [mg   161(2) <-    32] 
   k o e b <- k         : [mx   162(0) +=    30] [mg   162(0) <-    30] [mx   163(1) +=    31] [mg   163(1) <-    31] [mx   164(2) +=    32] [mg   164(2) <-    32] 
   l r a b <- l         : [mx   165(0) +=    33] [mg   165(0) <-    33] [mx   166(1) +=    34] [mg   166(1) <-    34] [mx   167(2) +=    35] [mg   167(2) <-    35] 
 m SIL a b <- m         : [mx   168(0) +=    36] [mg   168(0) <-    36] [mx   169(1) +=    37] [mg   169(1) <-    37] [mx   170(2) +=    38] [mg   170(2) <-    38] 
 m e SIL e <- m         : [mx   171(0) +=    36] [mg   171(0) <-    36] [mx   172(1) +=    37] [mg   172(1) <-    37] [mx   173(2) +=    38] [mg   173(2) <-    38] 
   m j a e <- m         : [mx   174(0) +=    36] [mg   174(0) <-    36] [mx   175(1) +=    37] [mg   175(1) <-    37] [mx   176(2) +=    38] [mg   176(2) <-    38] 
 n j SIL e <- n         : [mx   177(0) +=    39] [mg   177(0) <-    39] [mx   178(1) +=    40] [mg   178(1) <-    40] [mx   179(2) +=    41] [mg   179(2) <-    41] 
   n o g i <- n         : [mx   180(0) +=    39] [mg   180(0) <-    39] [mx   181(1) +=    40] [mg   181(1) <-    40] [mx   182(2) +=    41] [mg   182(2) <-    41] 
   n s g i <- n         : [mx   183(0) +=    39] [mg   183(0) <-    39] [mx   184(1) +=    40] [mg   184(1) <-    40] [mx   185(2) +=    41] [mg   185(2) <-    41] 
   o a k e <- o         : [mx   186(0) +=    42] [mg   186(0) <-    42] [mx   187(1) +=    43] [mg   187(1) <-    43] [mx   188(2) +=    44] [mg   188(2) <-    44] 
   o h o i <- o         : [mx   189(0) +=    42] [mg   189(0) <-    42] [mx   190(1) +=    43] [mg   190(1) <-    43] [mx   191(2) +=    44] [mg   191(2) <-    44] 
   o o n i <- o         : [mx   192(0) +=    42] [mg   192(0) <-    42] [mx   193(1) +=    43] [mg   193(1) <-    43] [mx   194(2) +=    44] [mg   194(2) <-    44] 
   o r w i <- o         : [mx   195(0) +=    42] [mg   195(0) <-    42] [mx   196(1) +=    43] [mg   196(1) <-    43] [mx   197(2) +=    44] [mg   197(2) <-    44] 
   p f h b <- p         : [mx   198(0) +=    45] [mg   198(0) <-    45] [mx   199(1) +=    46] [mg   199(1) <-    46] [mx   200(2) +=    47] [mg   200(2) <-    47] 
   r a a b <- r         : [mx   201(0) +=    48] [mg   201(0) <-    48] [mx   202(1) +=    49] [mg   202(1) <-    49] [mx   203(2) +=    50] [mg   203(2) <-    50] 
   r t a i <- r         : [mx   204(0) +=    48] [mg   204(0) <-    48] [mx   205(1) +=    49] [mg   205(1) <-    49] [mx   206(2) +=    50] [mg   206(2) <-    50] 
   r t o i <- r         : [mx   207(0) +=    48] [mg   207(0) <-    48] [mx   208(1) +=    49] [mg   208(1) <-    49] [mx   209(2) +=    50] [mg   209(2) <-    50] 
   r w l e <- r         : [mx   210(0) +=    48] [mg   210(0) <-    48] [mx   211(1) +=    49] [mg   211(1) <-    49] [mx   212(2) +=    50] [mg   212(2) <-    50] 
   s a c i <- s         : [mx   213(0) +=    51] [mg   213(0) <-    51] [mx   214(1) +=    52] [mg   214(1) <-    52] [mx   215(2) +=    53] [mg   215(2) <-    53] 
   s a t i <- s         : [mx   216(0) +=    51] [mg   216(0) <-    51] [mx   217(1) +=    52] [mg   217(1) <-    52] [mx   218(2) +=    53] [mg   218(2) <-    53] 
   s h a b <- s         : [mx   219(0) +=    51] [mg   219(0) <-    51] [mx   220(1) +=    52] [mg   220(1) <-    52] [mx   221(2) +=    53] [mg   221(2) <-    53] 
   s u n i <- s         : [mx   222(0) +=    51] [mg   222(0) <-    51] [mx   223(1) +=    52] [mg   223(1) <-    52] [mx   224(2) +=    53] [mg   224(2) <-    53] 
 t SIL r b <- t         : [mx   225(0) +=    54] [mg   225(0) <-    54] [mx   226(1) +=    55] [mg   226(1) <-    55] [mx   227(2) +=    56] [mg   227(2) <-    56] 
   t s x e <- t         : [mx   228(0) +=    54] [mg   228(0) <-    54] [mx   229(1) +=    55] [mg   229(1) <-    55] [mx   230(2) +=    56] [mg   230(2) <-    56] 
   t y e b <- t         : [mx   231(0) +=    54] [mg   231(0) <-    54] [mx   232(1) +=    55] [mg   232(1) <-    55] [mx   233(2) +=    56] [mg   233(2) <-    56] 
   u d s i <- u         : [mx   234(0) +=    57] [mg   234(0) <-    57] [mx   235(1) +=    58] [mg   235(1) <-    58] [mx   236(2) +=    59] [mg   236(2) <-    59] 
   w o r i <- w         : [mx   237(0) +=    60] [mg   237(0) <-    60] [mx   238(1) +=    61] [mg   238(1) <-    61] [mx   239(2) +=    62] [mg   239(2) <-    62] 
   x t a b <- x         : [mx   240(0) +=    63] [mg   240(0) <-    63] [mx   241(1) +=    64] [mg   241(1) <-    64] [mx   242(2) +=    65] [mg   242(2) <-    65] 
   y a t e <- y         : INFO: main.c(529): Writing dest ./model_parameters/tmp.cd_cont_untied/transition_matrices
INFO: s3tmat_io.c(176): Wrote ./model_parameters/tmp.cd_cont_untied/transition_matrices [23x3x4 array]
INFO: main.c(540): Writing dest ./model_parameters/tmp.cd_cont_untied/mixture_weights
INFO: s3mixw_io.c(233): Wrote ./model_parameters/tmp.cd_cont_untied/mixture_weights [246x1x1 array]
INFO: main.c(549): Writing dest ./model_parameters/tmp.cd_cont_untied/means
INFO: s3gau_io.c(228): Wrote ./model_parameters/tmp.cd_cont_untied/means [246x1x1 array]
INFO: main.c(561): Writing dest ./model_parameters/tmp.cd_cont_untied/variances
INFO: s3gau_io.c(228): Wrote ./model_parameters/tmp.cd_cont_untied/variances [246x1x1 array]
[mx   243(0) +=    66] [mg   243(0) <-    66] [mx   244(1) +=    67] [mg   244(1) <-    67] [mx   245(2) +=    68] [mg   245(2) <-    68] 
Fri Jan  5 10:29:45 2018
