Current configuration:
[NAME]		[DEFLT]	[VALUE]
-dcountfn		./model_parameters/huanluyen_diadiem.cd_cont_200/mixture_weights
-example	no	no
-fullvar	no	no
-help		no	no
-inmeanfn		./model_parameters/huanluyen_diadiem.cd_cont_200/means
-inmixwfn		./model_parameters/huanluyen_diadiem.cd_cont_200/mixture_weights
-invarfn		./model_parameters/huanluyen_diadiem.cd_cont_200/variances
-ninc		1	1
-outmeanfn		./model_parameters/huanluyen_diadiem.cd_cont_initial/means
-outmixwfn		./model_parameters/huanluyen_diadiem.cd_cont_initial/mixture_weights
-outvarfn		./model_parameters/huanluyen_diadiem.cd_cont_initial/variances

INFO: main.c(86): Reading mixing weight file ./model_parameters/huanluyen_diadiem.cd_cont_200/mixture_weights.
INFO: s3mixw_io.c(117): Read ./model_parameters/huanluyen_diadiem.cd_cont_200/mixture_weights [210x1x1 array]
INFO: s3gau_io.c(169): Read ./model_parameters/huanluyen_diadiem.cd_cont_200/means [210x1x1 array]
INFO: s3gau_io.c(169): Read ./model_parameters/huanluyen_diadiem.cd_cont_200/variances [210x1x1 array]
INFO: s3gau_io.c(553): Read ./model_parameters/huanluyen_diadiem.cd_cont_200/mixture_weights [210x1x1 array]
INFO: main.c(151): output n_density == 2
0:0(7.23e+03)
1:0(5.57e+03)
2:0(1.06e+04)
3:0(3.21e+03)
4:0(3.55e+03)
5:0(3.83e+03)
6:0(7.40e+03)
7:0(2.30e+03)
8:0(1.61e+03)
9:0(1.83e+03)
10:0(4.66e+03)
11:0(5.37e+03)
12:0(1.07e+03)
13:0(1.58e+03)
14:0(2.79e+03)
15:0(6.60e+03)
16:0(5.69e+03)
17:0(6.62e+03)
18:0(4.21e+03)
19:0(6.87e+03)
20:0(5.26e+03)
21:0(4.74e+03)
22:0(9.94e+03)
23:0(1.70e+04)
24:0(1.75e+03)
25:0(3.83e+03)
26:0(2.87e+03)
27:0(4.45e+03)
28:0(6.46e+03)
29:0(6.66e+03)
30:0(2.39e+03)
31:0(2.50e+03)
32:0(4.49e+03)
33:0(1.02e+04)
34:0(9.72e+03)
35:0(5.58e+03)
36:0(1.96e+03)
37:0(1.50e+03)
38:0(1.33e+03)
39:0(5.63e+03)
40:0(1.12e+04)
41:0(9.70e+03)
42:0(5.31e+03)
43:0(5.92e+03)
44:0(5.04e+03)
45:0(3.52e+04)
46:0(2.90e+04)
47:0(3.04e+04)
48:0(4.06e+03)
49:0(2.53e+03)
50:0(2.06e+03)
51:0(3.80e+03)
52:0(7.39e+03)
53:0(4.74e+03)
54:0(3.92e+03)
55:0(2.08e+03)
56:0(4.11e+03)
57:0(1.82e+03)
58:0(1.23e+03)
59:0(9.45e+02)
60:0(2.62e+03)
61:0(2.40e+03)
62:0(3.70e+03)
63:0(1.95e+03)
64:0(1.30e+03)
65:0(1.80e+03)
66:0(4.36e+04)
67:0(7.33e+04)
68:0(2.83e+04)
69:0(1.70e+03)
70:0(1.27e+03)
71:0(2.96e+03)
72:0(2.62e+03)
73:0(2.82e+03)
74:0(7.73e+03)
75:0(6.08e+03)
76:0(5.33e+03)
77:0(1.18e+04)
78:0(6.00e+03)
79:0(5.13e+03)
80:0(1.02e+04)
81:0(2.86e+03)
82:0(4.89e+03)
83:0(1.27e+03)
84:0(1.50e+03)
85:0(1.24e+03)
86:0(1.28e+03)
87:0(1.52e+03)
88:0(1.69e+03)
89:0(1.11e+03)
90:0(1.15e+03)
91:0(8.94e+02)
92:0(1.27e+03)
93:0(1.14e+03)
94:0(1.25e+03)
95:0(1.31e+03)
96:0(1.65e+03)
97:0(3.11e+03)
98:0(3.26e+03)
99:0(7.36e+02)
100:0(1.20e+03)
101:0(1.27e+03)
102:0(1.01e+03)
103:0(1.14e+03)
104:0(1.41e+03)
105:0(1.34e+03)
106:0(1.07e+03)
107:0(1.42e+03)
108:0(1.48e+03)
109:0(5.92e+03)
110:0(1.10e+03)
111:0(1.20e+03)
112:0(7.67e+02)
113:0(8.47e+02)
114:0(1.83e+03)
115:0(4.66e+03)
116:0(5.37e+03)
117:0(1.07e+03)
118:0(1.58e+03)
119:0(2.79e+03)
120:0(6.60e+03)
121:0(5.69e+03)
122:0(6.62e+03)
123:0(4.21e+03)
124:0(6.87e+03)
125:0(5.26e+03)
126:0(3.36e+03)
127:0(1.38e+03)
128:0(4.08e+03)
129:0(5.85e+03)
130:0(6.75e+03)
131:0(1.02e+04)
132:0(1.75e+03)
133:0(3.83e+03)
134:0(2.87e+03)
135:0(4.45e+03)
136:0(6.46e+03)
137:0(6.66e+03)
138:0(9.75e+02)
139:0(1.42e+03)
140:0(7.89e+02)
141:0(1.71e+03)
142:0(1.20e+03)
143:0(3.29e+03)
144:0(1.57e+03)
145:0(8.63e+03)
146:0(1.34e+03)
147:0(8.37e+03)
148:0(1.47e+03)
149:0(4.12e+03)
150:0(1.96e+03)
151:0(1.50e+03)
152:0(1.33e+03)
153:0(1.77e+03)
154:0(2.63e+03)
155:0(1.23e+03)
156:0(5.32e+03)
157:0(4.38e+03)
158:0(1.47e+03)
159:0(2.55e+03)
160:0(4.43e+03)
161:0(2.72e+03)
162:0(5.31e+03)
163:0(5.92e+03)
164:0(5.04e+03)
165:0(1.52e+04)
166:0(2.00e+04)
167:0(1.68e+04)
168:0(1.22e+04)
169:0(1.52e+04)
170:0(1.52e+04)
171:0(4.06e+03)
172:0(2.53e+03)
173:0(2.06e+03)
174:0(3.80e+03)
175:0(7.39e+03)
176:0(4.74e+03)
177:0(3.92e+03)
178:0(2.08e+03)
179:0(4.11e+03)
180:0(1.82e+03)
181:0(1.23e+03)
182:0(9.45e+02)
183:0(2.62e+03)
184:0(2.40e+03)
185:0(3.70e+03)
186:0(1.95e+03)
187:0(1.30e+03)
188:0(1.80e+03)
189:0(7.57e+02)
190:0(9.42e+02)
191:0(6.18e+02)
192:0(6.49e+02)
193:0(1.73e+03)
194:0(1.23e+03)
195:0(1.47e+03)
196:0(1.14e+03)
197:0(1.48e+03)
198:0(1.34e+03)
199:0(4.41e+03)
200:0(3.32e+03)
201:0(6.08e+03)
202:0(5.33e+03)
203:0(1.18e+04)
204:0(6.00e+03)
205:0(5.13e+03)
206:0(1.02e+04)
207:0(2.86e+03)
208:0(4.89e+03)
209:0(1.27e+03)INFO: s3mixw_io.c(233): Wrote ./model_parameters/huanluyen_diadiem.cd_cont_initial/mixture_weights [210x1x2 array]
INFO: s3gau_io.c(228): Wrote ./model_parameters/huanluyen_diadiem.cd_cont_initial/means [210x1x2 array]
INFO: s3gau_io.c(228): Wrote ./model_parameters/huanluyen_diadiem.cd_cont_initial/variances [210x1x2 array]

Fri Dec 29 09:15:50 2017
