Current configuration:
[NAME]		[DEFLT]	[VALUE]
-accumdir		bwaccumdir/huanluyen_diadiem_buff_1,
-constE		3.0	3.000000e+00
-dcountfn		
-example	no	no
-fullvar	no	no
-help		no	no
-inmeanfn		
-inmixwfn		
-invarfn		
-meanfn			./model_parameters/huanluyen_diadiem.cd_cont_200/means
-mixwfn			./model_parameters/huanluyen_diadiem.cd_cont_200/mixture_weights
-mmie		no	no
-oaccumdir		
-regmatfn		
-tiedvar	no	no
-tmatfn			./model_parameters/huanluyen_diadiem.cd_cont_200/transition_matrices
-varfn			./model_parameters/huanluyen_diadiem.cd_cont_200/variances

INFO: main.c(207): Reading and accumulating counts from bwaccumdir/huanluyen_diadiem_buff_1
INFO: s3mixw_io.c(117): Read bwaccumdir/huanluyen_diadiem_buff_1/mixw_counts [210x1x4 array]
INFO: s3tmat_io.c(118): Read bwaccumdir/huanluyen_diadiem_buff_1/tmat_counts [28x3x4 array]
INFO: s3gau_io.c(386): Read bwaccumdir/huanluyen_diadiem_buff_1/gauden_counts with means with vars (2pass) [210x1x4 vector arrays]
INFO: main.c(321): -2passvar yes
INFO: main.c(391): Normalizing mean for n_mgau= 210, n_stream= 1, n_density= 4
INFO: main.c(414): Normalizing var
INFO: s3mixw_io.c(233): Wrote ./model_parameters/huanluyen_diadiem.cd_cont_200/mixture_weights [210x1x4 array]
INFO: s3tmat_io.c(176): Wrote ./model_parameters/huanluyen_diadiem.cd_cont_200/transition_matrices [28x3x4 array]
INFO: s3gau_io.c(228): Wrote ./model_parameters/huanluyen_diadiem.cd_cont_200/means [210x1x4 array]
INFO: s3gau_io.c(228): Wrote ./model_parameters/huanluyen_diadiem.cd_cont_200/variances [210x1x4 array]
Fri Dec 29 09:16:31 2017
Current Overall Likelihood Per Frame = -154.486930072029
Convergence ratio = 0.0976367818836934
