Current configuration:
[NAME]		[DEFLT]	[VALUE]
-dcountfn		./model_parameters/huanluyen_diadiem.cd_cont_200/mixture_weights
-example	no	no
-fullvar	no	no
-help		no	no
-inmeanfn		./model_parameters/huanluyen_diadiem.cd_cont_200/means
-inmixwfn		./model_parameters/huanluyen_diadiem.cd_cont_200/mixture_weights
-invarfn		./model_parameters/huanluyen_diadiem.cd_cont_200/variances
-ninc		1	4
-outmeanfn		./model_parameters/huanluyen_diadiem.cd_cont_initial/means
-outmixwfn		./model_parameters/huanluyen_diadiem.cd_cont_initial/mixture_weights
-outvarfn		./model_parameters/huanluyen_diadiem.cd_cont_initial/variances

INFO: main.c(86): Reading mixing weight file ./model_parameters/huanluyen_diadiem.cd_cont_200/mixture_weights.
INFO: s3mixw_io.c(117): Read ./model_parameters/huanluyen_diadiem.cd_cont_200/mixture_weights [210x1x4 array]
INFO: s3gau_io.c(169): Read ./model_parameters/huanluyen_diadiem.cd_cont_200/means [210x1x4 array]
INFO: s3gau_io.c(169): Read ./model_parameters/huanluyen_diadiem.cd_cont_200/variances [210x1x4 array]
INFO: s3gau_io.c(553): Read ./model_parameters/huanluyen_diadiem.cd_cont_200/mixture_weights [210x1x4 array]
INFO: main.c(151): output n_density == 8
0:2(3.33e+03)3(2.66e+03)0(2.28e+03)1(1.73e+03)
1:2(4.86e+03)3(2.37e+03)1(2.10e+03)0(1.60e+03)
2:2(4.66e+03)0(2.99e+03)1(2.12e+03)3(2.08e+03)
3:1(1.45e+03)2(1.24e+03)0(8.93e+02)3(6.24e+02)
4:1(1.82e+03)2(1.26e+03)3(9.56e+02)0(8.61e+02)
5:1(2.34e+03)2(1.74e+03)3(9.09e+02)0(6.13e+02)
6:2(2.24e+03)1(1.93e+03)3(1.15e+03)0(8.50e+02)
7:2(8.58e+02)3(5.61e+02)1(4.99e+02)0(4.12e+02)
8:1(5.12e+02)2(5.03e+02)3(4.07e+02)0(2.67e+02)
9:3(7.36e+02)1(7.06e+02)2(5.73e+02)0(5.37e+02)
10:1(1.35e+03)2(1.07e+03)0(7.67e+02)3(6.47e+02)
11:1(1.52e+03)2(1.49e+03)3(9.97e+02)0(8.14e+02)
12:2(4.13e+02)0(3.16e+02)3(2.28e+02)1(1.78e+02)
13:2(5.40e+02)0(3.96e+02)1(3.59e+02)3(3.48e+02)
14:0(7.32e+02)1(6.89e+02)2(6.88e+02)3(5.91e+02)
15:3(2.29e+03)1(2.08e+03)2(1.69e+03)0(1.20e+03)
16:3(1.84e+03)2(1.10e+03)1(1.02e+03)0(7.98e+02)
17:0(2.22e+03)2(1.96e+03)1(1.49e+03)3(8.89e+02)
18:2(1.21e+03)0(1.01e+03)1(1.00e+03)3(8.15e+02)
19:2(2.03e+03)1(1.67e+03)0(1.65e+03)3(1.31e+03)
20:2(1.48e+03)0(1.20e+03)1(1.12e+03)3(9.30e+02)
21:3(1.43e+03)1(1.22e+03)2(9.52e+02)0(9.02e+02)
22:2(3.26e+03)1(2.52e+03)0(2.37e+03)3(1.90e+03)
23:2(3.64e+03)1(3.60e+03)3(2.59e+03)0(2.52e+03)
24:3(6.13e+02)0(5.75e+02)1(5.25e+02)2(5.22e+02)
25:1(8.48e+02)0(7.29e+02)2(7.25e+02)3(6.62e+02)
26:2(7.45e+02)1(6.81e+02)0(6.12e+02)3(4.91e+02)
27:1(1.76e+03)3(1.53e+03)2(1.24e+03)0(1.17e+03)
28:3(1.93e+03)1(1.72e+03)2(1.40e+03)0(1.21e+03)
29:1(1.54e+03)3(1.52e+03)2(1.09e+03)0(1.05e+03)
30:2(9.17e+02)3(7.94e+02)1(6.34e+02)0(5.59e+02)
31:2(1.14e+03)0(1.04e+03)3(9.06e+02)1(6.11e+02)
32:0(1.70e+03)2(9.00e+02)1(8.71e+02)3(7.02e+02)
33:2(4.56e+03)1(3.63e+03)3(2.50e+03)0(1.69e+03)
34:0(3.55e+03)2(3.36e+03)1(1.36e+03)3(6.59e+02)
35:2(2.69e+03)0(2.29e+03)3(1.16e+03)1(8.15e+02)
36:2(5.29e+02)0(5.25e+02)3(4.07e+02)1(3.56e+02)
37:2(4.37e+02)0(3.98e+02)3(2.82e+02)1(2.60e+02)
38:1(4.04e+02)2(3.26e+02)3(2.79e+02)0(2.27e+02)
39:2(2.94e+03)1(2.74e+03)0(1.48e+03)3(1.09e+03)
40:3(2.88e+03)0(2.42e+03)1(2.22e+03)2(1.92e+03)
41:2(3.88e+03)1(3.56e+03)3(2.21e+03)0(1.57e+03)
42:2(1.40e+03)1(1.12e+03)0(1.09e+03)3(8.73e+02)
43:2(1.68e+03)1(1.53e+03)0(1.12e+03)3(1.10e+03)
44:1(1.41e+03)3(1.34e+03)2(9.38e+02)0(8.78e+02)
45:1(1.56e+04)2(1.13e+04)3(6.96e+03)0(6.10e+03)
46:3(7.68e+03)1(7.34e+03)2(5.49e+03)0(5.43e+03)
47:2(8.27e+03)1(7.47e+03)0(6.19e+03)3(5.79e+03)
48:2(1.04e+03)1(1.04e+03)3(7.33e+02)0(6.85e+02)
49:1(6.12e+02)2(6.06e+02)0(5.47e+02)3(5.37e+02)
50:2(5.80e+02)1(4.99e+02)0(4.19e+02)3(3.82e+02)
51:3(1.19e+03)1(1.14e+03)0(9.42e+02)2(8.08e+02)
52:3(1.92e+03)2(1.78e+03)1(1.74e+03)0(1.54e+03)
53:1(1.68e+03)2(1.62e+03)0(1.49e+03)3(1.25e+03)
54:1(1.04e+03)2(8.53e+02)0(6.66e+02)3(4.29e+02)
55:0(6.37e+02)3(6.02e+02)1(5.92e+02)2(5.20e+02)
56:0(1.09e+03)3(1.01e+03)1(9.11e+02)2(8.47e+02)
57:0(5.00e+02)2(4.96e+02)1(4.74e+02)3(4.16e+02)
58:1(4.65e+02)2(4.13e+02)3(4.03e+02)0(2.72e+02)
59:2(4.46e+02)0(4.20e+02)1(3.34e+02)3(1.82e+02)
60:2(7.16e+02)0(5.50e+02)3(4.99e+02)1(4.05e+02)
61:3(7.66e+02)0(7.00e+02)1(5.80e+02)2(5.32e+02)
62:1(8.46e+02)3(8.19e+02)2(6.66e+02)0(6.31e+02)
63:2(5.51e+02)1(5.28e+02)0(4.78e+02)3(4.00e+02)
64:2(3.60e+02)1(3.13e+02)3(2.90e+02)0(2.35e+02)
65:1(4.75e+02)3(4.44e+02)2(3.92e+02)0(2.00e+02)
66:1(1.34e+04)3(1.11e+04)2(9.82e+03)0(9.13e+03)
67:1(2.35e+04)3(1.86e+04)2(1.79e+04)0(1.36e+04)
68:2(7.88e+03)3(6.91e+03)0(5.20e+03)1(2.62e+03)
69:2(6.76e+02)3(6.42e+02)0(4.34e+02)1(3.19e+02)
70:2(8.49e+02)3(4.64e+02)1(4.46e+02)0(4.25e+02)
71:2(1.90e+03)1(1.51e+03)3(1.07e+03)0(7.97e+02)
72:1(1.10e+03)0(9.10e+02)2(8.63e+02)3(7.51e+02)
73:1(1.22e+03)0(7.71e+02)2(7.03e+02)3(6.47e+02)
74:2(2.45e+03)0(1.67e+03)1(1.50e+03)3(1.27e+03)
75:1(1.94e+03)2(1.83e+03)0(1.76e+03)3(8.97e+02)
76:1(2.22e+03)2(1.93e+03)0(1.40e+03)3(1.23e+03)
77:3(3.95e+03)1(3.77e+03)0(2.78e+03)2(2.66e+03)
78:2(1.25e+03)3(9.46e+02)1(9.28e+02)0(9.02e+02)
79:2(1.36e+03)1(1.18e+03)3(1.07e+03)0(8.37e+02)
80:1(1.54e+03)2(1.49e+03)3(1.08e+03)0(9.69e+02)
81:1(8.95e+02)2(6.22e+02)0(5.03e+02)3(5.02e+02)
82:1(1.21e+03)2(1.05e+03)0(9.32e+02)3(8.03e+02)
83:2(4.77e+02)1(4.72e+02)0(3.19e+02)3(2.41e+02)
84:2(6.95e+02)1(5.04e+02)3(4.81e+02)0(3.15e+02)
85:2(6.24e+02)1(4.60e+02)3(2.92e+02)0(2.07e+02)
86:2(7.85e+02)0(4.33e+02)3(2.99e+02)1(2.77e+02)
87:1(5.84e+02)0(4.44e+02)2(3.96e+02)3(3.47e+02)
88:1(9.11e+02)2(7.06e+02)3(7.03e+02)0(5.35e+02)
89:2(4.50e+02)1(3.68e+02)3(2.74e+02)0(2.72e+02)
90:2(3.74e+02)1(3.74e+02)3(2.99e+02)0(2.36e+02)
91:2(3.59e+02)3(3.33e+02)1(3.10e+02)0(2.76e+02)
92:1(7.79e+02)2(5.11e+02)0(5.10e+02)3(3.46e+02)
93:2(1.48e+03)1(1.36e+03)0(1.09e+03)3(9.38e+02)
94:1(4.80e+02)2(3.16e+02)0(2.66e+02)3(2.23e+02)
95:0(5.92e+02)2(5.69e+02)1(4.99e+02)3(4.33e+02)
96:1(5.72e+02)2(4.88e+02)0(3.92e+02)3(3.51e+02)
97:3(7.04e+02)1(6.48e+02)2(5.87e+02)0(5.29e+02)
98:3(1.29e+03)1(1.22e+03)2(8.58e+02)0(8.30e+02)
99:2(5.92e+02)0(3.72e+02)3(2.24e+02)1(1.96e+02)
100:1(4.56e+02)2(3.49e+02)3(3.10e+02)0(2.41e+02)
101:2(4.26e+02)0(3.82e+02)3(3.43e+02)1(3.21e+02)
102:1(5.25e+02)2(3.41e+02)3(3.27e+02)0(2.57e+02)
103:1(3.93e+02)3(3.61e+02)2(3.50e+02)0(2.93e+02)
104:2(7.10e+02)0(4.74e+02)1(4.39e+02)3(4.23e+02)
105:1(6.11e+02)2(4.60e+02)3(3.71e+02)0(3.52e+02)
106:2(8.55e+02)0(8.14e+02)3(1.44e+02)1(1.17e+02)
107:1(6.18e+02)2(5.35e+02)3(3.76e+02)0(3.51e+02)
108:2(5.26e+02)1(4.28e+02)3(4.15e+02)0(2.31e+02)
109:2(1.57e+03)1(1.50e+03)3(8.27e+02)0(6.70e+02)
110:2(2.89e+02)1(2.14e+02)0(1.72e+02)3(7.75e+01)
111:2(6.38e+02)0(3.40e+02)1(3.03e+02)3(2.96e+02)
112:1(2.48e+02)2(2.19e+02)3(1.84e+02)0(1.02e+02)
113:1(2.86e+02)2(2.60e+02)3(2.22e+02)0(1.68e+02)
114:3(7.36e+02)1(7.06e+02)2(5.73e+02)0(5.37e+02)
115:1(1.35e+03)2(1.07e+03)0(7.67e+02)3(6.47e+02)
116:1(1.52e+03)2(1.49e+03)3(9.97e+02)0(8.14e+02)
117:2(4.13e+02)0(3.16e+02)3(2.28e+02)1(1.78e+02)
118:2(5.40e+02)0(3.96e+02)1(3.59e+02)3(3.48e+02)
119:0(7.32e+02)1(6.89e+02)2(6.88e+02)3(5.91e+02)
120:3(2.29e+03)1(2.08e+03)2(1.69e+03)0(1.20e+03)
121:3(1.84e+03)2(1.10e+03)1(1.02e+03)0(7.98e+02)
122:0(2.22e+03)2(1.96e+03)1(1.49e+03)3(8.89e+02)
123:2(1.21e+03)0(1.01e+03)1(1.00e+03)3(8.15e+02)
124:2(2.03e+03)1(1.67e+03)0(1.65e+03)3(1.31e+03)
125:2(1.48e+03)0(1.20e+03)1(1.12e+03)3(9.30e+02)
126:1(7.59e+02)2(6.36e+02)0(6.16e+02)3(5.88e+02)
127:2(5.68e+02)0(5.49e+02)1(4.80e+02)3(3.13e+02)
128:2(9.39e+02)1(8.40e+02)0(7.71e+02)3(6.59e+02)
129:2(2.49e+03)0(1.78e+03)1(1.40e+03)3(1.16e+03)
130:2(1.30e+03)1(1.23e+03)3(9.18e+02)0(9.16e+02)
131:1(2.40e+03)3(2.31e+03)2(1.71e+03)0(1.57e+03)
132:3(6.13e+02)0(5.75e+02)1(5.25e+02)2(5.22e+02)
133:1(8.48e+02)0(7.29e+02)2(7.25e+02)3(6.62e+02)
134:2(7.45e+02)1(6.81e+02)0(6.12e+02)3(4.91e+02)
135:1(1.76e+03)3(1.53e+03)2(1.24e+03)0(1.17e+03)
136:3(1.93e+03)1(1.72e+03)2(1.40e+03)0(1.21e+03)
137:1(1.54e+03)3(1.52e+03)2(1.09e+03)0(1.05e+03)
138:1(4.62e+02)2(3.43e+02)3(3.20e+02)0(3.02e+02)
139:2(4.70e+02)1(4.31e+02)3(3.13e+02)0(2.62e+02)
140:1(4.17e+02)0(3.32e+02)2(3.28e+02)3(2.89e+02)
141:1(6.74e+02)2(6.02e+02)3(5.58e+02)0(4.90e+02)
142:2(5.00e+02)1(4.17e+02)0(4.01e+02)3(2.45e+02)
143:2(1.02e+03)0(7.43e+02)1(4.45e+02)3(4.04e+02)
144:1(9.32e+02)2(5.70e+02)3(2.05e+02)0(1.89e+02)
145:2(3.94e+03)1(2.78e+03)3(2.38e+03)0(1.37e+03)
146:2(6.68e+02)0(5.68e+02)1(4.06e+02)3(3.15e+02)
147:2(2.07e+03)0(1.75e+03)3(1.59e+03)1(1.56e+03)
148:2(6.73e+02)1(5.48e+02)3(4.41e+02)0(2.99e+02)
149:2(1.56e+03)1(1.28e+03)3(1.24e+03)0(9.12e+02)
150:2(5.29e+02)0(5.25e+02)3(4.07e+02)1(3.56e+02)
151:2(4.37e+02)0(3.98e+02)3(2.82e+02)1(2.60e+02)
152:1(4.04e+02)2(3.26e+02)3(2.79e+02)0(2.27e+02)
153:1(6.60e+02)2(6.16e+02)0(4.94e+02)3(4.38e+02)
154:2(8.88e+02)0(8.57e+02)1(6.88e+02)3(6.69e+02)
155:1(1.13e+03)3(6.76e+02)2(6.35e+02)0(5.00e+02)
156:2(9.46e+02)0(7.98e+02)3(7.87e+02)1(7.17e+02)
157:2(1.24e+03)0(1.05e+03)1(9.96e+02)3(5.14e+02)
158:1(9.13e+02)2(8.33e+02)0(3.55e+02)3(2.96e+02)
159:3(1.03e+03)1(8.48e+02)0(6.94e+02)2(6.40e+02)
160:2(1.75e+03)0(1.56e+03)1(8.01e+02)3(7.66e+02)
161:3(8.32e+02)1(8.20e+02)0(8.06e+02)2(6.95e+02)
162:2(1.40e+03)1(1.12e+03)0(1.09e+03)3(8.73e+02)
163:2(1.68e+03)1(1.53e+03)0(1.12e+03)3(1.10e+03)
164:1(1.41e+03)3(1.34e+03)2(9.38e+02)0(8.78e+02)
165:2(6.64e+03)0(5.31e+03)1(3.21e+03)3(2.33e+03)
166:1(8.28e+03)2(7.01e+03)3(3.92e+03)0(3.29e+03)
167:2(4.39e+03)1(4.11e+03)3(3.09e+03)0(2.98e+03)
168:1(3.31e+03)3(3.29e+03)2(2.47e+03)0(2.31e+03)
169:1(4.16e+03)3(4.16e+03)0(2.93e+03)2(2.90e+03)
170:2(4.18e+03)1(4.04e+03)0(2.70e+03)3(2.67e+03)
171:2(1.04e+03)1(1.04e+03)3(7.33e+02)0(6.85e+02)
172:1(6.12e+02)2(6.06e+02)0(5.47e+02)3(5.37e+02)
173:2(5.80e+02)1(4.99e+02)0(4.19e+02)3(3.82e+02)
174:3(1.19e+03)1(1.14e+03)0(9.42e+02)2(8.08e+02)
175:3(1.92e+03)2(1.78e+03)1(1.74e+03)0(1.54e+03)
176:1(1.68e+03)2(1.62e+03)0(1.49e+03)3(1.25e+03)
177:1(1.04e+03)2(8.53e+02)0(6.66e+02)3(4.29e+02)
178:0(6.37e+02)3(6.02e+02)1(5.92e+02)2(5.20e+02)
179:0(1.09e+03)3(1.01e+03)1(9.11e+02)2(8.47e+02)
180:0(5.00e+02)2(4.96e+02)1(4.74e+02)3(4.16e+02)
181:1(4.65e+02)2(4.13e+02)3(4.03e+02)0(2.72e+02)
182:2(4.46e+02)0(4.20e+02)1(3.34e+02)3(1.82e+02)
183:2(7.16e+02)0(5.50e+02)3(4.99e+02)1(4.05e+02)
184:3(7.66e+02)0(7.00e+02)1(5.80e+02)2(5.32e+02)
185:1(8.46e+02)3(8.19e+02)2(6.66e+02)0(6.31e+02)
186:2(5.51e+02)1(5.28e+02)0(4.78e+02)3(4.00e+02)
187:2(3.60e+02)1(3.13e+02)3(2.90e+02)0(2.35e+02)
188:1(4.75e+02)3(4.44e+02)2(3.92e+02)0(2.00e+02)
189:2(3.26e+02)1(3.11e+02)3(1.93e+02)0(1.16e+02)
190:1(3.28e+02)3(2.81e+02)0(2.60e+02)2(2.57e+02)
191:1(4.67e+02)2(3.70e+02)3(2.37e+02)0(2.25e+02)
192:3(2.72e+02)1(2.17e+02)0(2.15e+02)2(1.81e+02)
193:1(1.03e+03)2(8.46e+02)3(8.34e+02)0(6.96e+02)
194:2(6.84e+02)1(4.91e+02)3(4.30e+02)0(2.68e+02)
195:1(6.47e+02)0(5.65e+02)2(4.23e+02)3(3.89e+02)
196:1(4.63e+02)0(4.40e+02)2(3.52e+02)3(3.41e+02)
197:1(6.39e+02)2(4.39e+02)0(3.94e+02)3(3.54e+02)
198:1(5.70e+02)0(3.43e+02)3(3.05e+02)2(2.93e+02)
199:1(1.45e+03)3(1.23e+03)2(1.23e+03)0(7.41e+02)
200:2(6.01e+02)1(5.87e+02)3(5.58e+02)0(4.94e+02)
201:1(1.94e+03)2(1.83e+03)0(1.76e+03)3(8.97e+02)
202:1(2.22e+03)2(1.93e+03)0(1.40e+03)3(1.23e+03)
203:3(3.95e+03)1(3.77e+03)0(2.78e+03)2(2.66e+03)
204:2(1.25e+03)3(9.46e+02)1(9.28e+02)0(9.02e+02)
205:2(1.36e+03)1(1.18e+03)3(1.07e+03)0(8.37e+02)
206:1(1.54e+03)2(1.49e+03)3(1.08e+03)0(9.69e+02)
207:1(8.95e+02)2(6.22e+02)0(5.03e+02)3(5.02e+02)
208:1(1.21e+03)2(1.05e+03)0(9.32e+02)3(8.03e+02)
209:2(4.77e+02)1(4.72e+02)0(3.19e+02)3(2.41e+02)INFO: s3mixw_io.c(233): Wrote ./model_parameters/huanluyen_diadiem.cd_cont_initial/mixture_weights [210x1x8 array]
INFO: s3gau_io.c(228): Wrote ./model_parameters/huanluyen_diadiem.cd_cont_initial/means [210x1x8 array]
INFO: s3gau_io.c(228): Wrote ./model_parameters/huanluyen_diadiem.cd_cont_initial/variances [210x1x8 array]

Fri Dec 29 09:16:31 2017
